
*** Running vivado
    with args -log control_sub_axis_fifo_10g_rx_0.vds -m64 -product Vivado -mode batch -messageDb vivado.pb -notrace -source control_sub_axis_fifo_10g_rx_0.tcl


****** Vivado v2018.2 (64-bit)
  **** SW Build 2258646 on Thu Jun 14 20:02:38 MDT 2018
  **** IP Build 2256618 on Thu Jun 14 22:10:49 MDT 2018
    ** Copyright 1986-2018 Xilinx, Inc. All Rights Reserved.

source control_sub_axis_fifo_10g_rx_0.tcl -notrace
Command: synth_design -top control_sub_axis_fifo_10g_rx_0 -part xc7vx690tffg1761-3 -mode out_of_context
Starting synth_design
Attempting to get a license for feature 'Synthesis' and/or device 'xc7vx690t'
INFO: [Common 17-349] Got license for feature 'Synthesis' and/or device 'xc7vx690t'
INFO: [Common 17-86] Your Synthesis license expires in 24 day(s)
INFO: Launching helper process for spawning children vivado processes
INFO: Helper process launched with PID 27447 
---------------------------------------------------------------------------------
Starting RTL Elaboration : Time (s): cpu = 00:00:05 ; elapsed = 00:00:11 . Memory (MB): peak = 1309.047 ; gain = 88.000 ; free physical = 2310 ; free virtual = 13024
---------------------------------------------------------------------------------
INFO: [Synth 8-6157] synthesizing module 'control_sub_axis_fifo_10g_rx_0' [/home/jkchoi/Documents/git/p4-netfpga-live/contrib-projects/sume-sdnet-switch/projects/switch_calc_pifo/simple_sume_switch/hw/project/simple_sume_switch.srcs/sources_1/bd/control_sub/ip/control_sub_axis_fifo_10g_rx_0/synth/control_sub_axis_fifo_10g_rx_0.v:57]
INFO: [Synth 8-6157] synthesizing module 'axis_data_fifo_v1_1_18_axis_data_fifo' [/home/jkchoi/Documents/git/p4-netfpga-live/contrib-projects/sume-sdnet-switch/projects/switch_calc_pifo/simple_sume_switch/hw/project/simple_sume_switch.srcs/sources_1/bd/control_sub/ipshared/5738/hdl/axis_data_fifo_v1_1_vl_rfs.v:62]
	Parameter C_FAMILY bound to: virtex7 - type: string 
	Parameter C_AXIS_TDATA_WIDTH bound to: 128 - type: integer 
	Parameter C_AXIS_TID_WIDTH bound to: 1 - type: integer 
	Parameter C_AXIS_TDEST_WIDTH bound to: 1 - type: integer 
	Parameter C_AXIS_TUSER_WIDTH bound to: 128 - type: integer 
	Parameter C_AXIS_SIGNAL_SET bound to: 32'b00000000000000000000000010011011 
	Parameter C_FIFO_DEPTH bound to: 32 - type: integer 
	Parameter C_FIFO_MODE bound to: 1 - type: integer 
	Parameter C_IS_ACLK_ASYNC bound to: 1 - type: integer 
	Parameter C_SYNCHRONIZER_STAGE bound to: 2 - type: integer 
	Parameter C_ACLKEN_CONV_MODE bound to: 0 - type: integer 
	Parameter G_INDX_SS_TREADY bound to: 0 - type: integer 
	Parameter G_INDX_SS_TDATA bound to: 1 - type: integer 
	Parameter G_INDX_SS_TSTRB bound to: 2 - type: integer 
	Parameter G_INDX_SS_TKEEP bound to: 3 - type: integer 
	Parameter G_INDX_SS_TLAST bound to: 4 - type: integer 
	Parameter G_INDX_SS_TID bound to: 5 - type: integer 
	Parameter G_INDX_SS_TDEST bound to: 6 - type: integer 
	Parameter G_INDX_SS_TUSER bound to: 7 - type: integer 
	Parameter G_MASK_SS_TREADY bound to: 1 - type: integer 
	Parameter G_MASK_SS_TDATA bound to: 2 - type: integer 
	Parameter G_MASK_SS_TSTRB bound to: 4 - type: integer 
	Parameter G_MASK_SS_TKEEP bound to: 8 - type: integer 
	Parameter G_MASK_SS_TLAST bound to: 16 - type: integer 
	Parameter G_MASK_SS_TID bound to: 32 - type: integer 
	Parameter G_MASK_SS_TDEST bound to: 64 - type: integer 
	Parameter G_MASK_SS_TUSER bound to: 128 - type: integer 
	Parameter G_TASK_SEVERITY_ERR bound to: 2 - type: integer 
	Parameter G_TASK_SEVERITY_WARNING bound to: 1 - type: integer 
	Parameter G_TASK_SEVERITY_INFO bound to: 0 - type: integer 
	Parameter P_TREADY_EXISTS bound to: 1 - type: integer 
	Parameter P_TDATA_EXISTS bound to: 1 - type: integer 
	Parameter P_TSTRB_EXISTS bound to: 0 - type: integer 
	Parameter P_TKEEP_EXISTS bound to: 1 - type: integer 
	Parameter P_TLAST_EXISTS bound to: 1 - type: integer 
	Parameter P_TID_EXISTS bound to: 0 - type: integer 
	Parameter P_TDEST_EXISTS bound to: 0 - type: integer 
	Parameter P_TUSER_EXISTS bound to: 1 - type: integer 
	Parameter P_AXIS_PAYLOAD_WIDTH bound to: 273 - type: integer 
	Parameter P_WR_PNTR_WIDTH bound to: 5 - type: integer 
	Parameter P_FIFO_COUNT_WIDTH bound to: 6 - type: integer 
	Parameter P_FIFO_TYPE bound to: 2 - type: integer 
	Parameter P_IMPLEMENTATION_TYPE_AXIS bound to: 12 - type: integer 
	Parameter P_COMMON_CLOCK bound to: 0 - type: integer 
	Parameter P_MSGON_VAL bound to: 0 - type: integer 
	Parameter P_APPLICATION_TYPE_AXIS bound to: 0 - type: integer 
	Parameter LP_S_ACLKEN_CAN_TOGGLE bound to: 0 - type: integer 
	Parameter LP_M_ACLKEN_CAN_TOGGLE bound to: 0 - type: integer 
	Parameter C_DIN_WIDTH bound to: 18 - type: integer 
	Parameter C_RD_PNTR_WIDTH bound to: 10 - type: integer 
	Parameter C_WR_PNTR_WIDTH bound to: 10 - type: integer 
	Parameter C_DOUT_WIDTH bound to: 18 - type: integer 
	Parameter C_DATA_COUNT_WIDTH bound to: 10 - type: integer 
	Parameter C_RD_DATA_COUNT_WIDTH bound to: 10 - type: integer 
	Parameter C_WR_DATA_COUNT_WIDTH bound to: 10 - type: integer 
	Parameter C_AXI_ID_WIDTH bound to: 4 - type: integer 
	Parameter C_AXI_ADDR_WIDTH bound to: 32 - type: integer 
	Parameter C_AXI_DATA_WIDTH bound to: 64 - type: integer 
	Parameter C_AXI_AWUSER_WIDTH bound to: 1 - type: integer 
	Parameter C_AXI_ARUSER_WIDTH bound to: 1 - type: integer 
	Parameter C_AXI_RUSER_WIDTH bound to: 1 - type: integer 
	Parameter C_AXI_BUSER_WIDTH bound to: 1 - type: integer 
	Parameter C_AXI_WUSER_WIDTH bound to: 1 - type: integer 
	Parameter C_WR_PNTR_WIDTH_RACH bound to: 4 - type: integer 
	Parameter C_WR_PNTR_WIDTH_RDCH bound to: 10 - type: integer 
	Parameter C_WR_PNTR_WIDTH_WACH bound to: 4 - type: integer 
	Parameter C_WR_PNTR_WIDTH_WDCH bound to: 10 - type: integer 
	Parameter C_WR_PNTR_WIDTH_WRCH bound to: 4 - type: integer 
	Parameter C_RD_PNTR_WIDTH_RACH bound to: 4 - type: integer 
	Parameter C_RD_PNTR_WIDTH_RDCH bound to: 10 - type: integer 
	Parameter C_RD_PNTR_WIDTH_WACH bound to: 4 - type: integer 
	Parameter C_RD_PNTR_WIDTH_WDCH bound to: 10 - type: integer 
	Parameter C_RD_PNTR_WIDTH_WRCH bound to: 4 - type: integer 
	Parameter C_WR_PNTR_WIDTH_AXIS bound to: 5 - type: integer 
INFO: [Synth 8-5534] Detected attribute (* KEEP = "TRUE" *) [/home/jkchoi/Documents/git/p4-netfpga-live/contrib-projects/sume-sdnet-switch/projects/switch_calc_pifo/simple_sume_switch/hw/project/simple_sume_switch.srcs/sources_1/bd/control_sub/ipshared/5738/hdl/axis_data_fifo_v1_1_vl_rfs.v:181]
INFO: [Synth 8-6157] synthesizing module 'xpm_cdc_sync_rst' [/tools/Xilinx/Vivado/2018.2/data/ip/xpm/xpm_cdc/hdl/xpm_cdc.sv:1055]
	Parameter DEST_SYNC_FF bound to: 2 - type: integer 
	Parameter INIT bound to: 32'sb00000000000000000000000000000001 
	Parameter INIT_SYNC_FF bound to: 0 - type: integer 
	Parameter SIM_ASSERT_CHK bound to: 0 - type: integer 
	Parameter VERSION bound to: 0 - type: integer 
	Parameter DEF_VAL bound to: 1'b1 
INFO: [Synth 8-5534] Detected attribute (* ASYNC_REG = "TRUE" *) [/tools/Xilinx/Vivado/2018.2/data/ip/xpm/xpm_cdc/hdl/xpm_cdc.sv:1107]
INFO: [Synth 8-6155] done synthesizing module 'xpm_cdc_sync_rst' (1#1) [/tools/Xilinx/Vivado/2018.2/data/ip/xpm/xpm_cdc/hdl/xpm_cdc.sv:1055]
INFO: [Synth 8-6157] synthesizing module 'axis_infrastructure_v1_1_0_util_aclken_converter_wrapper' [/home/jkchoi/Documents/git/p4-netfpga-live/contrib-projects/sume-sdnet-switch/projects/switch_calc_pifo/simple_sume_switch/hw/project/simple_sume_switch.srcs/sources_1/bd/control_sub/ipshared/0ab1/hdl/axis_infrastructure_v1_1_vl_rfs.v:600]
	Parameter C_TDATA_WIDTH bound to: 128 - type: integer 
	Parameter C_TID_WIDTH bound to: 1 - type: integer 
	Parameter C_TDEST_WIDTH bound to: 1 - type: integer 
	Parameter C_TUSER_WIDTH bound to: 128 - type: integer 
	Parameter C_SIGNAL_SET bound to: 255 - type: integer 
	Parameter C_S_ACLKEN_CAN_TOGGLE bound to: 0 - type: integer 
	Parameter C_M_ACLKEN_CAN_TOGGLE bound to: 0 - type: integer 
	Parameter G_INDX_SS_TREADY bound to: 0 - type: integer 
	Parameter G_INDX_SS_TDATA bound to: 1 - type: integer 
	Parameter G_INDX_SS_TSTRB bound to: 2 - type: integer 
	Parameter G_INDX_SS_TKEEP bound to: 3 - type: integer 
	Parameter G_INDX_SS_TLAST bound to: 4 - type: integer 
	Parameter G_INDX_SS_TID bound to: 5 - type: integer 
	Parameter G_INDX_SS_TDEST bound to: 6 - type: integer 
	Parameter G_INDX_SS_TUSER bound to: 7 - type: integer 
	Parameter G_MASK_SS_TREADY bound to: 1 - type: integer 
	Parameter G_MASK_SS_TDATA bound to: 2 - type: integer 
	Parameter G_MASK_SS_TSTRB bound to: 4 - type: integer 
	Parameter G_MASK_SS_TKEEP bound to: 8 - type: integer 
	Parameter G_MASK_SS_TLAST bound to: 16 - type: integer 
	Parameter G_MASK_SS_TID bound to: 32 - type: integer 
	Parameter G_MASK_SS_TDEST bound to: 64 - type: integer 
	Parameter G_MASK_SS_TUSER bound to: 128 - type: integer 
	Parameter G_TASK_SEVERITY_ERR bound to: 2 - type: integer 
	Parameter G_TASK_SEVERITY_WARNING bound to: 1 - type: integer 
	Parameter G_TASK_SEVERITY_INFO bound to: 0 - type: integer 
	Parameter P_TPAYLOAD_WIDTH bound to: 291 - type: integer 
INFO: [Synth 8-6157] synthesizing module 'axis_infrastructure_v1_1_0_util_axis2vector' [/home/jkchoi/Documents/git/p4-netfpga-live/contrib-projects/sume-sdnet-switch/projects/switch_calc_pifo/simple_sume_switch/hw/project/simple_sume_switch.srcs/sources_1/bd/control_sub/ipshared/0ab1/hdl/axis_infrastructure_v1_1_vl_rfs.v:810]
	Parameter C_TDATA_WIDTH bound to: 128 - type: integer 
	Parameter C_TID_WIDTH bound to: 1 - type: integer 
	Parameter C_TDEST_WIDTH bound to: 1 - type: integer 
	Parameter C_TUSER_WIDTH bound to: 128 - type: integer 
	Parameter C_TPAYLOAD_WIDTH bound to: 291 - type: integer 
	Parameter C_SIGNAL_SET bound to: 255 - type: integer 
	Parameter G_INDX_SS_TREADY bound to: 0 - type: integer 
	Parameter G_INDX_SS_TDATA bound to: 1 - type: integer 
	Parameter G_INDX_SS_TSTRB bound to: 2 - type: integer 
	Parameter G_INDX_SS_TKEEP bound to: 3 - type: integer 
	Parameter G_INDX_SS_TLAST bound to: 4 - type: integer 
	Parameter G_INDX_SS_TID bound to: 5 - type: integer 
	Parameter G_INDX_SS_TDEST bound to: 6 - type: integer 
	Parameter G_INDX_SS_TUSER bound to: 7 - type: integer 
	Parameter G_MASK_SS_TREADY bound to: 1 - type: integer 
	Parameter G_MASK_SS_TDATA bound to: 2 - type: integer 
	Parameter G_MASK_SS_TSTRB bound to: 4 - type: integer 
	Parameter G_MASK_SS_TKEEP bound to: 8 - type: integer 
	Parameter G_MASK_SS_TLAST bound to: 16 - type: integer 
	Parameter G_MASK_SS_TID bound to: 32 - type: integer 
	Parameter G_MASK_SS_TDEST bound to: 64 - type: integer 
	Parameter G_MASK_SS_TUSER bound to: 128 - type: integer 
	Parameter G_TASK_SEVERITY_ERR bound to: 2 - type: integer 
	Parameter G_TASK_SEVERITY_WARNING bound to: 1 - type: integer 
	Parameter G_TASK_SEVERITY_INFO bound to: 0 - type: integer 
	Parameter P_TDATA_INDX bound to: 0 - type: integer 
	Parameter P_TSTRB_INDX bound to: 128 - type: integer 
	Parameter P_TKEEP_INDX bound to: 144 - type: integer 
	Parameter P_TLAST_INDX bound to: 160 - type: integer 
	Parameter P_TID_INDX bound to: 161 - type: integer 
	Parameter P_TDEST_INDX bound to: 162 - type: integer 
	Parameter P_TUSER_INDX bound to: 163 - type: integer 
INFO: [Synth 8-6155] done synthesizing module 'axis_infrastructure_v1_1_0_util_axis2vector' (2#1) [/home/jkchoi/Documents/git/p4-netfpga-live/contrib-projects/sume-sdnet-switch/projects/switch_calc_pifo/simple_sume_switch/hw/project/simple_sume_switch.srcs/sources_1/bd/control_sub/ipshared/0ab1/hdl/axis_infrastructure_v1_1_vl_rfs.v:810]
INFO: [Synth 8-6157] synthesizing module 'axis_infrastructure_v1_1_0_util_vector2axis' [/home/jkchoi/Documents/git/p4-netfpga-live/contrib-projects/sume-sdnet-switch/projects/switch_calc_pifo/simple_sume_switch/hw/project/simple_sume_switch.srcs/sources_1/bd/control_sub/ipshared/0ab1/hdl/axis_infrastructure_v1_1_vl_rfs.v:992]
	Parameter C_TDATA_WIDTH bound to: 128 - type: integer 
	Parameter C_TID_WIDTH bound to: 1 - type: integer 
	Parameter C_TDEST_WIDTH bound to: 1 - type: integer 
	Parameter C_TUSER_WIDTH bound to: 128 - type: integer 
	Parameter C_TPAYLOAD_WIDTH bound to: 291 - type: integer 
	Parameter C_SIGNAL_SET bound to: 255 - type: integer 
	Parameter G_INDX_SS_TREADY bound to: 0 - type: integer 
	Parameter G_INDX_SS_TDATA bound to: 1 - type: integer 
	Parameter G_INDX_SS_TSTRB bound to: 2 - type: integer 
	Parameter G_INDX_SS_TKEEP bound to: 3 - type: integer 
	Parameter G_INDX_SS_TLAST bound to: 4 - type: integer 
	Parameter G_INDX_SS_TID bound to: 5 - type: integer 
	Parameter G_INDX_SS_TDEST bound to: 6 - type: integer 
	Parameter G_INDX_SS_TUSER bound to: 7 - type: integer 
	Parameter G_MASK_SS_TREADY bound to: 1 - type: integer 
	Parameter G_MASK_SS_TDATA bound to: 2 - type: integer 
	Parameter G_MASK_SS_TSTRB bound to: 4 - type: integer 
	Parameter G_MASK_SS_TKEEP bound to: 8 - type: integer 
	Parameter G_MASK_SS_TLAST bound to: 16 - type: integer 
	Parameter G_MASK_SS_TID bound to: 32 - type: integer 
	Parameter G_MASK_SS_TDEST bound to: 64 - type: integer 
	Parameter G_MASK_SS_TUSER bound to: 128 - type: integer 
	Parameter G_TASK_SEVERITY_ERR bound to: 2 - type: integer 
	Parameter G_TASK_SEVERITY_WARNING bound to: 1 - type: integer 
	Parameter G_TASK_SEVERITY_INFO bound to: 0 - type: integer 
	Parameter P_TDATA_INDX bound to: 0 - type: integer 
	Parameter P_TSTRB_INDX bound to: 128 - type: integer 
	Parameter P_TKEEP_INDX bound to: 144 - type: integer 
	Parameter P_TLAST_INDX bound to: 160 - type: integer 
	Parameter P_TID_INDX bound to: 161 - type: integer 
	Parameter P_TDEST_INDX bound to: 162 - type: integer 
	Parameter P_TUSER_INDX bound to: 163 - type: integer 
INFO: [Synth 8-6155] done synthesizing module 'axis_infrastructure_v1_1_0_util_vector2axis' (3#1) [/home/jkchoi/Documents/git/p4-netfpga-live/contrib-projects/sume-sdnet-switch/projects/switch_calc_pifo/simple_sume_switch/hw/project/simple_sume_switch.srcs/sources_1/bd/control_sub/ipshared/0ab1/hdl/axis_infrastructure_v1_1_vl_rfs.v:992]
INFO: [Synth 8-6155] done synthesizing module 'axis_infrastructure_v1_1_0_util_aclken_converter_wrapper' (4#1) [/home/jkchoi/Documents/git/p4-netfpga-live/contrib-projects/sume-sdnet-switch/projects/switch_calc_pifo/simple_sume_switch/hw/project/simple_sume_switch.srcs/sources_1/bd/control_sub/ipshared/0ab1/hdl/axis_infrastructure_v1_1_vl_rfs.v:600]
INFO: [Synth 8-6157] synthesizing module 'xpm_cdc_async_rst' [/tools/Xilinx/Vivado/2018.2/data/ip/xpm/xpm_cdc/hdl/xpm_cdc.sv:1171]
INFO: [Synth 8-5534] Detected attribute (* ASYNC_REG = "TRUE" *) [/tools/Xilinx/Vivado/2018.2/data/ip/xpm/xpm_cdc/hdl/xpm_cdc.sv:1222]
INFO: [Synth 8-6155] done synthesizing module 'xpm_cdc_async_rst' (5#1) [/tools/Xilinx/Vivado/2018.2/data/ip/xpm/xpm_cdc/hdl/xpm_cdc.sv:1171]
INFO: [Synth 8-6157] synthesizing module 'xpm_cdc_single' [/tools/Xilinx/Vivado/2018.2/data/ip/xpm/xpm_cdc/hdl/xpm_cdc.sv:153]
INFO: [Synth 8-5534] Detected attribute (* ASYNC_REG = "TRUE" *) [/tools/Xilinx/Vivado/2018.2/data/ip/xpm/xpm_cdc/hdl/xpm_cdc.sv:205]
INFO: [Synth 8-6155] done synthesizing module 'xpm_cdc_single' (6#1) [/tools/Xilinx/Vivado/2018.2/data/ip/xpm/xpm_cdc/hdl/xpm_cdc.sv:153]
INFO: [Synth 8-6157] synthesizing module 'xpm_cdc_gray' [/tools/Xilinx/Vivado/2018.2/data/ip/xpm/xpm_cdc/hdl/xpm_cdc.sv:284]
INFO: [Synth 8-5534] Detected attribute (* ASYNC_REG = "TRUE" *) [/tools/Xilinx/Vivado/2018.2/data/ip/xpm/xpm_cdc/hdl/xpm_cdc.sv:358]
INFO: [Synth 8-6155] done synthesizing module 'xpm_cdc_gray' (11#1) [/tools/Xilinx/Vivado/2018.2/data/ip/xpm/xpm_cdc/hdl/xpm_cdc.sv:284]
INFO: [Synth 8-6155] done synthesizing module 'axis_data_fifo_v1_1_18_axis_data_fifo' (28#1) [/home/jkchoi/Documents/git/p4-netfpga-live/contrib-projects/sume-sdnet-switch/projects/switch_calc_pifo/simple_sume_switch/hw/project/simple_sume_switch.srcs/sources_1/bd/control_sub/ipshared/5738/hdl/axis_data_fifo_v1_1_vl_rfs.v:62]
INFO: [Synth 8-6155] done synthesizing module 'control_sub_axis_fifo_10g_rx_0' (29#1) [/home/jkchoi/Documents/git/p4-netfpga-live/contrib-projects/sume-sdnet-switch/projects/switch_calc_pifo/simple_sume_switch/hw/project/simple_sume_switch.srcs/sources_1/bd/control_sub/ip/control_sub_axis_fifo_10g_rx_0/synth/control_sub_axis_fifo_10g_rx_0.v:57]
WARNING: [Synth 8-3331] design axis_infrastructure_v1_1_0_util_aclken_converter_wrapper has unconnected port ACLK
WARNING: [Synth 8-3331] design axis_infrastructure_v1_1_0_util_aclken_converter_wrapper has unconnected port ARESETN
WARNING: [Synth 8-3331] design axis_infrastructure_v1_1_0_util_aclken_converter_wrapper has unconnected port S_ACLKEN
WARNING: [Synth 8-3331] design axis_infrastructure_v1_1_0_util_aclken_converter_wrapper has unconnected port M_ACLKEN
WARNING: [Synth 8-3331] design wr_dc_fwft_ext_as has unconnected port SRST
WARNING: [Synth 8-3331] design wr_status_flags_as has unconnected port WR_RST
WARNING: [Synth 8-3331] design wr_status_flags_as has unconnected port SRST
WARNING: [Synth 8-3331] design wr_status_flags_as has unconnected port SAFETY_CKT_WR_RST
WARNING: [Synth 8-3331] design wr_status_flags_as has unconnected port WR_PNTR_PLUS3[4]
WARNING: [Synth 8-3331] design wr_status_flags_as has unconnected port WR_PNTR_PLUS3[3]
WARNING: [Synth 8-3331] design wr_status_flags_as has unconnected port WR_PNTR_PLUS3[2]
WARNING: [Synth 8-3331] design wr_status_flags_as has unconnected port WR_PNTR_PLUS3[1]
WARNING: [Synth 8-3331] design wr_status_flags_as has unconnected port WR_PNTR_PLUS3[0]
WARNING: [Synth 8-3331] design wr_bin_cntr has unconnected port SRST
WARNING: [Synth 8-3331] design wr_logic has unconnected port WR_EN_INTO_LOGIC
WARNING: [Synth 8-3331] design wr_logic has unconnected port WR_RST_INTO_LOGIC
WARNING: [Synth 8-3331] design wr_logic has unconnected port RD_EN
WARNING: [Synth 8-3331] design wr_logic has unconnected port SRST_FULL_FF
WARNING: [Synth 8-3331] design wr_logic has unconnected port WR_RST_BUSY
WARNING: [Synth 8-3331] design wr_logic has unconnected port EMPTY
WARNING: [Synth 8-3331] design wr_logic has unconnected port RAM_RD_EN
WARNING: [Synth 8-3331] design wr_logic has unconnected port ALMOST_EMPTY
WARNING: [Synth 8-3331] design wr_logic has unconnected port PROG_FULL_THRESH[4]
WARNING: [Synth 8-3331] design wr_logic has unconnected port PROG_FULL_THRESH[3]
WARNING: [Synth 8-3331] design wr_logic has unconnected port PROG_FULL_THRESH[2]
WARNING: [Synth 8-3331] design wr_logic has unconnected port PROG_FULL_THRESH[1]
WARNING: [Synth 8-3331] design wr_logic has unconnected port PROG_FULL_THRESH[0]
WARNING: [Synth 8-3331] design wr_logic has unconnected port PROG_FULL_THRESH_ASSERT[4]
WARNING: [Synth 8-3331] design wr_logic has unconnected port PROG_FULL_THRESH_ASSERT[3]
WARNING: [Synth 8-3331] design wr_logic has unconnected port PROG_FULL_THRESH_ASSERT[2]
WARNING: [Synth 8-3331] design wr_logic has unconnected port PROG_FULL_THRESH_ASSERT[1]
WARNING: [Synth 8-3331] design wr_logic has unconnected port PROG_FULL_THRESH_ASSERT[0]
WARNING: [Synth 8-3331] design wr_logic has unconnected port PROG_FULL_THRESH_NEGATE[4]
WARNING: [Synth 8-3331] design wr_logic has unconnected port PROG_FULL_THRESH_NEGATE[3]
WARNING: [Synth 8-3331] design wr_logic has unconnected port PROG_FULL_THRESH_NEGATE[2]
WARNING: [Synth 8-3331] design wr_logic has unconnected port PROG_FULL_THRESH_NEGATE[1]
WARNING: [Synth 8-3331] design wr_logic has unconnected port PROG_FULL_THRESH_NEGATE[0]
WARNING: [Synth 8-3331] design rd_dc_fwft_ext_as has unconnected port SRST
WARNING: [Synth 8-3331] design rd_dc_fwft_ext_as has unconnected port EMPTY_FWFT
WARNING: [Synth 8-3331] design rd_dc_fwft_ext_as has unconnected port ALMOST_EMPTY_FWFT
WARNING: [Synth 8-3331] design rd_fwft has unconnected port SRST
WARNING: [Synth 8-3331] design rd_fwft has unconnected port SAFETY_CKT_RD_RST
WARNING: [Synth 8-3331] design rd_fwft has unconnected port RAM_ALMOST_EMPTY
WARNING: [Synth 8-3331] design rd_status_flags_as has unconnected port SRST
WARNING: [Synth 8-3331] design rd_status_flags_as has unconnected port SAFETY_CKT_RD_RST
WARNING: [Synth 8-3331] design rd_status_flags_as has unconnected port RD_PNTR_PLUS2[4]
WARNING: [Synth 8-3331] design rd_status_flags_as has unconnected port RD_PNTR_PLUS2[3]
WARNING: [Synth 8-3331] design rd_status_flags_as has unconnected port RD_PNTR_PLUS2[2]
WARNING: [Synth 8-3331] design rd_status_flags_as has unconnected port RD_PNTR_PLUS2[1]
WARNING: [Synth 8-3331] design rd_status_flags_as has unconnected port RD_PNTR_PLUS2[0]
WARNING: [Synth 8-3331] design rd_bin_cntr has unconnected port SRST
WARNING: [Synth 8-3331] design rd_logic has unconnected port RD_EN_INTO_LOGIC
WARNING: [Synth 8-3331] design rd_logic has unconnected port RD_RST_INTO_LOGIC
WARNING: [Synth 8-3331] design rd_logic has unconnected port RD_RST_BUSY
WARNING: [Synth 8-3331] design rd_logic has unconnected port RAM_WR_EN
WARNING: [Synth 8-3331] design rd_logic has unconnected port RST_FULL_FF
WARNING: [Synth 8-3331] design rd_logic has unconnected port ALMOST_FULL_FB
WARNING: [Synth 8-3331] design rd_logic has unconnected port FULL
WARNING: [Synth 8-3331] design rd_logic has unconnected port WR_PNTR_PLUS1_RD[4]
WARNING: [Synth 8-3331] design rd_logic has unconnected port WR_PNTR_PLUS1_RD[3]
WARNING: [Synth 8-3331] design rd_logic has unconnected port WR_PNTR_PLUS1_RD[2]
WARNING: [Synth 8-3331] design rd_logic has unconnected port WR_PNTR_PLUS1_RD[1]
WARNING: [Synth 8-3331] design rd_logic has unconnected port WR_PNTR_PLUS1_RD[0]
WARNING: [Synth 8-3331] design rd_logic has unconnected port PROG_EMPTY_THRESH[4]
WARNING: [Synth 8-3331] design rd_logic has unconnected port PROG_EMPTY_THRESH[3]
WARNING: [Synth 8-3331] design rd_logic has unconnected port PROG_EMPTY_THRESH[2]
WARNING: [Synth 8-3331] design rd_logic has unconnected port PROG_EMPTY_THRESH[1]
WARNING: [Synth 8-3331] design rd_logic has unconnected port PROG_EMPTY_THRESH[0]
WARNING: [Synth 8-3331] design rd_logic has unconnected port PROG_EMPTY_THRESH_ASSERT[4]
WARNING: [Synth 8-3331] design rd_logic has unconnected port PROG_EMPTY_THRESH_ASSERT[3]
WARNING: [Synth 8-3331] design rd_logic has unconnected port PROG_EMPTY_THRESH_ASSERT[2]
WARNING: [Synth 8-3331] design rd_logic has unconnected port PROG_EMPTY_THRESH_ASSERT[1]
WARNING: [Synth 8-3331] design rd_logic has unconnected port PROG_EMPTY_THRESH_ASSERT[0]
WARNING: [Synth 8-3331] design rd_logic has unconnected port PROG_EMPTY_THRESH_NEGATE[4]
WARNING: [Synth 8-3331] design rd_logic has unconnected port PROG_EMPTY_THRESH_NEGATE[3]
WARNING: [Synth 8-3331] design rd_logic has unconnected port PROG_EMPTY_THRESH_NEGATE[2]
WARNING: [Synth 8-3331] design rd_logic has unconnected port PROG_EMPTY_THRESH_NEGATE[1]
WARNING: [Synth 8-3331] design rd_logic has unconnected port PROG_EMPTY_THRESH_NEGATE[0]
WARNING: [Synth 8-3331] design clk_x_pntrs has unconnected port WR_RST
WARNING: [Synth 8-3331] design clk_x_pntrs has unconnected port RD_RST
WARNING: [Synth 8-3331] design dmem has unconnected port SRST
WARNING: [Synth 8-3331] design memory has unconnected port FAB_REGOUT_EN
WARNING: [Synth 8-3331] design memory has unconnected port SFT_RST
WARNING: [Synth 8-3331] design memory has unconnected port SRST
WARNING: [Synth 8-3331] design memory has unconnected port SAFETY_CKT_RD_RST
WARNING: [Synth 8-3331] design memory has unconnected port SLEEP
WARNING: [Synth 8-3331] design memory has unconnected port INJECTDBITERR
WARNING: [Synth 8-3331] design memory has unconnected port INJECTSBITERR
WARNING: [Synth 8-3331] design output_blk has unconnected port ALMOST_FULL_I
WARNING: [Synth 8-3331] design output_blk has unconnected port PROG_FULL_I
WARNING: [Synth 8-3331] design output_blk has unconnected port ALMOST_EMPTY_I
WARNING: [Synth 8-3331] design output_blk has unconnected port PROG_EMPTY_I
WARNING: [Synth 8-3331] design output_blk has unconnected port WR_ACK_I
WARNING: [Synth 8-3331] design output_blk has unconnected port VALID_I
WARNING: [Synth 8-3331] design output_blk has unconnected port OVERFLOW_I
WARNING: [Synth 8-3331] design output_blk has unconnected port UNDERFLOW_I
WARNING: [Synth 8-3331] design output_blk has unconnected port DATA_COUNT_I[5]
WARNING: [Synth 8-3331] design output_blk has unconnected port DATA_COUNT_I[4]
WARNING: [Synth 8-3331] design output_blk has unconnected port DATA_COUNT_I[3]
WARNING: [Synth 8-3331] design output_blk has unconnected port DATA_COUNT_I[2]
INFO: [Common 17-14] Message 'Synth 8-3331' appears 100 times and further instances of the messages will be disabled. Use the Tcl command set_msg_config to change the current settings.
---------------------------------------------------------------------------------
Finished RTL Elaboration : Time (s): cpu = 00:00:12 ; elapsed = 00:00:22 . Memory (MB): peak = 1441.672 ; gain = 220.625 ; free physical = 2316 ; free virtual = 13030
---------------------------------------------------------------------------------

Report Check Netlist: 
+------+------------------+-------+---------+-------+------------------+
|      |Item              |Errors |Warnings |Status |Description       |
+------+------------------+-------+---------+-------+------------------+
|1     |multi_driven_nets |      0|        0|Passed |Multi driven nets |
+------+------------------+-------+---------+-------+------------------+
---------------------------------------------------------------------------------
Start Handling Custom Attributes
---------------------------------------------------------------------------------
---------------------------------------------------------------------------------
Finished Handling Custom Attributes : Time (s): cpu = 00:00:12 ; elapsed = 00:00:23 . Memory (MB): peak = 1441.672 ; gain = 220.625 ; free physical = 2317 ; free virtual = 13031
---------------------------------------------------------------------------------
---------------------------------------------------------------------------------
Finished RTL Optimization Phase 1 : Time (s): cpu = 00:00:12 ; elapsed = 00:00:23 . Memory (MB): peak = 1441.672 ; gain = 220.625 ; free physical = 2317 ; free virtual = 13031
---------------------------------------------------------------------------------
INFO: [Device 21-403] Loading part xc7vx690tffg1761-3
INFO: [Project 1-570] Preparing netlist for logic optimization

Processing XDC Constraints
Initializing timing engine
Parsing XDC File [/home/jkchoi/Documents/git/p4-netfpga-live/contrib-projects/sume-sdnet-switch/projects/switch_calc_pifo/simple_sume_switch/hw/project/simple_sume_switch.srcs/sources_1/bd/control_sub/ip/control_sub_axis_fifo_10g_rx_0/control_sub_axis_fifo_10g_rx_0_ooc.xdc] for cell 'inst'
Finished Parsing XDC File [/home/jkchoi/Documents/git/p4-netfpga-live/contrib-projects/sume-sdnet-switch/projects/switch_calc_pifo/simple_sume_switch/hw/project/simple_sume_switch.srcs/sources_1/bd/control_sub/ip/control_sub_axis_fifo_10g_rx_0/control_sub_axis_fifo_10g_rx_0_ooc.xdc] for cell 'inst'
Parsing XDC File [/home/jkchoi/Documents/git/p4-netfpga-live/contrib-projects/sume-sdnet-switch/projects/switch_calc_pifo/simple_sume_switch/hw/project/simple_sume_switch.srcs/sources_1/bd/control_sub/ip/control_sub_axis_fifo_10g_rx_0/control_sub_axis_fifo_10g_rx_0/control_sub_axis_fifo_10g_rx_0.xdc] for cell 'inst'
Finished Parsing XDC File [/home/jkchoi/Documents/git/p4-netfpga-live/contrib-projects/sume-sdnet-switch/projects/switch_calc_pifo/simple_sume_switch/hw/project/simple_sume_switch.srcs/sources_1/bd/control_sub/ip/control_sub_axis_fifo_10g_rx_0/control_sub_axis_fifo_10g_rx_0/control_sub_axis_fifo_10g_rx_0.xdc] for cell 'inst'
Parsing XDC File [/home/jkchoi/Documents/git/p4-netfpga-live/contrib-projects/sume-sdnet-switch/projects/switch_calc_pifo/simple_sume_switch/hw/project/simple_sume_switch.runs/control_sub_axis_fifo_10g_rx_0_synth_1/dont_touch.xdc]
Finished Parsing XDC File [/home/jkchoi/Documents/git/p4-netfpga-live/contrib-projects/sume-sdnet-switch/projects/switch_calc_pifo/simple_sume_switch/hw/project/simple_sume_switch.runs/control_sub_axis_fifo_10g_rx_0_synth_1/dont_touch.xdc]
Parsing XDC File [/home/jkchoi/Documents/git/p4-netfpga-live/contrib-projects/sume-sdnet-switch/projects/switch_calc_pifo/simple_sume_switch/hw/project/simple_sume_switch.srcs/sources_1/bd/control_sub/ip/control_sub_axis_fifo_10g_rx_0/control_sub_axis_fifo_10g_rx_0/control_sub_axis_fifo_10g_rx_0_clocks.xdc] for cell 'inst'
Finished Parsing XDC File [/home/jkchoi/Documents/git/p4-netfpga-live/contrib-projects/sume-sdnet-switch/projects/switch_calc_pifo/simple_sume_switch/hw/project/simple_sume_switch.srcs/sources_1/bd/control_sub/ip/control_sub_axis_fifo_10g_rx_0/control_sub_axis_fifo_10g_rx_0/control_sub_axis_fifo_10g_rx_0_clocks.xdc] for cell 'inst'
INFO: [Project 1-236] Implementation specific constraints were found while reading constraint file [/home/jkchoi/Documents/git/p4-netfpga-live/contrib-projects/sume-sdnet-switch/projects/switch_calc_pifo/simple_sume_switch/hw/project/simple_sume_switch.srcs/sources_1/bd/control_sub/ip/control_sub_axis_fifo_10g_rx_0/control_sub_axis_fifo_10g_rx_0/control_sub_axis_fifo_10g_rx_0_clocks.xdc]. These constraints will be ignored for synthesis but will be used in implementation. Impacted constraints are listed in the file [.Xil/control_sub_axis_fifo_10g_rx_0_propImpl.xdc].
Resolution: To avoid this warning, move constraints listed in [.Xil/control_sub_axis_fifo_10g_rx_0_propImpl.xdc] to another XDC file and exclude this new file from synthesis with the used_in_synthesis property (File Properties dialog in GUI) and re-run elaboration/synthesis.
Sourcing Tcl File [/tools/Xilinx/Vivado/2018.2/data/ip/xpm/xpm_cdc/tcl/xpm_cdc_async_rst.tcl] for cell 'inst/gen_fifo_generator.fifo_generator_inst/inst_fifo_gen/gaxis_fifo.gaxisf.axisf/grf.rf/rstblk/ngwrdrst.grst.g7serrst.gnsckt_wrst.gic_rst.rst_rd_reg2_inst'
Finished Sourcing Tcl File [/tools/Xilinx/Vivado/2018.2/data/ip/xpm/xpm_cdc/tcl/xpm_cdc_async_rst.tcl] for cell 'inst/gen_fifo_generator.fifo_generator_inst/inst_fifo_gen/gaxis_fifo.gaxisf.axisf/grf.rf/rstblk/ngwrdrst.grst.g7serrst.gnsckt_wrst.gic_rst.rst_rd_reg2_inst'
Sourcing Tcl File [/tools/Xilinx/Vivado/2018.2/data/ip/xpm/xpm_cdc/tcl/xpm_cdc_async_rst.tcl] for cell 'inst/gen_fifo_generator.fifo_generator_inst/inst_fifo_gen/gaxis_fifo.gaxisf.axisf/grf.rf/rstblk/ngwrdrst.grst.g7serrst.gnsckt_wrst.rst_wr_reg2_inst'
Finished Sourcing Tcl File [/tools/Xilinx/Vivado/2018.2/data/ip/xpm/xpm_cdc/tcl/xpm_cdc_async_rst.tcl] for cell 'inst/gen_fifo_generator.fifo_generator_inst/inst_fifo_gen/gaxis_fifo.gaxisf.axisf/grf.rf/rstblk/ngwrdrst.grst.g7serrst.gnsckt_wrst.rst_wr_reg2_inst'
INFO: [Project 1-236] Implementation specific constraints were found while reading constraint file [/tools/Xilinx/Vivado/2018.2/data/ip/xpm/xpm_cdc/tcl/xpm_cdc_async_rst.tcl]. These constraints will be ignored for synthesis but will be used in implementation. Impacted constraints are listed in the file [.Xil/control_sub_axis_fifo_10g_rx_0_propImpl.xdc].
Resolution: To avoid this warning, move constraints listed in [.Xil/control_sub_axis_fifo_10g_rx_0_propImpl.xdc] to another XDC file and exclude this new file from synthesis with the used_in_synthesis property (File Properties dialog in GUI) and re-run elaboration/synthesis.
Sourcing Tcl File [/tools/Xilinx/Vivado/2018.2/data/ip/xpm/xpm_cdc/tcl/xpm_cdc_gray.tcl] for cell 'inst/gen_fifo_generator.fifo_generator_inst/inst_fifo_gen/gaxis_fifo.gaxisf.axisf/grf.rf/gntv_or_sync_fifo.gcx.clkx/rd_pntr_cdc_inst'
Finished Sourcing Tcl File [/tools/Xilinx/Vivado/2018.2/data/ip/xpm/xpm_cdc/tcl/xpm_cdc_gray.tcl] for cell 'inst/gen_fifo_generator.fifo_generator_inst/inst_fifo_gen/gaxis_fifo.gaxisf.axisf/grf.rf/gntv_or_sync_fifo.gcx.clkx/rd_pntr_cdc_inst'
Sourcing Tcl File [/tools/Xilinx/Vivado/2018.2/data/ip/xpm/xpm_cdc/tcl/xpm_cdc_gray.tcl] for cell 'inst/gen_fifo_generator.fifo_generator_inst/inst_fifo_gen/gaxis_fifo.gaxisf.axisf/grf.rf/gntv_or_sync_fifo.gcx.clkx/wr_pntr_cdc_inst'
Finished Sourcing Tcl File [/tools/Xilinx/Vivado/2018.2/data/ip/xpm/xpm_cdc/tcl/xpm_cdc_gray.tcl] for cell 'inst/gen_fifo_generator.fifo_generator_inst/inst_fifo_gen/gaxis_fifo.gaxisf.axisf/grf.rf/gntv_or_sync_fifo.gcx.clkx/wr_pntr_cdc_inst'
INFO: [Project 1-236] Implementation specific constraints were found while reading constraint file [/tools/Xilinx/Vivado/2018.2/data/ip/xpm/xpm_cdc/tcl/xpm_cdc_gray.tcl]. These constraints will be ignored for synthesis but will be used in implementation. Impacted constraints are listed in the file [.Xil/control_sub_axis_fifo_10g_rx_0_propImpl.xdc].
Resolution: To avoid this warning, move constraints listed in [.Xil/control_sub_axis_fifo_10g_rx_0_propImpl.xdc] to another XDC file and exclude this new file from synthesis with the used_in_synthesis property (File Properties dialog in GUI) and re-run elaboration/synthesis.
Sourcing Tcl File [/tools/Xilinx/Vivado/2018.2/data/ip/xpm/xpm_cdc/tcl/xpm_cdc_single.tcl] for cell 'inst/gen_fifo_generator.fifo_generator_inst/inst_fifo_gen/gaxis_fifo.gaxisf.axisf/grf.rf/rstblk/ngwrdrst.grst.g7serrst.gnsckt_wrst.gic_rst.xpm_cdc_single_inst_rrst_wr'
Finished Sourcing Tcl File [/tools/Xilinx/Vivado/2018.2/data/ip/xpm/xpm_cdc/tcl/xpm_cdc_single.tcl] for cell 'inst/gen_fifo_generator.fifo_generator_inst/inst_fifo_gen/gaxis_fifo.gaxisf.axisf/grf.rf/rstblk/ngwrdrst.grst.g7serrst.gnsckt_wrst.gic_rst.xpm_cdc_single_inst_rrst_wr'
Sourcing Tcl File [/tools/Xilinx/Vivado/2018.2/data/ip/xpm/xpm_cdc/tcl/xpm_cdc_single.tcl] for cell 'inst/gen_fifo_generator.fifo_generator_inst/inst_fifo_gen/gaxis_fifo.gaxisf.axisf/grf.rf/rstblk/ngwrdrst.grst.g7serrst.gnsckt_wrst.gic_rst.xpm_cdc_single_inst_wrst_rd'
Finished Sourcing Tcl File [/tools/Xilinx/Vivado/2018.2/data/ip/xpm/xpm_cdc/tcl/xpm_cdc_single.tcl] for cell 'inst/gen_fifo_generator.fifo_generator_inst/inst_fifo_gen/gaxis_fifo.gaxisf.axisf/grf.rf/rstblk/ngwrdrst.grst.g7serrst.gnsckt_wrst.gic_rst.xpm_cdc_single_inst_wrst_rd'
INFO: [Project 1-236] Implementation specific constraints were found while reading constraint file [/tools/Xilinx/Vivado/2018.2/data/ip/xpm/xpm_cdc/tcl/xpm_cdc_single.tcl]. These constraints will be ignored for synthesis but will be used in implementation. Impacted constraints are listed in the file [.Xil/control_sub_axis_fifo_10g_rx_0_propImpl.xdc].
Resolution: To avoid this warning, move constraints listed in [.Xil/control_sub_axis_fifo_10g_rx_0_propImpl.xdc] to another XDC file and exclude this new file from synthesis with the used_in_synthesis property (File Properties dialog in GUI) and re-run elaboration/synthesis.
Sourcing Tcl File [/tools/Xilinx/Vivado/2018.2/data/ip/xpm/xpm_cdc/tcl/xpm_cdc_sync_rst.tcl] for cell 'inst/gen_async_clock_and_reset.inst_xpm_cdc_sync_rst'
Finished Sourcing Tcl File [/tools/Xilinx/Vivado/2018.2/data/ip/xpm/xpm_cdc/tcl/xpm_cdc_sync_rst.tcl] for cell 'inst/gen_async_clock_and_reset.inst_xpm_cdc_sync_rst'
Completed Processing XDC Constraints

INFO: [Project 1-111] Unisim Transformation Summary:
No Unisim elements were transformed.

Constraint Validation Runtime : Time (s): cpu = 00:00:00.05 ; elapsed = 00:00:00.03 . Memory (MB): peak = 1898.680 ; gain = 0.000 ; free physical = 1879 ; free virtual = 12593
---------------------------------------------------------------------------------
Finished Constraint Validation : Time (s): cpu = 00:00:43 ; elapsed = 00:01:29 . Memory (MB): peak = 1898.680 ; gain = 677.633 ; free physical = 1972 ; free virtual = 12686
---------------------------------------------------------------------------------
---------------------------------------------------------------------------------
Start Loading Part and Timing Information
---------------------------------------------------------------------------------
Loading part: xc7vx690tffg1761-3
---------------------------------------------------------------------------------
Finished Loading Part and Timing Information : Time (s): cpu = 00:00:43 ; elapsed = 00:01:29 . Memory (MB): peak = 1898.680 ; gain = 677.633 ; free physical = 1972 ; free virtual = 12686
---------------------------------------------------------------------------------
---------------------------------------------------------------------------------
Start Applying 'set_property' XDC Constraints
---------------------------------------------------------------------------------
Applied set_property DONT_TOUCH = true for inst. (constraint file  /home/jkchoi/Documents/git/p4-netfpga-live/contrib-projects/sume-sdnet-switch/projects/switch_calc_pifo/simple_sume_switch/hw/project/simple_sume_switch.runs/control_sub_axis_fifo_10g_rx_0_synth_1/dont_touch.xdc, line 9).
Applied set_property DONT_TOUCH = true for inst/\gen_fifo_generator.fifo_generator_inst /inst_fifo_gen/\gaxis_fifo.gaxisf.axisf /\grf.rf /rstblk/\ngwrdrst.grst.g7serrst.gnsckt_wrst.gic_rst.rst_rd_reg2_inst . (constraint file  auto generated constraint, line ).
Applied set_property DONT_TOUCH = true for inst/\gen_fifo_generator.fifo_generator_inst /inst_fifo_gen/\gaxis_fifo.gaxisf.axisf /\grf.rf /rstblk/\ngwrdrst.grst.g7serrst.gnsckt_wrst.rst_wr_reg2_inst . (constraint file  auto generated constraint, line ).
Applied set_property DONT_TOUCH = true for inst/\gen_fifo_generator.fifo_generator_inst /inst_fifo_gen/\gaxis_fifo.gaxisf.axisf /\grf.rf /\gntv_or_sync_fifo.gcx.clkx /rd_pntr_cdc_inst. (constraint file  auto generated constraint, line ).
Applied set_property DONT_TOUCH = true for inst/\gen_fifo_generator.fifo_generator_inst /inst_fifo_gen/\gaxis_fifo.gaxisf.axisf /\grf.rf /\gntv_or_sync_fifo.gcx.clkx /wr_pntr_cdc_inst. (constraint file  auto generated constraint, line ).
Applied set_property DONT_TOUCH = true for inst/\gen_fifo_generator.fifo_generator_inst /inst_fifo_gen/\gaxis_fifo.gaxisf.axisf /\grf.rf /rstblk/\ngwrdrst.grst.g7serrst.gnsckt_wrst.gic_rst.xpm_cdc_single_inst_rrst_wr . (constraint file  auto generated constraint, line ).
Applied set_property DONT_TOUCH = true for inst/\gen_fifo_generator.fifo_generator_inst /inst_fifo_gen/\gaxis_fifo.gaxisf.axisf /\grf.rf /rstblk/\ngwrdrst.grst.g7serrst.gnsckt_wrst.gic_rst.xpm_cdc_single_inst_wrst_rd . (constraint file  auto generated constraint, line ).
Applied set_property DONT_TOUCH = true for inst/\gen_async_clock_and_reset.inst_xpm_cdc_sync_rst . (constraint file  auto generated constraint, line ).
---------------------------------------------------------------------------------
Finished applying 'set_property' XDC Constraints : Time (s): cpu = 00:00:43 ; elapsed = 00:01:29 . Memory (MB): peak = 1898.680 ; gain = 677.633 ; free physical = 1974 ; free virtual = 12688
---------------------------------------------------------------------------------
INFO: [Synth 8-5544] ROM "leaving_empty_fwft" won't be mapped to Block RAM because address size (2) smaller than threshold (5)
---------------------------------------------------------------------------------
Finished RTL Optimization Phase 2 : Time (s): cpu = 00:00:43 ; elapsed = 00:01:29 . Memory (MB): peak = 1898.680 ; gain = 677.633 ; free physical = 1965 ; free virtual = 12680
---------------------------------------------------------------------------------

Report RTL Partitions: 
+-+--------------+------------+----------+
| |RTL Partition |Replication |Instances |
+-+--------------+------------+----------+
+-+--------------+------------+----------+
---------------------------------------------------------------------------------
Start RTL Component Statistics 
---------------------------------------------------------------------------------
Detailed RTL Component Info : 
+---Adders : 
	   2 Input      6 Bit       Adders := 2     
	   2 Input      5 Bit       Adders := 2     
	   3 Input      5 Bit       Adders := 2     
+---XORs : 
	   2 Input      5 Bit         XORs := 2     
	   2 Input      1 Bit         XORs := 28    
+---Registers : 
	              273 Bit    Registers := 2     
	                6 Bit    Registers := 2     
	                5 Bit    Registers := 13    
	                4 Bit    Registers := 3     
	                2 Bit    Registers := 5     
	                1 Bit    Registers := 17    
+---Muxes : 
	   2 Input      6 Bit        Muxes := 2     
	   2 Input      2 Bit        Muxes := 4     
	   5 Input      2 Bit        Muxes := 1     
	   3 Input      1 Bit        Muxes := 1     
	   2 Input      1 Bit        Muxes := 3     
	   4 Input      1 Bit        Muxes := 2     
---------------------------------------------------------------------------------
Finished RTL Component Statistics 
---------------------------------------------------------------------------------
---------------------------------------------------------------------------------
Start RTL Hierarchical Component Statistics 
---------------------------------------------------------------------------------
Hierarchical RTL Component report 
Module xpm_cdc_sync_rst 
Detailed RTL Component Info : 
+---Registers : 
	                2 Bit    Registers := 1     
Module xpm_cdc_async_rst 
Detailed RTL Component Info : 
+---Registers : 
	                2 Bit    Registers := 1     
Module xpm_cdc_single 
Detailed RTL Component Info : 
+---Registers : 
	                4 Bit    Registers := 1     
Module reset_blk_ramfifo 
Detailed RTL Component Info : 
+---Registers : 
	                4 Bit    Registers := 1     
	                2 Bit    Registers := 1     
	                1 Bit    Registers := 6     
Module dmem 
Detailed RTL Component Info : 
+---Registers : 
	              273 Bit    Registers := 1     
Module memory 
Detailed RTL Component Info : 
+---Registers : 
	              273 Bit    Registers := 1     
Module xpm_cdc_gray 
Detailed RTL Component Info : 
+---XORs : 
	   2 Input      5 Bit         XORs := 1     
	   2 Input      1 Bit         XORs := 4     
+---Registers : 
	                5 Bit    Registers := 4     
Module rd_bin_cntr 
Detailed RTL Component Info : 
+---Adders : 
	   2 Input      5 Bit       Adders := 1     
+---Registers : 
	                5 Bit    Registers := 2     
Module compare 
Detailed RTL Component Info : 
+---XORs : 
	   2 Input      1 Bit         XORs := 5     
Module rd_status_flags_as 
Detailed RTL Component Info : 
+---Registers : 
	                1 Bit    Registers := 2     
Module rd_fwft 
Detailed RTL Component Info : 
+---Registers : 
	                2 Bit    Registers := 1     
	                1 Bit    Registers := 6     
+---Muxes : 
	   2 Input      2 Bit        Muxes := 4     
	   5 Input      2 Bit        Muxes := 1     
	   3 Input      1 Bit        Muxes := 1     
	   2 Input      1 Bit        Muxes := 3     
	   4 Input      1 Bit        Muxes := 2     
Module rd_dc_fwft_ext_as 
Detailed RTL Component Info : 
+---Adders : 
	   2 Input      6 Bit       Adders := 1     
	   3 Input      5 Bit       Adders := 1     
+---Registers : 
	                6 Bit    Registers := 1     
+---Muxes : 
	   2 Input      6 Bit        Muxes := 2     
Module wr_bin_cntr 
Detailed RTL Component Info : 
+---Adders : 
	   2 Input      5 Bit       Adders := 1     
+---Registers : 
	                5 Bit    Registers := 3     
Module wr_status_flags_as 
Detailed RTL Component Info : 
+---Registers : 
	                1 Bit    Registers := 2     
Module wr_dc_fwft_ext_as 
Detailed RTL Component Info : 
+---Adders : 
	   2 Input      6 Bit       Adders := 1     
	   3 Input      5 Bit       Adders := 1     
+---Registers : 
	                6 Bit    Registers := 1     
Module axis_data_fifo_v1_1_18_axis_data_fifo 
Detailed RTL Component Info : 
+---Registers : 
	                1 Bit    Registers := 1     
---------------------------------------------------------------------------------
Finished RTL Hierarchical Component Statistics
---------------------------------------------------------------------------------
---------------------------------------------------------------------------------
Start Part Resource Summary
---------------------------------------------------------------------------------
Part Resources:
DSPs: 3600 (col length:200)
BRAMs: 2940 (col length: RAMB18 200 RAMB36 100)
---------------------------------------------------------------------------------
Finished Part Resource Summary
---------------------------------------------------------------------------------
---------------------------------------------------------------------------------
Start Cross Boundary and Area Optimization
---------------------------------------------------------------------------------
Warning: Parallel synthesis criteria is not met 
---------------------------------------------------------------------------------
Finished Cross Boundary and Area Optimization : Time (s): cpu = 00:00:44 ; elapsed = 00:01:30 . Memory (MB): peak = 1898.680 ; gain = 677.633 ; free physical = 1953 ; free virtual = 12670
---------------------------------------------------------------------------------
---------------------------------------------------------------------------------
Start ROM, RAM, DSP and Shift Register Reporting
---------------------------------------------------------------------------------

Distributed RAM: Preliminary Mapping  Report (see note below)
+----------------------------------------------+------------------------------------------------------------------------------------------+----------------+----------------------+---------------+
|Module Name                                   | RTL Object                                                                               | Inference      | Size (Depth x Width) | Primitives    | 
+----------------------------------------------+------------------------------------------------------------------------------------------+----------------+----------------------+---------------+
|inst/\gen_fifo_generator.fifo_generator_inst  | inst_fifo_gen/gaxis_fifo.gaxisf.axisf/grf.rf/gntv_or_sync_fifo.mem/gdm.dm_gen.dm/RAM_reg | User Attribute | 32 x 273             | RAM32M x 46   | 
+----------------------------------------------+------------------------------------------------------------------------------------------+----------------+----------------------+---------------+

Note: The table above is a preliminary report that shows the Distributed RAMs at the current stage of the synthesis flow. Some Distributed RAMs may be reimplemented as non Distributed RAM primitives later in the synthesis flow. Multiple instantiated RAMs are reported only once.
---------------------------------------------------------------------------------
Finished ROM, RAM, DSP and Shift Register Reporting
---------------------------------------------------------------------------------

Report RTL Partitions: 
+-+--------------+------------+----------+
| |RTL Partition |Replication |Instances |
+-+--------------+------------+----------+
+-+--------------+------------+----------+
---------------------------------------------------------------------------------
Start Applying XDC Timing Constraints
---------------------------------------------------------------------------------
---------------------------------------------------------------------------------
Finished Applying XDC Timing Constraints : Time (s): cpu = 00:00:50 ; elapsed = 00:01:38 . Memory (MB): peak = 1898.680 ; gain = 677.633 ; free physical = 1830 ; free virtual = 12547
---------------------------------------------------------------------------------
---------------------------------------------------------------------------------
Start Timing Optimization
---------------------------------------------------------------------------------
---------------------------------------------------------------------------------
Finished Timing Optimization : Time (s): cpu = 00:00:50 ; elapsed = 00:01:38 . Memory (MB): peak = 1898.680 ; gain = 677.633 ; free physical = 1828 ; free virtual = 12545
---------------------------------------------------------------------------------
---------------------------------------------------------------------------------
Start ROM, RAM, DSP and Shift Register Reporting
---------------------------------------------------------------------------------

Distributed RAM: Final Mapping  Report
+----------------------------------------------+------------------------------------------------------------------------------------------+----------------+----------------------+---------------+
|Module Name                                   | RTL Object                                                                               | Inference      | Size (Depth x Width) | Primitives    | 
+----------------------------------------------+------------------------------------------------------------------------------------------+----------------+----------------------+---------------+
|inst/\gen_fifo_generator.fifo_generator_inst  | inst_fifo_gen/gaxis_fifo.gaxisf.axisf/grf.rf/gntv_or_sync_fifo.mem/gdm.dm_gen.dm/RAM_reg | User Attribute | 32 x 273             | RAM32M x 46   | 
+----------------------------------------------+------------------------------------------------------------------------------------------+----------------+----------------------+---------------+

---------------------------------------------------------------------------------
Finished ROM, RAM, DSP and Shift Register Reporting
---------------------------------------------------------------------------------

Report RTL Partitions: 
+-+--------------+------------+----------+
| |RTL Partition |Replication |Instances |
+-+--------------+------------+----------+
+-+--------------+------------+----------+
---------------------------------------------------------------------------------
Start Technology Mapping
---------------------------------------------------------------------------------
---------------------------------------------------------------------------------
Finished Technology Mapping : Time (s): cpu = 00:00:50 ; elapsed = 00:01:38 . Memory (MB): peak = 1898.680 ; gain = 677.633 ; free physical = 1827 ; free virtual = 12544
---------------------------------------------------------------------------------

Report RTL Partitions: 
+-+--------------+------------+----------+
| |RTL Partition |Replication |Instances |
+-+--------------+------------+----------+
+-+--------------+------------+----------+
---------------------------------------------------------------------------------
Start IO Insertion
---------------------------------------------------------------------------------
---------------------------------------------------------------------------------
Start Flattening Before IO Insertion
---------------------------------------------------------------------------------
---------------------------------------------------------------------------------
Finished Flattening Before IO Insertion
---------------------------------------------------------------------------------
---------------------------------------------------------------------------------
Start Final Netlist Cleanup
---------------------------------------------------------------------------------
---------------------------------------------------------------------------------
Finished Final Netlist Cleanup
---------------------------------------------------------------------------------
---------------------------------------------------------------------------------
Finished IO Insertion : Time (s): cpu = 00:00:51 ; elapsed = 00:01:39 . Memory (MB): peak = 1898.680 ; gain = 677.633 ; free physical = 1827 ; free virtual = 12544
---------------------------------------------------------------------------------

Report Check Netlist: 
+------+------------------+-------+---------+-------+------------------+
|      |Item              |Errors |Warnings |Status |Description       |
+------+------------------+-------+---------+-------+------------------+
|1     |multi_driven_nets |      0|        0|Passed |Multi driven nets |
+------+------------------+-------+---------+-------+------------------+
---------------------------------------------------------------------------------
Start Renaming Generated Instances
---------------------------------------------------------------------------------
---------------------------------------------------------------------------------
Finished Renaming Generated Instances : Time (s): cpu = 00:00:51 ; elapsed = 00:01:39 . Memory (MB): peak = 1898.680 ; gain = 677.633 ; free physical = 1827 ; free virtual = 12544
---------------------------------------------------------------------------------

Report RTL Partitions: 
+-+--------------+------------+----------+
| |RTL Partition |Replication |Instances |
+-+--------------+------------+----------+
+-+--------------+------------+----------+
---------------------------------------------------------------------------------
Start Rebuilding User Hierarchy
---------------------------------------------------------------------------------
---------------------------------------------------------------------------------
Finished Rebuilding User Hierarchy : Time (s): cpu = 00:00:51 ; elapsed = 00:01:39 . Memory (MB): peak = 1898.680 ; gain = 677.633 ; free physical = 1827 ; free virtual = 12544
---------------------------------------------------------------------------------
---------------------------------------------------------------------------------
Start Renaming Generated Ports
---------------------------------------------------------------------------------
---------------------------------------------------------------------------------
Finished Renaming Generated Ports : Time (s): cpu = 00:00:51 ; elapsed = 00:01:39 . Memory (MB): peak = 1898.680 ; gain = 677.633 ; free physical = 1827 ; free virtual = 12544
---------------------------------------------------------------------------------
---------------------------------------------------------------------------------
Start Handling Custom Attributes
---------------------------------------------------------------------------------
---------------------------------------------------------------------------------
Finished Handling Custom Attributes : Time (s): cpu = 00:00:51 ; elapsed = 00:01:39 . Memory (MB): peak = 1898.680 ; gain = 677.633 ; free physical = 1827 ; free virtual = 12544
---------------------------------------------------------------------------------
---------------------------------------------------------------------------------
Start Renaming Generated Nets
---------------------------------------------------------------------------------
---------------------------------------------------------------------------------
Finished Renaming Generated Nets : Time (s): cpu = 00:00:51 ; elapsed = 00:01:39 . Memory (MB): peak = 1898.680 ; gain = 677.633 ; free physical = 1827 ; free virtual = 12544
---------------------------------------------------------------------------------
---------------------------------------------------------------------------------
Start Writing Synthesis Report
---------------------------------------------------------------------------------

Report BlackBoxes: 
+-+--------------+----------+
| |BlackBox name |Instances |
+-+--------------+----------+
+-+--------------+----------+

Report Cell Usage: 
+------+-------+------+
|      |Cell   |Count |
+------+-------+------+
|1     |LUT1   |     6|
|2     |LUT2   |    19|
|3     |LUT3   |     6|
|4     |LUT4   |    19|
|5     |LUT5   |     7|
|6     |LUT6   |    19|
|7     |RAM32M |    46|
|8     |FDCE   |    43|
|9     |FDPE   |    22|
|10    |FDRE   |   597|
+------+-------+------+

Report Instance Areas: 
+------+---------------------------------------------------------------------------------------+--------------------------------------+------+
|      |Instance                                                                               |Module                                |Cells |
+------+---------------------------------------------------------------------------------------+--------------------------------------+------+
|1     |top                                                                                    |                                      |   784|
|2     |  inst                                                                                 |axis_data_fifo_v1_1_18_axis_data_fifo |   784|
|3     |    \gen_async_clock_and_reset.inst_xpm_cdc_sync_rst                                   |xpm_cdc_sync_rst                      |     2|
|4     |    \gen_fifo_generator.fifo_generator_inst                                            |fifo_generator_v13_2_2                |   779|
|5     |      inst_fifo_gen                                                                    |fifo_generator_v13_2_2_synth          |   779|
|6     |        \gaxis_fifo.gaxisf.axisf                                                       |fifo_generator_top                    |   779|
|7     |          \grf.rf                                                                      |fifo_generator_ramfifo                |   779|
|8     |            \gntv_or_sync_fifo.gcx.clkx                                                |clk_x_pntrs                           |    69|
|9     |              wr_pntr_cdc_inst                                                         |xpm_cdc_gray__1                       |    28|
|10    |              rd_pntr_cdc_inst                                                         |xpm_cdc_gray                          |    28|
|11    |            \gntv_or_sync_fifo.gl0.rd                                                  |rd_logic                              |    50|
|12    |              \gr1.gr1_int.rfwft                                                       |rd_fwft                               |    21|
|13    |              \gr1.grdc2.rdc                                                           |rd_dc_fwft_ext_as                     |     6|
|14    |              \gras.rsts                                                               |rd_status_flags_as                    |     2|
|15    |              rpntr                                                                    |rd_bin_cntr                           |    21|
|16    |            \gntv_or_sync_fifo.gl0.wr                                                  |wr_logic                              |    39|
|17    |              \gwas.gwdc1.wdcext                                                       |wr_dc_fwft_ext_as                     |     6|
|18    |              \gwas.wsts                                                               |wr_status_flags_as                    |     4|
|19    |              wpntr                                                                    |wr_bin_cntr                           |    29|
|20    |            \gntv_or_sync_fifo.mem                                                     |memory                                |   592|
|21    |              \gdm.dm_gen.dm                                                           |dmem                                  |   319|
|22    |            rstblk                                                                     |reset_blk_ramfifo                     |    29|
|23    |              \ngwrdrst.grst.g7serrst.gnsckt_wrst.rst_wr_reg2_inst                     |xpm_cdc_async_rst__1                  |     2|
|24    |              \ngwrdrst.grst.g7serrst.gnsckt_wrst.gic_rst.rst_rd_reg2_inst             |xpm_cdc_async_rst                     |     2|
|25    |              \ngwrdrst.grst.g7serrst.gnsckt_wrst.gic_rst.xpm_cdc_single_inst_wrst_rd  |xpm_cdc_single__1                     |     4|
|26    |              \ngwrdrst.grst.g7serrst.gnsckt_wrst.gic_rst.xpm_cdc_single_inst_rrst_wr  |xpm_cdc_single                        |     4|
+------+---------------------------------------------------------------------------------------+--------------------------------------+------+
---------------------------------------------------------------------------------
Finished Writing Synthesis Report : Time (s): cpu = 00:00:51 ; elapsed = 00:01:39 . Memory (MB): peak = 1898.680 ; gain = 677.633 ; free physical = 1827 ; free virtual = 12544
---------------------------------------------------------------------------------
Synthesis finished with 0 errors, 0 critical warnings and 503 warnings.
Synthesis Optimization Runtime : Time (s): cpu = 00:00:22 ; elapsed = 00:00:35 . Memory (MB): peak = 1898.680 ; gain = 220.625 ; free physical = 1881 ; free virtual = 12598
Synthesis Optimization Complete : Time (s): cpu = 00:00:51 ; elapsed = 00:01:39 . Memory (MB): peak = 1898.680 ; gain = 677.633 ; free physical = 1891 ; free virtual = 12608
INFO: [Project 1-571] Translating synthesized netlist
INFO: [Netlist 29-17] Analyzing 46 Unisim elements for replacement
INFO: [Netlist 29-28] Unisim Transformation completed in 0 CPU seconds
INFO: [Project 1-570] Preparing netlist for logic optimization
INFO: [Opt 31-138] Pushed 0 inverter(s) to 0 load pin(s).
INFO: [Project 1-111] Unisim Transformation Summary:
  A total of 46 instances were transformed.
  RAM32M => RAM32M (RAMD32, RAMD32, RAMD32, RAMD32, RAMD32, RAMD32, RAMS32, RAMS32): 46 instances

INFO: [Common 17-83] Releasing license: Synthesis
41 Infos, 100 Warnings, 0 Critical Warnings and 0 Errors encountered.
synth_design completed successfully
synth_design: Time (s): cpu = 00:00:53 ; elapsed = 00:01:41 . Memory (MB): peak = 1898.680 ; gain = 703.234 ; free physical = 1862 ; free virtual = 12579
WARNING: [Constraints 18-5210] No constraint will be written out.
INFO: [Common 17-1381] The checkpoint '/home/jkchoi/Documents/git/p4-netfpga-live/contrib-projects/sume-sdnet-switch/projects/switch_calc_pifo/simple_sume_switch/hw/project/simple_sume_switch.runs/control_sub_axis_fifo_10g_rx_0_synth_1/control_sub_axis_fifo_10g_rx_0.dcp' has been generated.
INFO: [Coretcl 2-1482] Added synthesis output to IP cache for IP /home/jkchoi/Documents/git/p4-netfpga-live/contrib-projects/sume-sdnet-switch/projects/switch_calc_pifo/simple_sume_switch/hw/project/simple_sume_switch.srcs/sources_1/bd/control_sub/ip/control_sub_axis_fifo_10g_rx_0/control_sub_axis_fifo_10g_rx_0.xci
INFO: [Coretcl 2-1174] Renamed 25 cell refs.
WARNING: [Constraints 18-5210] No constraint will be written out.
INFO: [Common 17-1381] The checkpoint '/home/jkchoi/Documents/git/p4-netfpga-live/contrib-projects/sume-sdnet-switch/projects/switch_calc_pifo/simple_sume_switch/hw/project/simple_sume_switch.runs/control_sub_axis_fifo_10g_rx_0_synth_1/control_sub_axis_fifo_10g_rx_0.dcp' has been generated.
INFO: [runtcl-4] Executing : report_utilization -file control_sub_axis_fifo_10g_rx_0_utilization_synth.rpt -pb control_sub_axis_fifo_10g_rx_0_utilization_synth.pb
report_utilization: Time (s): cpu = 00:00:00.92 ; elapsed = 00:00:00.93 . Memory (MB): peak = 1922.691 ; gain = 0.000 ; free physical = 1860 ; free virtual = 12578
INFO: [Common 17-206] Exiting Vivado at Wed Dec  4 21:04:33 2019...
