#-----------------------------------------------------------
# Vivado v2018.2 (64-bit)
# SW Build 2258646 on Thu Jun 14 20:02:38 MDT 2018
# IP Build 2256618 on Thu Jun 14 22:10:49 MDT 2018
# Start of session at: Wed Dec 11 15:13:21 2019
# Process ID: 19586
# Current directory: /home/jkchoi/Documents/git/MultiSwitch/targets/p4-netfpga-scheduler/pifo_simulation_modules/V0.1_root_only/templates/sss_output_queue_single
# Command line: vivado -mode batch -source sss_output_queues.tcl
# Log file: /home/jkchoi/Documents/git/MultiSwitch/targets/p4-netfpga-scheduler/pifo_simulation_modules/V0.1_root_only/templates/sss_output_queue_single/vivado.log
# Journal file: /home/jkchoi/Documents/git/MultiSwitch/targets/p4-netfpga-scheduler/pifo_simulation_modules/V0.1_root_only/templates/sss_output_queue_single/vivado.jou
#-----------------------------------------------------------
source sss_output_queues.tcl
# set design sss_output_queue_single
# set top sss_output_queue_single
# set device xc7vx690t-3-ffg1761
# set proj_dir ./ip_proj
# set ip_version 1.00
# set lib_name NetFPGA
# set axi_lite_ipif_ip_path ../../../xilinx/cores/axi_lite_ipif/source/
# create_project -name ${design} -force -dir "./${proj_dir}" -part ${device} -ip
# set_property source_mgmt_mode All [current_project]  
# set_property top ${top} [current_fileset]
# set_property ip_repo_paths $::env(SUME_FOLDER)/lib/hw/  [current_fileset]
# puts "Creating Output Queues Single IP"
Creating Output Queues Single IP
# read_verilog "./hdl/sss_output_queue_single.v"
# update_compile_order -fileset sources_1
# update_compile_order -fileset sim_1
# ipx::package_project
WARNING: [IP_Flow 19-3899] Cannot get the environment domain name variable for the component vendor name. Setting the vendor name to 'user.org'.
INFO: [IP_Flow 19-1976] HDL Parser: Replacing 'NUM_STATES' by 3 for port or parameter 'state'
INFO: [IP_Flow 19-1976] HDL Parser: Replacing 'NUM_STATES' by 3 for port or parameter 'state_next'
INFO: [IP_Flow 19-1976] HDL Parser: Replacing 'NUM_METADATA_STATES' by 2 for port or parameter 'metadata_state'
INFO: [IP_Flow 19-1976] HDL Parser: Replacing 'NUM_METADATA_STATES' by 2 for port or parameter 'metadata_state_next'
INFO: [IP_Flow 19-1976] HDL Parser: Replacing 'DIGEST_WIDTH' by 80 for port or parameter 'digest_data'
WARNING: [IP_Flow 19-587] [HDL Parser] HDL port or parameter 'data_queue_depth' has a dependency on the module local parameter or undefined parameter 'BUFFER_SIZE_WIDTH'.
INFO: [IP_Flow 19-234] Refreshing IP repositories
INFO: [IP_Flow 19-1700] Loaded user IP repository '/home/jkchoi/Documents/git/p4-netfpga-live/lib/hw'.
INFO: [IP_Flow 19-2313] Loaded Vivado IP repository '/tools/Xilinx/Vivado/2018.2/data/ip'.
INFO: [IP_Flow 19-5107] Inferred bus interface 'm_axis' of definition 'xilinx.com:interface:axis:1.0' (from Xilinx Repository).
INFO: [IP_Flow 19-5107] Inferred bus interface 's_axis' of definition 'xilinx.com:interface:axis:1.0' (from Xilinx Repository).
INFO: [IP_Flow 19-5107] Inferred bus interface 'axis_resetn' of definition 'xilinx.com:signal:reset:1.0' (from Xilinx Repository).
INFO: [IP_Flow 19-5107] Inferred bus interface 'axis_aclk' of definition 'xilinx.com:signal:clock:1.0' (from Xilinx Repository).
INFO: [IP_Flow 19-4728] Bus Interface 'axis_resetn': Added interface parameter 'POLARITY' with value 'ACTIVE_LOW'.
INFO: [IP_Flow 19-4728] Bus Interface 'axis_aclk': Added interface parameter 'ASSOCIATED_BUSIF' with value 'm_axis'.
INFO: [IP_Flow 19-4728] Bus Interface 'axis_aclk': Added interface parameter 'ASSOCIATED_RESET' with value 'axis_resetn'.
INFO: [IP_Flow 19-2181] Payment Required is not set for this core.
INFO: [IP_Flow 19-2187] The Product Guide file is missing.
# set_property name ${design} [ipx::current_core]
# set_property library ${lib_name} [ipx::current_core]
# set_property vendor_display_name {NetFPGA} [ipx::current_core]
# set_property company_url {http://www.netfpga.org} [ipx::current_core]
# set_property vendor {NetFPGA} [ipx::current_core]
# set_property supported_families {{virtex7} {Production}} [ipx::current_core]
# set_property taxonomy {{/NetFPGA/Generic}} [ipx::current_core]
# set_property version ${ip_version} [ipx::current_core]
# set_property display_name ${design} [ipx::current_core]
# set_property description ${design} [ipx::current_core]
# ipx::add_user_parameter {C_M_AXIS_DATA_WIDTH} [ipx::current_core]
WARNING: command 'get_user_parameter' will be removed in the 2015.3 release, use 'get_user_parameters' instead
# set_property value_resolve_type {user} [ipx::get_user_parameter C_M_AXIS_DATA_WIDTH [ipx::current_core]]
WARNING: command 'get_user_parameter' will be removed in the 2015.3 release, use 'get_user_parameters' instead
# set_property display_name {C_M_AXIS_DATA_WIDTH} [ipx::get_user_parameter C_M_AXIS_DATA_WIDTH [ipx::current_core]]
WARNING: command 'get_user_parameter' will be removed in the 2015.3 release, use 'get_user_parameters' instead
# set_property value {256} [ipx::get_user_parameter C_M_AXIS_DATA_WIDTH [ipx::current_core]]
WARNING: command 'get_user_parameter' will be removed in the 2015.3 release, use 'get_user_parameters' instead
# set_property value_format {long} [ipx::get_user_parameter C_M_AXIS_DATA_WIDTH [ipx::current_core]]
# ipx::add_user_parameter {C_S_AXIS_DATA_WIDTH} [ipx::current_core]
WARNING: command 'get_user_parameter' will be removed in the 2015.3 release, use 'get_user_parameters' instead
# set_property value_resolve_type {user} [ipx::get_user_parameter C_S_AXIS_DATA_WIDTH [ipx::current_core]]
WARNING: command 'get_user_parameter' will be removed in the 2015.3 release, use 'get_user_parameters' instead
# set_property display_name {C_S_AXIS_DATA_WIDTH} [ipx::get_user_parameter C_S_AXIS_DATA_WIDTH [ipx::current_core]]
WARNING: command 'get_user_parameter' will be removed in the 2015.3 release, use 'get_user_parameters' instead
# set_property value {256} [ipx::get_user_parameter C_S_AXIS_DATA_WIDTH [ipx::current_core]]
WARNING: command 'get_user_parameter' will be removed in the 2015.3 release, use 'get_user_parameters' instead
# set_property value_format {long} [ipx::get_user_parameter C_S_AXIS_DATA_WIDTH [ipx::current_core]]
# ipx::add_user_parameter {C_M_AXIS_TUSER_WIDTH} [ipx::current_core]
WARNING: command 'get_user_parameter' will be removed in the 2015.3 release, use 'get_user_parameters' instead
# set_property value_resolve_type {user} [ipx::get_user_parameter C_M_AXIS_TUSER_WIDTH [ipx::current_core]]
WARNING: command 'get_user_parameter' will be removed in the 2015.3 release, use 'get_user_parameters' instead
# set_property display_name {C_M_AXIS_TUSER_WIDTH} [ipx::get_user_parameter C_M_AXIS_TUSER_WIDTH [ipx::current_core]]
WARNING: command 'get_user_parameter' will be removed in the 2015.3 release, use 'get_user_parameters' instead
# set_property value {128} [ipx::get_user_parameter C_M_AXIS_TUSER_WIDTH [ipx::current_core]]
WARNING: command 'get_user_parameter' will be removed in the 2015.3 release, use 'get_user_parameters' instead
# set_property value_format {long} [ipx::get_user_parameter C_M_AXIS_TUSER_WIDTH [ipx::current_core]]
# ipx::add_user_parameter {C_S_AXIS_TUSER_WIDTH} [ipx::current_core]
WARNING: command 'get_user_parameter' will be removed in the 2015.3 release, use 'get_user_parameters' instead
# set_property value_resolve_type {user} [ipx::get_user_parameter C_S_AXIS_TUSER_WIDTH [ipx::current_core]]
WARNING: command 'get_user_parameter' will be removed in the 2015.3 release, use 'get_user_parameters' instead
# set_property display_name {C_S_AXIS_TUSER_WIDTH} [ipx::get_user_parameter C_S_AXIS_TUSER_WIDTH [ipx::current_core]]
WARNING: command 'get_user_parameter' will be removed in the 2015.3 release, use 'get_user_parameters' instead
# set_property value {128} [ipx::get_user_parameter C_S_AXIS_TUSER_WIDTH [ipx::current_core]]
WARNING: command 'get_user_parameter' will be removed in the 2015.3 release, use 'get_user_parameters' instead
# set_property value_format {long} [ipx::get_user_parameter C_S_AXIS_TUSER_WIDTH [ipx::current_core]]
# ipx::add_subcore NetFPGA:NetFPGA:sss_fallthrough_small_fifo:1.00 [ipx::get_file_groups xilinx_anylanguagesynthesis -of_objects [ipx::current_core]]
# ipx::add_subcore NetFPGA:NetFPGA:sss_fallthrough_small_fifo:1.00 [ipx::get_file_groups xilinx_anylanguagebehavioralsimulation -of_objects [ipx::current_core]]
# ipx::add_subcore NetFPGA:NetFPGA:fallthrough_small_fifo:1.00 [ipx::get_file_groups xilinx_anylanguagesynthesis -of_objects [ipx::current_core]]
# ipx::add_subcore NetFPGA:NetFPGA:fallthrough_small_fifo:1.00 [ipx::get_file_groups xilinx_anylanguagebehavioralsimulation -of_objects [ipx::current_core]]
# ipx::add_bus_parameter FREQ_HZ [ipx::get_bus_interfaces s_axis -of_objects [ipx::current_core]]
# ipx::add_bus_parameter FREQ_HZ [ipx::get_bus_interfaces m_axis -of_objects [ipx::current_core]]
# ipx::infer_user_parameters [ipx::current_core]
# ipx::check_integrity [ipx::current_core]
INFO: [IP_Flow 19-861] XGUI layout file basename "xgui/sss_output_queue_single_v1_0.tcl" does not have the current IP <name>_v<version> format. If the IP name or version was changed recently, recreate this file to update the file format.
INFO: [IP_Flow 19-2181] Payment Required is not set for this core.
INFO: [IP_Flow 19-2187] The Product Guide file is missing.
INFO: [Ipptcl 7-1486] check_integrity: Integrity check passed.
# ipx::save_core [ipx::current_core]
# update_ip_catalog
# close_project
# file delete -force ${proj_dir} 
INFO: [Common 17-206] Exiting Vivado at Wed Dec 11 15:13:30 2019...
