Vivado Simulator 2018.2
Copyright 1986-1999, 2001-2018 Xilinx, Inc. All Rights Reserved.
Running: /opt/Xilinx/Vivado/2018.2/bin/unwrapped/lnx64.o/xelab -wto 991ea6843a8e4eccb6d55c1118887449 --incr --debug typical --relax --mt 8 -d SIMULATION=1 -L xil_defaultlib -L lib_pkg_v1_0_2 -L lib_srl_fifo_v1_0_2 -L axi_infrastructure_v1_1_0 -L fifo_generator_v13_2_2 -L axi_clock_converter_v2_1_16 -L generic_baseblocks_v2_1_0 -L axi_register_slice_v2_1_17 -L axi_data_fifo_v2_1_16 -L axi_crossbar_v2_1_18 -L axi_mmu_v2_1_15 -L axi_protocol_converter_v2_1_17 -L blk_mem_gen_v8_4_1 -L axis_infrastructure_v1_1_0 -L axis_data_fifo_v1_1_18 -L unisims_ver -L unimacro_ver -L secureip -L xpm --snapshot top_tb_behav xil_defaultlib.top_tb xil_defaultlib.glbl -log elaborate.log 
Using 8 slave threads.
Starting static elaboration
WARNING: [VRFC 10-278] actual bit length 1 differs from formal bit length 8 for port pcie_7x_mgt_rxn [/home/rym/Documents/P4-NetFPGA-live/contrib-projects/sume-sdnet-switch/projects/switch_calc_pifo/simple_sume_switch/hw/hdl/top_tb.v:115]
WARNING: [VRFC 10-278] actual bit length 1 differs from formal bit length 8 for port pcie_7x_mgt_rxp [/home/rym/Documents/P4-NetFPGA-live/contrib-projects/sume-sdnet-switch/projects/switch_calc_pifo/simple_sume_switch/hw/hdl/top_tb.v:116]
WARNING: [VRFC 10-278] actual bit length 1 differs from formal bit length 8 for port pcie_7x_mgt_txn [/home/rym/Documents/P4-NetFPGA-live/contrib-projects/sume-sdnet-switch/projects/switch_calc_pifo/simple_sume_switch/hw/hdl/top_tb.v:117]
WARNING: [VRFC 10-278] actual bit length 1 differs from formal bit length 8 for port pcie_7x_mgt_txp [/home/rym/Documents/P4-NetFPGA-live/contrib-projects/sume-sdnet-switch/projects/switch_calc_pifo/simple_sume_switch/hw/hdl/top_tb.v:118]
WARNING: [VRFC 10-278] actual bit length 1 differs from formal bit length 2 for port i2c_reset [/home/rym/Documents/P4-NetFPGA-live/contrib-projects/sume-sdnet-switch/projects/switch_calc_pifo/simple_sume_switch/hw/hdl/top_tb.v:139]
WARNING: [VRFC 10-278] actual bit length 32 differs from formal bit length 23 for port S0_AXI_AWADDR [/home/rym/Documents/P4-NetFPGA-live/contrib-projects/sume-sdnet-switch/projects/switch_calc_pifo/simple_sume_switch/hw/hdl/top_sim.v:529]
WARNING: [VRFC 10-278] actual bit length 32 differs from formal bit length 23 for port S0_AXI_ARADDR [/home/rym/Documents/P4-NetFPGA-live/contrib-projects/sume-sdnet-switch/projects/switch_calc_pifo/simple_sume_switch/hw/hdl/top_sim.v:535]
WARNING: [VRFC 10-278] actual bit length 32 differs from formal bit length 23 for port S1_AXI_AWADDR [/home/rym/Documents/P4-NetFPGA-live/contrib-projects/sume-sdnet-switch/projects/switch_calc_pifo/simple_sume_switch/hw/hdl/top_sim.v:547]
WARNING: [VRFC 10-278] actual bit length 32 differs from formal bit length 23 for port S1_AXI_ARADDR [/home/rym/Documents/P4-NetFPGA-live/contrib-projects/sume-sdnet-switch/projects/switch_calc_pifo/simple_sume_switch/hw/hdl/top_sim.v:553]
WARNING: [VRFC 10-278] actual bit length 32 differs from formal bit length 23 for port S2_AXI_AWADDR [/home/rym/Documents/P4-NetFPGA-live/contrib-projects/sume-sdnet-switch/projects/switch_calc_pifo/simple_sume_switch/hw/hdl/top_sim.v:565]
WARNING: [VRFC 10-278] actual bit length 32 differs from formal bit length 23 for port S2_AXI_ARADDR [/home/rym/Documents/P4-NetFPGA-live/contrib-projects/sume-sdnet-switch/projects/switch_calc_pifo/simple_sume_switch/hw/hdl/top_sim.v:571]
WARNING: [VRFC 10-278] actual bit length 23 differs from formal bit length 12 for port S_AXI_AWADDR [/home/rym/Documents/MultiSwitch/targets/p4-netfpga-scheduler/pifo_simulation_modules/V0.1_root_only/templates/nf_datapath/nf_datapath.v:271]
WARNING: [VRFC 10-278] actual bit length 23 differs from formal bit length 12 for port S_AXI_ARADDR [/home/rym/Documents/MultiSwitch/targets/p4-netfpga-scheduler/pifo_simulation_modules/V0.1_root_only/templates/nf_datapath/nf_datapath.v:277]
WARNING: [VRFC 10-278] actual bit length 23 differs from formal bit length 12 for port S_AXI_AWADDR [/home/rym/Documents/MultiSwitch/targets/p4-netfpga-scheduler/pifo_simulation_modules/V0.1_root_only/templates/nf_datapath/nf_datapath.v:313]
WARNING: [VRFC 10-278] actual bit length 23 differs from formal bit length 12 for port S_AXI_ARADDR [/home/rym/Documents/MultiSwitch/targets/p4-netfpga-scheduler/pifo_simulation_modules/V0.1_root_only/templates/nf_datapath/nf_datapath.v:319]
WARNING: [VRFC 10-278] actual bit length 12 differs from formal bit length 9 for port control_S_AXI_AWADDR [/home/rym/Documents/P4-NetFPGA-live/contrib-projects/sume-sdnet-switch/projects/switch_calc_pifo/simple_sume_switch/hw/project/simple_sume_switch.srcs/sources_1/ip/nf_sume_sdnet_ip/nf_sume_sdnet_ip/wrapper/nf_sume_sdnet.v:195]
WARNING: [VRFC 10-278] actual bit length 12 differs from formal bit length 9 for port control_S_AXI_ARADDR [/home/rym/Documents/P4-NetFPGA-live/contrib-projects/sume-sdnet-switch/projects/switch_calc_pifo/simple_sume_switch/hw/project/simple_sume_switch.srcs/sources_1/ip/nf_sume_sdnet_ip/nf_sume_sdnet_ip/wrapper/nf_sume_sdnet.v:205]
WARNING: [VRFC 10-278] actual bit length 14 differs from formal bit length 13 for port tuple_in_rankcalc_wrr_calc_input_DATA [/home/rym/Documents/P4-NetFPGA-live/contrib-projects/sume-sdnet-switch/projects/switch_calc_pifo/simple_sume_switch/hw/project/simple_sume_switch.srcs/sources_1/ip/nf_sume_sdnet_ip/nf_sume_sdnet_ip/SimpleSumeSwitch/SimpleSumeSwitch.v:673]
Completed static elaboration
Starting simulation data flow analysis
Completed simulation data flow analysis
Time Resolution for simulation is 100fs
Compiling package std.standard
Compiling package std.textio
Compiling package ieee.std_logic_1164
Compiling package ieee.numeric_std
Compiling package ieee.std_logic_textio
Compiling package xil_defaultlib.axis_sim_pkg
Compiling package ieee.std_logic_arith
Compiling package ieee.std_logic_unsigned
Compiling package lib_pkg_v1_0_2.lib_pkg
Compiling module unisims_ver.IBUF
Compiling module unisims_ver.OBUF
Compiling module unisims_ver.IBUFDS_GTE2
Compiling module unisims_ver.IBUFDS
Compiling module unisims_ver.MMCME2_ADV(CLKIN1_PERIOD=5.0,CLK...
Compiling module unisims_ver.BUFG
Compiling module unisims_ver.BUFGCE_default
Compiling module unisims_ver.BUFH
Compiling module xil_defaultlib.clk_wiz_ip_clk_wiz
Compiling module xil_defaultlib.clk_wiz_ip
Compiling module xil_defaultlib.axi_clocking
Compiling module xil_defaultlib.small_fifo(WIDTH=417,MAX_DEPTH_B...
Compiling module xil_defaultlib.fallthrough_small_fifo(WIDTH=417...
Compiling module xil_defaultlib.input_arbiter_cpu_regs(C_BASE_AD...
Compiling module xil_defaultlib.input_arbiter(C_BASEADDR=32'b010...
Compiling module xil_defaultlib.input_arbiter_ip
Compiling module xil_defaultlib.sume_to_sdnet
Compiling module xil_defaultlib.S_RESETTER_line
Compiling module xil_defaultlib.S_RESETTER_lookup
Compiling module xil_defaultlib.S_RESETTER_control
Compiling module xil_defaultlib.TopParser_t_EngineStage_0_ErrorC...
Compiling module xil_defaultlib.TopParser_t_EngineStage_0_Extrac...
Compiling module xil_defaultlib.TopParser_t_start_compute_p_ethe...
Compiling module xil_defaultlib.TopParser_t_start_compute_p_ethe...
Compiling module xil_defaultlib.TopParser_t_start_compute_p_ethe...
Compiling module xil_defaultlib.TopParser_t_start_compute_TopPar...
Compiling module xil_defaultlib.TopParser_t_start_compute_user_m...
Compiling module xil_defaultlib.TopParser_t_start_compute_digest...
Compiling module xil_defaultlib.TopParser_t_start_compute_contro...
Compiling module xil_defaultlib.TopParser_t_start_compute_contro...
Compiling module xil_defaultlib.TopParser_t_start
Compiling module xil_defaultlib.TopParser_t_reject_compute_contr...
Compiling module xil_defaultlib.TopParser_t_reject_compute_contr...
Compiling module xil_defaultlib.TopParser_t_reject
Compiling module xil_defaultlib.TopParser_t_EngineStage_0_TupleF...
Compiling module xil_defaultlib.TopParser_t_EngineStage_0
Compiling module xil_defaultlib.TopParser_t_EngineStage_1_ErrorC...
Compiling module xil_defaultlib.TopParser_t_accept_compute_contr...
Compiling module xil_defaultlib.TopParser_t_accept_compute_contr...
Compiling module xil_defaultlib.TopParser_t_accept
Compiling module xil_defaultlib.TopParser_t_EngineStage_1
Compiling module xil_defaultlib.TopParser_t_Engine
Compiling module xil_defaultlib.TopParser_t
Compiling module xil_defaultlib.TopPipe_lvl_t_setup_compute_tabl...
Compiling module xil_defaultlib.TopPipe_lvl_t_setup_compute_cont...
Compiling module xil_defaultlib.TopPipe_lvl_t_setup_compute_cont...
Compiling module xil_defaultlib.TopPipe_lvl_t_setup
Compiling module xil_defaultlib.TopPipe_lvl_t_EngineStage_0
Compiling module xil_defaultlib.TopPipe_lvl_t_Engine
Compiling module xil_defaultlib.TopPipe_lvl_t
Compiling module xil_defaultlib.table_calc_t_Hash_Lookup
Compiling module xil_defaultlib.xpm_memory_base(MEMORY_SIZE=1072...
Compiling module xil_defaultlib.xpm_memory_tdpram(MEMORY_SIZE=10...
Compiling module xil_defaultlib.table_calc_t_RamR1RW1
Compiling module xil_defaultlib.table_calc_t_Cam
Compiling module xil_defaultlib.table_calc_t_Lookup
Compiling module xil_defaultlib.table_calc_t_Hash_Update
Compiling module xil_defaultlib.table_calc_t_Randmod4_Rnd
Compiling module xil_defaultlib.table_calc_t_Randmod4
Compiling module xil_defaultlib.table_calc_t_Randmod5_Rnd
Compiling module xil_defaultlib.table_calc_t_Randmod5
Compiling module xil_defaultlib.table_calc_t_Update
Compiling module xil_defaultlib.table_calc_t_IntTop
Compiling module xil_defaultlib.table_calc_t_Wrap
Compiling module xil_defaultlib.table_calc_t_csr
Compiling module xil_defaultlib.table_calc_t
Compiling module xil_defaultlib.TopPipe_lvl_0_t_table_calc_sec_c...
Compiling module xil_defaultlib.TopPipe_lvl_0_t_table_calc_sec_c...
Compiling module xil_defaultlib.TopPipe_lvl_0_t_table_calc_sec
Compiling module xil_defaultlib.TopPipe_lvl_0_t_EngineStage_0
Compiling module xil_defaultlib.TopPipe_lvl_0_t_NoAction_0_sec_c...
Compiling module xil_defaultlib.TopPipe_lvl_0_t_NoAction_0_sec_c...
Compiling module xil_defaultlib.TopPipe_lvl_0_t_NoAction_0_sec
Compiling module xil_defaultlib.TopPipe_lvl_0_t_set_calc_0_sec_c...
Compiling module xil_defaultlib.TopPipe_lvl_0_t_set_calc_0_sec_c...
Compiling module xil_defaultlib.TopPipe_lvl_0_t_set_calc_0_sec_c...
Compiling module xil_defaultlib.TopPipe_lvl_0_t_set_calc_0_sec_c...
Compiling module xil_defaultlib.TopPipe_lvl_0_t_set_calc_0_sec_c...
Compiling module xil_defaultlib.TopPipe_lvl_0_t_set_calc_0_sec
Compiling module xil_defaultlib.TopPipe_lvl_0_t_EngineStage_1
Compiling module xil_defaultlib.TopPipe_lvl_0_t_act_sec_compute_...
Compiling module xil_defaultlib.TopPipe_lvl_0_t_act_sec_compute_...
Compiling module xil_defaultlib.TopPipe_lvl_0_t_act_sec_compute_...
Compiling module xil_defaultlib.TopPipe_lvl_0_t_act_sec_compute_...
Compiling module xil_defaultlib.TopPipe_lvl_0_t_act_sec_compute_...
Compiling module xil_defaultlib.TopPipe_lvl_0_t_act_sec_compute_...
Compiling module xil_defaultlib.TopPipe_lvl_0_t_act_sec
Compiling module xil_defaultlib.TopPipe_lvl_0_t_EngineStage_2
Compiling module xil_defaultlib.TopPipe_lvl_0_t_local_end_comput...
Compiling module xil_defaultlib.TopPipe_lvl_0_t_local_end_comput...
Compiling module xil_defaultlib.TopPipe_lvl_0_t_local_end
Compiling module xil_defaultlib.TopPipe_lvl_0_t_EngineStage_3
Compiling module xil_defaultlib.TopPipe_lvl_0_t_Engine
Compiling module xil_defaultlib.TopPipe_lvl_0_t
Compiling module xil_defaultlib.rankcalc_cpu_regs(C_BASE_ADDRESS...
Compiling module xil_defaultlib.rankcalc_wrr_calc_0_t_default
Compiling module xil_defaultlib.TopPipe_lvl_1_t_local_start_comp...
Compiling module xil_defaultlib.TopPipe_lvl_1_t_local_start_comp...
Compiling module xil_defaultlib.TopPipe_lvl_1_t_local_start
Compiling module xil_defaultlib.TopPipe_lvl_1_t_EngineStage_0
Compiling module xil_defaultlib.TopPipe_lvl_1_t_rankcalc_wrr_cal...
Compiling module xil_defaultlib.TopPipe_lvl_1_t_rankcalc_wrr_cal...
Compiling module xil_defaultlib.TopPipe_lvl_1_t_rankcalc_wrr_cal...
Compiling module xil_defaultlib.TopPipe_lvl_1_t_rankcalc_wrr_cal...
Compiling module xil_defaultlib.TopPipe_lvl_1_t_EngineStage_1
Compiling module xil_defaultlib.TopPipe_lvl_1_t_split_act_sec_co...
Compiling module xil_defaultlib.TopPipe_lvl_1_t_split_act_sec_co...
Compiling module xil_defaultlib.TopPipe_lvl_1_t_split_act_sec_co...
Compiling module xil_defaultlib.TopPipe_lvl_1_t_split_act_sec
Compiling module xil_defaultlib.TopPipe_lvl_1_t_EngineStage_2
Compiling module xil_defaultlib.TopPipe_lvl_1_t_sink_compute_con...
Compiling module xil_defaultlib.TopPipe_lvl_1_t_sink_compute_con...
Compiling module xil_defaultlib.TopPipe_lvl_1_t_sink
Compiling module xil_defaultlib.TopPipe_lvl_1_t_EngineStage_3
Compiling module xil_defaultlib.TopPipe_lvl_1_t_Engine
Compiling module xil_defaultlib.TopPipe_lvl_1_t
Compiling module xil_defaultlib.TopDeparser_t_EngineStage_0_Erro...
Compiling module xil_defaultlib.TopDeparser_t_extract_headers_se...
Compiling module xil_defaultlib.TopDeparser_t_extract_headers_se...
Compiling module xil_defaultlib.TopDeparser_t_extract_headers_se...
Compiling module xil_defaultlib.TopDeparser_t_extract_headers_se...
Compiling module xil_defaultlib.TopDeparser_t_EngineStage_0_Edit...
Compiling module xil_defaultlib.TopDeparser_t_EngineStage_0_Edit...
Compiling module xil_defaultlib.TopDeparser_t_EngineStage_0_Edit...
Compiling module xil_defaultlib.TopDeparser_t_EngineStage_0_Edit...
Compiling module xil_defaultlib.TopDeparser_t_EngineStage_0_Edit...
Compiling module xil_defaultlib.TopDeparser_t_EngineStage_0_Edit...
Compiling module xil_defaultlib.TopDeparser_t_EngineStage_0_Edit...
Compiling module xil_defaultlib.TopDeparser_t_EngineStage_0_Edit...
Compiling module xil_defaultlib.TopDeparser_t_EngineStage_0_Edit...
Compiling module xil_defaultlib.TopDeparser_t_EngineStage_0_Edit...
Compiling module xil_defaultlib.TopDeparser_t_EngineStage_0_Edit...
Compiling module xil_defaultlib.TopDeparser_t_EngineStage_0_Edit...
Compiling module xil_defaultlib.TopDeparser_t_EngineStage_0_Edit...
Compiling module xil_defaultlib.TopDeparser_t_EngineStage_0_Edit...
Compiling module xil_defaultlib.TopDeparser_t_EngineStage_0_Edit...
Compiling module xil_defaultlib.TopDeparser_t_EngineStage_0_Edit...
Compiling module xil_defaultlib.TopDeparser_t_EngineStage_0_Edit...
Compiling module xil_defaultlib.TopDeparser_t_EngineStage_0_Edit...
Compiling module xil_defaultlib.TopDeparser_t_EngineStage_0_Edit...
Compiling module xil_defaultlib.TopDeparser_t_EngineStage_0_Edit...
Compiling module xil_defaultlib.TopDeparser_t_EngineStage_0_Edit...
Compiling module xil_defaultlib.TopDeparser_t_EngineStage_0_Edit...
Compiling module xil_defaultlib.TopDeparser_t_EngineStage_0_Edit...
Compiling module xil_defaultlib.TopDeparser_t_EngineStage_0
Compiling module xil_defaultlib.TopDeparser_t_EngineStage_1_Erro...
Compiling module xil_defaultlib.TopDeparser_t_act_0_sec_compute_...
Compiling module xil_defaultlib.TopDeparser_t_act_0_sec_compute_...
Compiling module xil_defaultlib.TopDeparser_t_act_0_sec
Compiling module xil_defaultlib.TopDeparser_t_EngineStage_1
Compiling module xil_defaultlib.TopDeparser_t_EngineStage_2_Erro...
Compiling module xil_defaultlib.TopDeparser_t_emit_0_compute_con...
Compiling module xil_defaultlib.TopDeparser_t_emit_0_compute__ST...
Compiling module xil_defaultlib.TopDeparser_t_emit_0_compute__ST...
Compiling module xil_defaultlib.TopDeparser_t_emit_0_compute_con...
Compiling module xil_defaultlib.TopDeparser_t_emit_0_compute_con...
Compiling module xil_defaultlib.TopDeparser_t_emit_0
Compiling module xil_defaultlib.TopDeparser_t_EngineStage_2_Edit...
Compiling module xil_defaultlib.TopDeparser_t_EngineStage_2_Edit...
Compiling module xil_defaultlib.TopDeparser_t_EngineStage_2_Edit...
Compiling module xil_defaultlib.TopDeparser_t_EngineStage_2_Edit...
Compiling module xil_defaultlib.TopDeparser_t_EngineStage_2_Edit...
Compiling module xil_defaultlib.TopDeparser_t_EngineStage_2_Edit...
Compiling module xil_defaultlib.TopDeparser_t_EngineStage_2_Edit...
Compiling module xil_defaultlib.TopDeparser_t_EngineStage_2_Edit...
Compiling module xil_defaultlib.TopDeparser_t_EngineStage_2_Edit...
Compiling module xil_defaultlib.TopDeparser_t_EngineStage_2_Edit...
Compiling module xil_defaultlib.TopDeparser_t_EngineStage_2_Edit...
Compiling module xil_defaultlib.TopDeparser_t_EngineStage_2_Edit...
Compiling module xil_defaultlib.TopDeparser_t_EngineStage_2_Edit...
Compiling module xil_defaultlib.TopDeparser_t_EngineStage_2_Edit...
Compiling module xil_defaultlib.TopDeparser_t_EngineStage_2_Edit...
Compiling module xil_defaultlib.TopDeparser_t_EngineStage_2_Edit...
Compiling module xil_defaultlib.TopDeparser_t_EngineStage_2_Edit...
Compiling module xil_defaultlib.TopDeparser_t_EngineStage_2_Edit...
Compiling module xil_defaultlib.TopDeparser_t_EngineStage_2_Edit...
Compiling module xil_defaultlib.TopDeparser_t_EngineStage_2_Edit...
Compiling module xil_defaultlib.TopDeparser_t_EngineStage_2_Edit...
Compiling module xil_defaultlib.TopDeparser_t_EngineStage_2_Edit...
Compiling module xil_defaultlib.TopDeparser_t_EngineStage_2_Edit...
Compiling module xil_defaultlib.TopDeparser_t_EngineStage_2_Edit...
Compiling module xil_defaultlib.TopDeparser_t_EngineStage_2_Edit...
Compiling module xil_defaultlib.TopDeparser_t_EngineStage_2_Edit...
Compiling module xil_defaultlib.TopDeparser_t_EngineStage_2
Compiling module xil_defaultlib.TopDeparser_t_Engine
Compiling module xil_defaultlib.TopDeparser_t
Compiling module xil_defaultlib.xpm_cdc_sync_rst(DEST_SYNC_FF=2,...
Compiling module xil_defaultlib.xpm_fifo_rst(COMMON_CLOCK=0)
Compiling module xil_defaultlib.xpm_fifo_reg_bit
Compiling module xil_defaultlib.xpm_counter_updn(COUNTER_WIDTH=9...
Compiling module xil_defaultlib.xpm_counter_updn(COUNTER_WIDTH=8...
Compiling module xil_defaultlib.xpm_counter_updn(COUNTER_WIDTH=8...
Compiling module xil_defaultlib.xpm_memory_base(MEMORY_TYPE=1,ME...
Compiling module xil_defaultlib.xpm_cdc_gray(DEST_SYNC_FF=2,INIT...
Compiling module xil_defaultlib.xpm_fifo_reg_vec(REG_WIDTH=8)
Compiling module xil_defaultlib.xpm_cdc_gray(DEST_SYNC_FF=2,INIT...
Compiling module xil_defaultlib.xpm_fifo_reg_vec(REG_WIDTH=9)
Compiling module xil_defaultlib.xpm_fifo_base(COMMON_CLOCK=0,FIF...
Compiling module xil_defaultlib.xpm_fifo_async(FIFO_MEMORY_TYPE=...
Compiling module xil_defaultlib.S_BRIDGER_for_table_calc_tuple_i...
Compiling module xil_defaultlib.xpm_memory_base(MEMORY_TYPE=1,ME...
Compiling module xil_defaultlib.xpm_fifo_base(COMMON_CLOCK=0,FIF...
Compiling module xil_defaultlib.xpm_fifo_async(FIFO_MEMORY_TYPE=...
Compiling module xil_defaultlib.S_BRIDGER_for_rankcalc_wrr_calc_...
Compiling module xil_defaultlib.S_PROTOCOL_ADAPTER_INGRESS
Compiling module xil_defaultlib.S_PROTOCOL_ADAPTER_EGRESS
Compiling module xil_defaultlib.xpm_fifo_rst_default
Compiling module xil_defaultlib.xpm_counter_updn(COUNTER_WIDTH=1...
Compiling module xil_defaultlib.xpm_counter_updn(COUNTER_WIDTH=9...
Compiling module xil_defaultlib.xpm_counter_updn(COUNTER_WIDTH=9...
Compiling module xil_defaultlib.xpm_memory_base(MEMORY_TYPE=1,ME...
Compiling module xil_defaultlib.xpm_fifo_base(FIFO_MEMORY_TYPE=2...
Compiling module xil_defaultlib.xpm_fifo_sync(FIFO_MEMORY_TYPE="...
Compiling module xil_defaultlib.xpm_memory_base(MEMORY_TYPE=1,ME...
Compiling module xil_defaultlib.xpm_counter_updn(COUNTER_WIDTH=2...
Compiling module xil_defaultlib.xpm_fifo_base(FIFO_MEMORY_TYPE=1...
Compiling module xil_defaultlib.xpm_fifo_sync(FIFO_MEMORY_TYPE="...
Compiling module xil_defaultlib.xpm_memory_base(MEMORY_TYPE=1,ME...
Compiling module xil_defaultlib.xpm_fifo_base(COMMON_CLOCK=0,FIF...
Compiling module xil_defaultlib.xpm_fifo_async(FIFO_MEMORY_TYPE=...
Compiling module xil_defaultlib.xpm_memory_base(MEMORY_TYPE=1,ME...
Compiling module xil_defaultlib.xpm_fifo_base(COMMON_CLOCK=0,FIF...
Compiling module xil_defaultlib.xpm_fifo_async(FIFO_MEMORY_TYPE=...
Compiling module xil_defaultlib.S_SYNCER_for_TopParser
Compiling module xil_defaultlib.xpm_fifo_base(FIFO_MEMORY_TYPE=2...
Compiling module xil_defaultlib.xpm_fifo_sync(FIFO_MEMORY_TYPE="...
Compiling module xil_defaultlib.xpm_fifo_base(FIFO_MEMORY_TYPE=1...
Compiling module xil_defaultlib.xpm_fifo_sync(FIFO_MEMORY_TYPE="...
Compiling module xil_defaultlib.xpm_memory_base(MEMORY_TYPE=1,ME...
Compiling module xil_defaultlib.xpm_fifo_base(COMMON_CLOCK=0,FIF...
Compiling module xil_defaultlib.xpm_fifo_async(FIFO_MEMORY_TYPE=...
Compiling module xil_defaultlib.xpm_memory_base(MEMORY_TYPE=1,ME...
Compiling module xil_defaultlib.xpm_fifo_base(COMMON_CLOCK=0,FIF...
Compiling module xil_defaultlib.xpm_fifo_async(FIFO_MEMORY_TYPE=...
Compiling module xil_defaultlib.xpm_memory_base(MEMORY_TYPE=1,ME...
Compiling module xil_defaultlib.xpm_fifo_base(COMMON_CLOCK=0,FIF...
Compiling module xil_defaultlib.xpm_fifo_async(FIFO_MEMORY_TYPE=...
Compiling module xil_defaultlib.xpm_fifo_base(COMMON_CLOCK=0,FIF...
Compiling module xil_defaultlib.xpm_fifo_async(FIFO_MEMORY_TYPE=...
Compiling module xil_defaultlib.xpm_memory_base(MEMORY_TYPE=1,ME...
Compiling module xil_defaultlib.xpm_fifo_base(COMMON_CLOCK=0,FIF...
Compiling module xil_defaultlib.xpm_fifo_async(FIFO_MEMORY_TYPE=...
Compiling module xil_defaultlib.S_SYNCER_for_S_SYNCER_for_S_SYNC...
Compiling module xil_defaultlib.xpm_fifo_base(FIFO_MEMORY_TYPE=2...
Compiling module xil_defaultlib.xpm_fifo_sync(FIFO_MEMORY_TYPE="...
Compiling module xil_defaultlib.xpm_fifo_base(FIFO_MEMORY_TYPE=1...
Compiling module xil_defaultlib.xpm_fifo_sync(FIFO_MEMORY_TYPE="...
Compiling module xil_defaultlib.xpm_fifo_base(COMMON_CLOCK=0,FIF...
Compiling module xil_defaultlib.xpm_fifo_async(FIFO_MEMORY_TYPE=...
Compiling module xil_defaultlib.xpm_fifo_base(COMMON_CLOCK=0,FIF...
Compiling module xil_defaultlib.xpm_fifo_async(FIFO_MEMORY_TYPE=...
Compiling module xil_defaultlib.xpm_memory_base(MEMORY_TYPE=1,ME...
Compiling module xil_defaultlib.xpm_fifo_base(COMMON_CLOCK=0,FIF...
Compiling module xil_defaultlib.xpm_fifo_async(FIFO_MEMORY_TYPE=...
Compiling module xil_defaultlib.xpm_fifo_base(COMMON_CLOCK=0,FIF...
Compiling module xil_defaultlib.xpm_fifo_async(FIFO_MEMORY_TYPE=...
Compiling module xil_defaultlib.xpm_fifo_base(COMMON_CLOCK=0,FIF...
Compiling module xil_defaultlib.xpm_fifo_async(FIFO_MEMORY_TYPE=...
Compiling module xil_defaultlib.xpm_fifo_base(COMMON_CLOCK=0,FIF...
Compiling module xil_defaultlib.xpm_fifo_async(FIFO_MEMORY_TYPE=...
Compiling module xil_defaultlib.xpm_counter_updn(COUNTER_WIDTH=8...
Compiling module xil_defaultlib.xpm_counter_updn(COUNTER_WIDTH=7...
Compiling module xil_defaultlib.xpm_counter_updn(COUNTER_WIDTH=7...
Compiling module xil_defaultlib.xpm_memory_base(MEMORY_TYPE=1,ME...
Compiling module xil_defaultlib.xpm_cdc_gray(DEST_SYNC_FF=2,INIT...
Compiling module xil_defaultlib.xpm_fifo_reg_vec(REG_WIDTH=7)
Compiling module xil_defaultlib.xpm_fifo_base(COMMON_CLOCK=0,FIF...
Compiling module xil_defaultlib.xpm_fifo_async(FIFO_MEMORY_TYPE=...
Compiling module xil_defaultlib.xpm_fifo_base(COMMON_CLOCK=0,FIF...
Compiling module xil_defaultlib.xpm_fifo_async(FIFO_MEMORY_TYPE=...
Compiling module xil_defaultlib.xpm_fifo_base(COMMON_CLOCK=0,FIF...
Compiling module xil_defaultlib.xpm_fifo_async(FIFO_MEMORY_TYPE=...
Compiling module xil_defaultlib.S_SYNCER_for_S_SYNCER_for_S_SYNC...
Compiling module xil_defaultlib.xpm_fifo_base(FIFO_MEMORY_TYPE=2...
Compiling module xil_defaultlib.xpm_fifo_sync(FIFO_MEMORY_TYPE="...
Compiling module xil_defaultlib.xpm_fifo_base(FIFO_MEMORY_TYPE=1...
Compiling module xil_defaultlib.xpm_fifo_sync(FIFO_MEMORY_TYPE="...
Compiling module xil_defaultlib.xpm_fifo_base(COMMON_CLOCK=0,FIF...
Compiling module xil_defaultlib.xpm_fifo_async(FIFO_MEMORY_TYPE=...
Compiling module xil_defaultlib.xpm_fifo_base(COMMON_CLOCK=0,FIF...
Compiling module xil_defaultlib.xpm_fifo_async(FIFO_MEMORY_TYPE=...
Compiling module xil_defaultlib.xpm_fifo_base(COMMON_CLOCK=0,FIF...
Compiling module xil_defaultlib.xpm_fifo_async(FIFO_MEMORY_TYPE=...
Compiling module xil_defaultlib.xpm_fifo_base(COMMON_CLOCK=0,FIF...
Compiling module xil_defaultlib.xpm_fifo_async(FIFO_MEMORY_TYPE=...
Compiling module xil_defaultlib.xpm_fifo_base(COMMON_CLOCK=0,FIF...
Compiling module xil_defaultlib.xpm_fifo_async(FIFO_MEMORY_TYPE=...
Compiling module xil_defaultlib.xpm_fifo_base(COMMON_CLOCK=0,FIF...
Compiling module xil_defaultlib.xpm_fifo_async(FIFO_MEMORY_TYPE=...
Compiling module xil_defaultlib.xpm_memory_base(MEMORY_TYPE=1,ME...
Compiling module xil_defaultlib.xpm_fifo_base(COMMON_CLOCK=0,FIF...
Compiling module xil_defaultlib.xpm_fifo_async(FIFO_MEMORY_TYPE=...
Compiling module xil_defaultlib.xpm_fifo_base(COMMON_CLOCK=0,FIF...
Compiling module xil_defaultlib.xpm_fifo_async(FIFO_MEMORY_TYPE=...
Compiling module xil_defaultlib.xpm_fifo_base(COMMON_CLOCK=0,FIF...
Compiling module xil_defaultlib.xpm_fifo_async(FIFO_MEMORY_TYPE=...
Compiling module xil_defaultlib.S_SYNCER_for_S_SYNCER_for_TopDep...
Compiling module xil_defaultlib.xpm_fifo_base(FIFO_MEMORY_TYPE=2...
Compiling module xil_defaultlib.xpm_fifo_sync(FIFO_MEMORY_TYPE="...
Compiling module xil_defaultlib.xpm_fifo_base(FIFO_MEMORY_TYPE=1...
Compiling module xil_defaultlib.xpm_fifo_sync(FIFO_MEMORY_TYPE="...
Compiling module xil_defaultlib.xpm_fifo_base(COMMON_CLOCK=0,FIF...
Compiling module xil_defaultlib.xpm_fifo_async(FIFO_MEMORY_TYPE=...
Compiling module xil_defaultlib.xpm_fifo_base(COMMON_CLOCK=0,FIF...
Compiling module xil_defaultlib.xpm_fifo_async(FIFO_MEMORY_TYPE=...
Compiling module xil_defaultlib.S_SYNCER_for_TopDeparser
Compiling module xil_defaultlib.xpm_memory_base(MEMORY_TYPE=1,ME...
Compiling module xil_defaultlib.xpm_fifo_base(FIFO_MEMORY_TYPE=2...
Compiling module xil_defaultlib.xpm_fifo_sync(FIFO_MEMORY_TYPE="...
Compiling module xil_defaultlib.xpm_fifo_base(COMMON_CLOCK=0,FIF...
Compiling module xil_defaultlib.xpm_fifo_async(FIFO_MEMORY_TYPE=...
Compiling module xil_defaultlib.S_SYNCER_for__OUT_
Compiling module xil_defaultlib.S_CONTROLLER_SimpleSumeSwitch
Compiling module xil_defaultlib.SimpleSumeSwitch
Compiling module xil_defaultlib.nf_sume_sdnet
Compiling module xil_defaultlib.nf_sume_sdnet_ip
Compiling module xil_defaultlib.enqueue_agent_v0_1
Compiling module blk_mem_gen_v8_4_1.blk_mem_gen_v8_4_1_output_stage(...
Compiling module blk_mem_gen_v8_4_1.blk_mem_gen_v8_4_1_softecc_outpu...
Compiling module blk_mem_gen_v8_4_1.blk_mem_gen_v8_4_1_mem_module(C_...
Compiling module blk_mem_gen_v8_4_1.blk_mem_gen_v8_4_1(C_ELABORATION...
Compiling module xil_defaultlib.addr_table_12_4096_with_coe
Compiling module xil_defaultlib.addr_manager_v0_2(ADDR_WIDTH=9,A...
Compiling module blk_mem_gen_v8_4_1.blk_mem_gen_v8_4_1_output_stage(...
Compiling module blk_mem_gen_v8_4_1.blk_mem_gen_v8_4_1_softecc_outpu...
Compiling module blk_mem_gen_v8_4_1.blk_mem_gen_v8_4_1_mem_module(C_...
Compiling module blk_mem_gen_v8_4_1.blk_mem_gen_v8_4_1(C_ELABORATION...
Compiling module xil_defaultlib.buffer_pkt_289_4096
Compiling module blk_mem_gen_v8_4_1.blk_mem_gen_v8_4_1_output_stage(...
Compiling module blk_mem_gen_v8_4_1.blk_mem_gen_v8_4_1_softecc_outpu...
Compiling module blk_mem_gen_v8_4_1.blk_mem_gen_v8_4_1_mem_module(C_...
Compiling module blk_mem_gen_v8_4_1.blk_mem_gen_v8_4_1(C_ELABORATION...
Compiling module xil_defaultlib.buffer_meta_128_4096
Compiling module blk_mem_gen_v8_4_1.blk_mem_gen_v8_4_1_output_stage(...
Compiling module blk_mem_gen_v8_4_1.blk_mem_gen_v8_4_1_softecc_outpu...
Compiling module blk_mem_gen_v8_4_1.blk_mem_gen_v8_4_1_mem_module(C_...
Compiling module blk_mem_gen_v8_4_1.blk_mem_gen_v8_4_1(C_ELABORATION...
Compiling module xil_defaultlib.buffer_pifo_32_4096
Compiling module xil_defaultlib.buffer_wrapper_v1_0_with_cpu(C_S...
Compiling module xil_defaultlib.pifo_calendar_atom_v0_2
Compiling module xil_defaultlib.pifo_calendar_v0_1_with_cpu(PIFO...
Compiling module xil_defaultlib.output_queue_bypass_checker
Compiling module xil_defaultlib.output_queue_v0_1_with_cpu(BUFFE...
Compiling module xil_defaultlib.sss_small_fifo(WIDTH=289,MAX_DEP...
Compiling module xil_defaultlib.sss_fallthrough_small_fifo(WIDTH...
Compiling module xil_defaultlib.small_fifo(WIDTH=128,MAX_DEPTH_B...
Compiling module xil_defaultlib.fallthrough_small_fifo(WIDTH=128...
Compiling module xil_defaultlib.sss_output_queue_single_default
Compiling module xil_defaultlib.cpu_sub(BUFFER_ADDR_INDEX_WIDTH=...
Compiling module xil_defaultlib.scheduler_top_v0_1(C_S_AXI_ADDR_...
Compiling module xil_defaultlib.nf_datapath
Compiling module blk_mem_gen_v8_4_1.beh_vlog_ff_clr_v8_4(INIT=1'b0)
Compiling module blk_mem_gen_v8_4_1.beh_vlog_ff_pre_v8_4(INIT=1'b1)
Compiling module blk_mem_gen_v8_4_1.STATE_LOGIC_v8_4(INIT=64'b010101...
Compiling module blk_mem_gen_v8_4_1.STATE_LOGIC_v8_4(INIT=64'b010001...
Compiling module blk_mem_gen_v8_4_1.STATE_LOGIC_v8_4(INIT=64'b010101...
Compiling module blk_mem_gen_v8_4_1.STATE_LOGIC_v8_4(INIT=64'b111101...
Compiling module blk_mem_gen_v8_4_1.STATE_LOGIC_v8_4(INIT=64'b100010...
Compiling module blk_mem_gen_v8_4_1.STATE_LOGIC_v8_4(INIT=64'b010101...
Compiling module blk_mem_gen_v8_4_1.STATE_LOGIC_v8_4(INIT=64'b010111...
Compiling module blk_mem_gen_v8_4_1.STATE_LOGIC_v8_4(INIT=64'b011111...
Compiling module blk_mem_gen_v8_4_1.STATE_LOGIC_v8_4(INIT=64'b011101...
Compiling module blk_mem_gen_v8_4_1.write_netlist_v8_4_default
Compiling module blk_mem_gen_v8_4_1.blk_mem_axi_write_wrapper_beh_v8...
Compiling module blk_mem_gen_v8_4_1.beh_vlog_ff_ce_clr_v8_4(INIT=1'b...
Compiling module blk_mem_gen_v8_4_1.STATE_LOGIC_v8_4(INIT=64'b01011)
Compiling module blk_mem_gen_v8_4_1.STATE_LOGIC_v8_4(INIT=64'b01000)
Compiling module blk_mem_gen_v8_4_1.STATE_LOGIC_v8_4(INIT=64'b0100)
Compiling module blk_mem_gen_v8_4_1.STATE_LOGIC_v8_4(INIT=64'b111011...
Compiling module blk_mem_gen_v8_4_1.STATE_LOGIC_v8_4(INIT=64'b010001...
Compiling module blk_mem_gen_v8_4_1.STATE_LOGIC_v8_4(INIT=64'b010000...
Compiling module blk_mem_gen_v8_4_1.STATE_LOGIC_v8_4(INIT=64'b011111...
Compiling module blk_mem_gen_v8_4_1.STATE_LOGIC_v8_4(INIT=64'b01)
Compiling module blk_mem_gen_v8_4_1.STATE_LOGIC_v8_4(INIT=64'b0111)
Compiling module blk_mem_gen_v8_4_1.STATE_LOGIC_v8_4(INIT=64'b010000...
Compiling module blk_mem_gen_v8_4_1.STATE_LOGIC_v8_4(INIT=64'b010001...
Compiling module blk_mem_gen_v8_4_1.STATE_LOGIC_v8_4(INIT=64'b011101...
Compiling module blk_mem_gen_v8_4_1.STATE_LOGIC_v8_4(INIT=64'b111111...
Compiling module blk_mem_gen_v8_4_1.STATE_LOGIC_v8_4(INIT=64'b010101...
Compiling module blk_mem_gen_v8_4_1.STATE_LOGIC_v8_4(INIT=64'b111100...
Compiling module blk_mem_gen_v8_4_1.beh_vlog_muxf7_v8_4
Compiling module blk_mem_gen_v8_4_1.STATE_LOGIC_v8_4(INIT=64'b010101...
Compiling module blk_mem_gen_v8_4_1.STATE_LOGIC_v8_4(INIT=64'b011100...
Compiling module blk_mem_gen_v8_4_1.STATE_LOGIC_v8_4(INIT=64'b011111...
Compiling module blk_mem_gen_v8_4_1.STATE_LOGIC_v8_4(INIT=64'b010001...
Compiling module blk_mem_gen_v8_4_1.STATE_LOGIC_v8_4(INIT=64'b010001...
Compiling module blk_mem_gen_v8_4_1.STATE_LOGIC_v8_4(INIT=64'b011100...
Compiling module blk_mem_gen_v8_4_1.read_netlist_v8_4(C_ADDRB_WIDTH=...
Compiling module blk_mem_gen_v8_4_1.blk_mem_axi_read_wrapper_beh_v8_...
Compiling module blk_mem_gen_v8_4_1.blk_mem_gen_v8_4_1_output_stage(...
Compiling module blk_mem_gen_v8_4_1.blk_mem_gen_v8_4_1_output_stage(...
Compiling module blk_mem_gen_v8_4_1.blk_mem_gen_v8_4_1_softecc_outpu...
Compiling module blk_mem_gen_v8_4_1.blk_mem_gen_v8_4_1_mem_module(C_...
Compiling module blk_mem_gen_v8_4_1.blk_mem_gen_v8_4_1(C_ELABORATION...
Compiling module xil_defaultlib.identifier_ip
Compiling architecture rtl of entity xil_defaultlib.axis_sim_stim [\axis_sim_stim(input_file="/home...]
Compiling architecture axis_sim_stim_ip0_arch of entity xil_defaultlib.axis_sim_stim_ip0 [axis_sim_stim_ip0_default]
Compiling architecture rtl of entity xil_defaultlib.axis_sim_stim [\axis_sim_stim(input_file="/home...]
Compiling architecture axis_sim_stim_ip1_arch of entity xil_defaultlib.axis_sim_stim_ip1 [axis_sim_stim_ip1_default]
Compiling architecture rtl of entity xil_defaultlib.axis_sim_stim [\axis_sim_stim(input_file="/home...]
Compiling architecture axis_sim_stim_ip2_arch of entity xil_defaultlib.axis_sim_stim_ip2 [axis_sim_stim_ip2_default]
Compiling architecture rtl of entity xil_defaultlib.axis_sim_stim [\axis_sim_stim(input_file="/home...]
Compiling architecture axis_sim_stim_ip3_arch of entity xil_defaultlib.axis_sim_stim_ip3 [axis_sim_stim_ip3_default]
Compiling architecture rtl of entity xil_defaultlib.axis_sim_stim [\axis_sim_stim(input_file="/home...]
Compiling architecture axis_sim_stim_ip4_arch of entity xil_defaultlib.axis_sim_stim_ip4 [axis_sim_stim_ip4_default]
Compiling module xil_defaultlib.axis_sim_record(OUTPUT_FILE="/ho...
Compiling module xil_defaultlib.axis_sim_record_ip0
Compiling module xil_defaultlib.axis_sim_record(OUTPUT_FILE="/ho...
Compiling module xil_defaultlib.axis_sim_record_ip1
Compiling module xil_defaultlib.axis_sim_record(OUTPUT_FILE="/ho...
Compiling module xil_defaultlib.axis_sim_record_ip2
Compiling module xil_defaultlib.axis_sim_record(OUTPUT_FILE="/ho...
Compiling module xil_defaultlib.axis_sim_record_ip3
Compiling module xil_defaultlib.axis_sim_record(OUTPUT_FILE="/ho...
Compiling module xil_defaultlib.axis_sim_record_ip4
Compiling module fifo_generator_v13_2_2.fifo_generator_v13_2_2_sync_stag...
Compiling module fifo_generator_v13_2_2.fifo_generator_v13_2_2_bhv_ver_a...
Compiling module fifo_generator_v13_2_2.fifo_generator_v13_2_2_bhv_ver_p...
Compiling module fifo_generator_v13_2_2.fifo_generator_v13_2_2_CONV_VER(...
Compiling module fifo_generator_v13_2_2.fifo_generator_vlog_beh(C_DATA_C...
Compiling module fifo_generator_v13_2_2.fifo_generator_v13_2_2_bhv_ver_a...
Compiling module fifo_generator_v13_2_2.fifo_generator_v13_2_2_bhv_ver_p...
Compiling module fifo_generator_v13_2_2.fifo_generator_v13_2_2_CONV_VER(...
Compiling module fifo_generator_v13_2_2.fifo_generator_vlog_beh(C_DATA_C...
Compiling module fifo_generator_v13_2_2.fifo_generator_v13_2_2_bhv_ver_a...
Compiling module fifo_generator_v13_2_2.fifo_generator_v13_2_2_bhv_ver_p...
Compiling module fifo_generator_v13_2_2.fifo_generator_v13_2_2_CONV_VER(...
Compiling module fifo_generator_v13_2_2.fifo_generator_vlog_beh(C_DATA_C...
Compiling module fifo_generator_v13_2_2.fifo_generator_vlog_beh(C_DATA_C...
Compiling module fifo_generator_v13_2_2.fifo_generator_v13_2_2_bhv_ver_a...
Compiling module fifo_generator_v13_2_2.fifo_generator_v13_2_2_bhv_ver_p...
Compiling module fifo_generator_v13_2_2.fifo_generator_v13_2_2_CONV_VER(...
Compiling module fifo_generator_v13_2_2.fifo_generator_vlog_beh(C_DATA_C...
Compiling module fifo_generator_v13_2_2.fifo_generator_v13_2_2(C_DATA_CO...
Compiling module axi_clock_converter_v2_1_16.axi_clock_converter_v2_1_16_axi_...
Compiling module xil_defaultlib.control_sub_axi_clock_converter_...
Compiling module axi_data_fifo_v2_1_16.axi_data_fifo_v2_1_16_axi_data_f...
Compiling module xil_defaultlib.control_sub_m00_data_fifo_0
Compiling module xil_defaultlib.m00_couplers_imp_35MSE9
Compiling module xil_defaultlib.control_sub_m01_data_fifo_0
Compiling module xil_defaultlib.m01_couplers_imp_159MA5B
Compiling module xil_defaultlib.control_sub_m02_data_fifo_0
Compiling module xil_defaultlib.m02_couplers_imp_1UHPQGS
Compiling module xil_defaultlib.control_sub_m03_data_fifo_0
Compiling module xil_defaultlib.m03_couplers_imp_V7OM1U
Compiling module xil_defaultlib.control_sub_m04_data_fifo_0
Compiling module xil_defaultlib.m04_couplers_imp_73P722
Compiling module xil_defaultlib.control_sub_m05_data_fifo_0
Compiling module xil_defaultlib.m05_couplers_imp_1194TWK
Compiling module xil_defaultlib.control_sub_m06_data_fifo_0
Compiling module xil_defaultlib.m06_couplers_imp_1YASCCN
Compiling module xil_defaultlib.control_sub_m07_data_fifo_0
Compiling module xil_defaultlib.m07_couplers_imp_RC6YHL
Compiling module axi_infrastructure_v1_1_0.axi_infrastructure_v1_1_0_axi2ve...
Compiling module axi_register_slice_v2_1_17.axi_register_slice_v2_1_17_axic_...
Compiling module axi_register_slice_v2_1_17.axi_register_slice_v2_1_17_axic_...
Compiling module axi_register_slice_v2_1_17.axi_register_slice_v2_1_17_axic_...
Compiling module axi_register_slice_v2_1_17.axi_register_slice_v2_1_17_axic_...
Compiling module axi_infrastructure_v1_1_0.axi_infrastructure_v1_1_0_vector...
Compiling module axi_register_slice_v2_1_17.axi_register_slice_v2_1_17_axi_r...
Compiling module axi_protocol_converter_v2_1_17.axi_protocol_converter_v2_1_17_b...
Compiling module axi_protocol_converter_v2_1_17.axi_protocol_converter_v2_1_17_b...
Compiling module axi_protocol_converter_v2_1_17.axi_protocol_converter_v2_1_17_b...
Compiling module axi_protocol_converter_v2_1_17.axi_protocol_converter_v2_1_17_b...
Compiling module axi_protocol_converter_v2_1_17.axi_protocol_converter_v2_1_17_b...
Compiling module axi_protocol_converter_v2_1_17.axi_protocol_converter_v2_1_17_b...
Compiling module axi_protocol_converter_v2_1_17.axi_protocol_converter_v2_1_17_b...
Compiling module axi_protocol_converter_v2_1_17.axi_protocol_converter_v2_1_17_b...
Compiling module axi_protocol_converter_v2_1_17.axi_protocol_converter_v2_1_17_b...
Compiling module axi_protocol_converter_v2_1_17.axi_protocol_converter_v2_1_17_b...
Compiling module axi_protocol_converter_v2_1_17.axi_protocol_converter_v2_1_17_b...
Compiling module axi_protocol_converter_v2_1_17.axi_protocol_converter_v2_1_17_b...
Compiling module axi_protocol_converter_v2_1_17.axi_protocol_converter_v2_1_17_b...
Compiling module axi_infrastructure_v1_1_0.axi_infrastructure_v1_1_0_axi2ve...
Compiling module axi_register_slice_v2_1_17.axi_register_slice_v2_1_17_axic_...
Compiling module axi_register_slice_v2_1_17.axi_register_slice_v2_1_17_axic_...
Compiling module axi_register_slice_v2_1_17.axi_register_slice_v2_1_17_axic_...
Compiling module axi_register_slice_v2_1_17.axi_register_slice_v2_1_17_axic_...
Compiling module axi_infrastructure_v1_1_0.axi_infrastructure_v1_1_0_vector...
Compiling module axi_register_slice_v2_1_17.axi_register_slice_v2_1_17_axi_r...
Compiling module axi_protocol_converter_v2_1_17.axi_protocol_converter_v2_1_17_b...
Compiling module axi_protocol_converter_v2_1_17.axi_protocol_converter_v2_1_17_a...
Compiling module xil_defaultlib.control_sub_auto_pc_0
Compiling module xil_defaultlib.control_sub_s00_data_fifo_0
Compiling module xil_defaultlib.s00_couplers_imp_1S77UJ5
Compiling module axi_mmu_v2_1_15.axi_mmu_v2_1_15_addr_decoder(C_F...
Compiling module axi_mmu_v2_1_15.axi_mmu_v2_1_15_decerr_slave(C_R...
Compiling module axi_infrastructure_v1_1_0.axi_infrastructure_v1_1_0_axi2ve...
Compiling module axi_register_slice_v2_1_17.axi_register_slice_v2_1_17_axic_...
Compiling module axi_register_slice_v2_1_17.axi_register_slice_v2_1_17_axic_...
Compiling module axi_register_slice_v2_1_17.axi_register_slice_v2_1_17_axic_...
Compiling module axi_register_slice_v2_1_17.axi_register_slice_v2_1_17_axic_...
Compiling module axi_infrastructure_v1_1_0.axi_infrastructure_v1_1_0_vector...
Compiling module axi_register_slice_v2_1_17.axi_register_slice_v2_1_17_axi_r...
Compiling module axi_mmu_v2_1_15.axi_mmu_v2_1_15_top(C_FAMILY="vi...
Compiling module xil_defaultlib.control_sub_s00_mmu_0
Compiling module axi_crossbar_v2_1_18.axi_crossbar_v2_1_18_addr_arbite...
Compiling module generic_baseblocks_v2_1_0.generic_baseblocks_v2_1_0_carry_...
Compiling module generic_baseblocks_v2_1_0.generic_baseblocks_v2_1_0_compar...
Compiling module generic_baseblocks_v2_1_0.generic_baseblocks_v2_1_0_compar...
Compiling module generic_baseblocks_v2_1_0.generic_baseblocks_v2_1_0_compar...
Compiling module generic_baseblocks_v2_1_0.generic_baseblocks_v2_1_0_compar...
Compiling module axi_crossbar_v2_1_18.axi_crossbar_v2_1_18_addr_decode...
Compiling module axi_crossbar_v2_1_18.axi_crossbar_v2_1_18_splitter(C_...
Compiling module axi_crossbar_v2_1_18.axi_crossbar_v2_1_18_splitter
Compiling module generic_baseblocks_v2_1_0.generic_baseblocks_v2_1_0_mux_en...
Compiling module generic_baseblocks_v2_1_0.generic_baseblocks_v2_1_0_mux_en...
Compiling module generic_baseblocks_v2_1_0.generic_baseblocks_v2_1_0_mux_en...
Compiling module axi_register_slice_v2_1_17.axi_register_slice_v2_1_17_axic_...
Compiling module generic_baseblocks_v2_1_0.generic_baseblocks_v2_1_0_mux_en...
Compiling module axi_crossbar_v2_1_18.axi_crossbar_v2_1_18_decerr_slav...
Compiling module axi_crossbar_v2_1_18.axi_crossbar_v2_1_18_crossbar_sa...
Compiling module axi_crossbar_v2_1_18.axi_crossbar_v2_1_18_axi_crossba...
Compiling module xil_defaultlib.control_sub_xbar_0
Compiling module xil_defaultlib.control_sub_axi_interconnect_0_0
Compiling module xil_defaultlib.control_sub
Compiling architecture imp of entity lib_srl_fifo_v1_0_2.cntr_incr_decr_addn_f [\cntr_incr_decr_addn_f(c_size=5)...]
Compiling architecture behavioral of entity lib_srl_fifo_v1_0_2.dynshreg_f [\dynshreg_f(c_depth=16,c_dwidth=...]
Compiling architecture imp of entity lib_srl_fifo_v1_0_2.srl_fifo_rbu_f [\srl_fifo_rbu_f(c_dwidth=64)(1,8...]
Compiling architecture imp of entity lib_srl_fifo_v1_0_2.srl_fifo_f [\srl_fifo_f(c_dwidth=64)(1,8)\]
Compiling architecture behavioral of entity lib_srl_fifo_v1_0_2.dynshreg_f [\dynshreg_f(c_depth=16,c_dwidth=...]
Compiling architecture imp of entity lib_srl_fifo_v1_0_2.srl_fifo_rbu_f [\srl_fifo_rbu_f(c_dwidth=32)(1,8...]
Compiling architecture imp of entity lib_srl_fifo_v1_0_2.srl_fifo_f [\srl_fifo_f(c_dwidth=32)(1,8)\]
Compiling architecture behavioral of entity lib_srl_fifo_v1_0_2.dynshreg_f [\dynshreg_f(c_depth=16,c_dwidth=...]
Compiling architecture imp of entity lib_srl_fifo_v1_0_2.srl_fifo_rbu_f [\srl_fifo_rbu_f(c_dwidth=36)(1,8...]
Compiling architecture imp of entity lib_srl_fifo_v1_0_2.srl_fifo_f [\srl_fifo_f(c_dwidth=36)(1,8)\]
Compiling architecture rtl of entity xil_defaultlib.transactor_fifos [transactor_fifos_default]
Compiling architecture rtl of entity xil_defaultlib.axi_sim_transactor [\axi_sim_transactor(stim_file="/...]
Compiling architecture axi_sim_transactor_ip_arch of entity xil_defaultlib.axi_sim_transactor_ip [axi_sim_transactor_ip_default]
Compiling module xil_defaultlib.barrier
Compiling module xil_defaultlib.barrier_ip
Compiling module xil_defaultlib.top_sim(PL_SIM_FAST_LINK_TRAININ...
Compiling module xil_defaultlib.top_tb
Compiling module xil_defaultlib.glbl
Built simulation snapshot top_tb_behav
