INFO: [VRFC 10-163] Analyzing VHDL file "/home/rym/Documents/P4-NetFPGA-live/contrib-projects/sume-sdnet-switch/projects/switch_calc_pifo/simple_sume_switch/hw/project/simple_sume_switch.ip_user_files/ipstatic/lib_pkg_v1_0_2/hdl/lib_pkg_v1_0_rfs.vhd" into library lib_pkg_v1_0_2
INFO: [VRFC 10-163] Analyzing VHDL file "/home/rym/Documents/P4-NetFPGA-live/contrib-projects/sume-sdnet-switch/projects/switch_calc_pifo/simple_sume_switch/hw/project/simple_sume_switch.ip_user_files/ipstatic/lib_srl_fifo_v1_0_2/hdl/lib_srl_fifo_v1_0_rfs.vhd" into library lib_srl_fifo_v1_0_2
INFO: [VRFC 10-307] analyzing entity cntr_incr_decr_addn_f
INFO: [VRFC 10-307] analyzing entity dynshreg_f
INFO: [VRFC 10-307] analyzing entity srl_fifo_rbu_f
INFO: [VRFC 10-307] analyzing entity srl_fifo_f
INFO: [VRFC 10-163] Analyzing VHDL file "/home/rym/Documents/P4-NetFPGA-live/contrib-projects/sume-sdnet-switch/projects/switch_calc_pifo/simple_sume_switch/hw/project/simple_sume_switch.srcs/sources_1/ip/axi_sim_transactor_ip/hdl/axis_sim_pkg/axis_sim_pkg.vhd" into library xil_defaultlib
INFO: [VRFC 10-163] Analyzing VHDL file "/home/rym/Documents/P4-NetFPGA-live/contrib-projects/sume-sdnet-switch/projects/switch_calc_pifo/simple_sume_switch/hw/project/simple_sume_switch.srcs/sources_1/ip/axi_sim_transactor_ip/hdl/transactor_fifos.vhd" into library xil_defaultlib
INFO: [VRFC 10-307] analyzing entity transactor_fifos
INFO: [VRFC 10-163] Analyzing VHDL file "/home/rym/Documents/P4-NetFPGA-live/contrib-projects/sume-sdnet-switch/projects/switch_calc_pifo/simple_sume_switch/hw/project/simple_sume_switch.srcs/sources_1/ip/axi_sim_transactor_ip/hdl/axi_sim_transactor.vhd" into library xil_defaultlib
INFO: [VRFC 10-307] analyzing entity axi_sim_transactor
INFO: [VRFC 10-163] Analyzing VHDL file "/home/rym/Documents/P4-NetFPGA-live/contrib-projects/sume-sdnet-switch/projects/switch_calc_pifo/simple_sume_switch/hw/project/simple_sume_switch.srcs/sources_1/ip/axi_sim_transactor_ip/sim/axi_sim_transactor_ip.vhd" into library xil_defaultlib
INFO: [VRFC 10-307] analyzing entity axi_sim_transactor_ip
INFO: [VRFC 10-163] Analyzing VHDL file "/home/rym/Documents/P4-NetFPGA-live/contrib-projects/sume-sdnet-switch/projects/switch_calc_pifo/simple_sume_switch/hw/project/simple_sume_switch.srcs/sources_1/bd/control_sub/ipshared/7aff/hdl/fifo_generator_v13_2_rfs.vhd" into library fifo_generator_v13_2_2
INFO: [VRFC 10-307] analyzing entity input_blk
INFO: [VRFC 10-307] analyzing entity output_blk
INFO: [VRFC 10-307] analyzing entity shft_wrapper
INFO: [VRFC 10-307] analyzing entity shft_ram
INFO: [VRFC 10-307] analyzing entity wr_pf_as
INFO: [VRFC 10-307] analyzing entity wr_pf_ss
INFO: [VRFC 10-307] analyzing entity rd_pe_as
INFO: [VRFC 10-307] analyzing entity rd_pe_ss
INFO: [VRFC 10-307] analyzing entity synchronizer_ff
INFO: [VRFC 10-307] analyzing entity delay
INFO: [VRFC 10-307] analyzing entity bin_cntr
INFO: [VRFC 10-307] analyzing entity clk_x_pntrs_builtin
INFO: [VRFC 10-307] analyzing entity logic_builtin
INFO: [VRFC 10-307] analyzing entity builtin_prim
INFO: [VRFC 10-307] analyzing entity builtin_extdepth
INFO: [VRFC 10-307] analyzing entity builtin_top
INFO: [VRFC 10-307] analyzing entity reset_builtin
INFO: [VRFC 10-307] analyzing entity builtin_prim_v6
INFO: [VRFC 10-307] analyzing entity builtin_extdepth_v6
INFO: [VRFC 10-307] analyzing entity builtin_extdepth_low_latency
INFO: [VRFC 10-307] analyzing entity builtin_top_v6
INFO: [VRFC 10-307] analyzing entity fifo_generator_v13_2_2_builtin
INFO: [VRFC 10-307] analyzing entity bram_sync_reg
INFO: [VRFC 10-307] analyzing entity bram_fifo_rstlogic
INFO: [VRFC 10-307] analyzing entity reset_blk_ramfifo
INFO: [VRFC 10-307] analyzing entity axi_reg_slice
INFO: [VRFC 10-307] analyzing entity fifo_generator_top
INFO: [VRFC 10-307] analyzing entity fifo_generator_v13_2_2_synth
INFO: [VRFC 10-163] Analyzing VHDL file "/home/rym/Documents/P4-NetFPGA-live/contrib-projects/sume-sdnet-switch/projects/switch_calc_pifo/simple_sume_switch/hw/project/simple_sume_switch.srcs/sources_1/ip/axis_sim_stim_ip4/hdl/axis_sim_pkg/axis_sim_pkg.vhd" into library xil_defaultlib
INFO: [VRFC 10-163] Analyzing VHDL file "/home/rym/Documents/P4-NetFPGA-live/contrib-projects/sume-sdnet-switch/projects/switch_calc_pifo/simple_sume_switch/hw/project/simple_sume_switch.srcs/sources_1/ip/axis_sim_stim_ip4/hdl/axis_sim_stim.vhd" into library xil_defaultlib
INFO: [VRFC 10-307] analyzing entity axis_sim_stim
INFO: [VRFC 10-163] Analyzing VHDL file "/home/rym/Documents/P4-NetFPGA-live/contrib-projects/sume-sdnet-switch/projects/switch_calc_pifo/simple_sume_switch/hw/project/simple_sume_switch.srcs/sources_1/ip/axis_sim_stim_ip4/sim/axis_sim_stim_ip4.vhd" into library xil_defaultlib
INFO: [VRFC 10-307] analyzing entity axis_sim_stim_ip4
INFO: [VRFC 10-163] Analyzing VHDL file "/home/rym/Documents/P4-NetFPGA-live/contrib-projects/sume-sdnet-switch/projects/switch_calc_pifo/simple_sume_switch/hw/project/simple_sume_switch.srcs/sources_1/ip/axis_sim_stim_ip3/hdl/axis_sim_pkg/axis_sim_pkg.vhd" into library xil_defaultlib
INFO: [VRFC 10-163] Analyzing VHDL file "/home/rym/Documents/P4-NetFPGA-live/contrib-projects/sume-sdnet-switch/projects/switch_calc_pifo/simple_sume_switch/hw/project/simple_sume_switch.srcs/sources_1/ip/axis_sim_stim_ip3/hdl/axis_sim_stim.vhd" into library xil_defaultlib
INFO: [VRFC 10-307] analyzing entity axis_sim_stim
INFO: [VRFC 10-163] Analyzing VHDL file "/home/rym/Documents/P4-NetFPGA-live/contrib-projects/sume-sdnet-switch/projects/switch_calc_pifo/simple_sume_switch/hw/project/simple_sume_switch.srcs/sources_1/ip/axis_sim_stim_ip3/sim/axis_sim_stim_ip3.vhd" into library xil_defaultlib
INFO: [VRFC 10-307] analyzing entity axis_sim_stim_ip3
INFO: [VRFC 10-163] Analyzing VHDL file "/home/rym/Documents/P4-NetFPGA-live/contrib-projects/sume-sdnet-switch/projects/switch_calc_pifo/simple_sume_switch/hw/project/simple_sume_switch.srcs/sources_1/ip/axis_sim_stim_ip2/hdl/axis_sim_pkg/axis_sim_pkg.vhd" into library xil_defaultlib
INFO: [VRFC 10-163] Analyzing VHDL file "/home/rym/Documents/P4-NetFPGA-live/contrib-projects/sume-sdnet-switch/projects/switch_calc_pifo/simple_sume_switch/hw/project/simple_sume_switch.srcs/sources_1/ip/axis_sim_stim_ip2/hdl/axis_sim_stim.vhd" into library xil_defaultlib
INFO: [VRFC 10-307] analyzing entity axis_sim_stim
INFO: [VRFC 10-163] Analyzing VHDL file "/home/rym/Documents/P4-NetFPGA-live/contrib-projects/sume-sdnet-switch/projects/switch_calc_pifo/simple_sume_switch/hw/project/simple_sume_switch.srcs/sources_1/ip/axis_sim_stim_ip2/sim/axis_sim_stim_ip2.vhd" into library xil_defaultlib
INFO: [VRFC 10-307] analyzing entity axis_sim_stim_ip2
INFO: [VRFC 10-163] Analyzing VHDL file "/home/rym/Documents/P4-NetFPGA-live/contrib-projects/sume-sdnet-switch/projects/switch_calc_pifo/simple_sume_switch/hw/project/simple_sume_switch.srcs/sources_1/ip/axis_sim_stim_ip1/hdl/axis_sim_pkg/axis_sim_pkg.vhd" into library xil_defaultlib
INFO: [VRFC 10-163] Analyzing VHDL file "/home/rym/Documents/P4-NetFPGA-live/contrib-projects/sume-sdnet-switch/projects/switch_calc_pifo/simple_sume_switch/hw/project/simple_sume_switch.srcs/sources_1/ip/axis_sim_stim_ip1/hdl/axis_sim_stim.vhd" into library xil_defaultlib
INFO: [VRFC 10-307] analyzing entity axis_sim_stim
INFO: [VRFC 10-163] Analyzing VHDL file "/home/rym/Documents/P4-NetFPGA-live/contrib-projects/sume-sdnet-switch/projects/switch_calc_pifo/simple_sume_switch/hw/project/simple_sume_switch.srcs/sources_1/ip/axis_sim_stim_ip1/sim/axis_sim_stim_ip1.vhd" into library xil_defaultlib
INFO: [VRFC 10-307] analyzing entity axis_sim_stim_ip1
INFO: [VRFC 10-163] Analyzing VHDL file "/home/rym/Documents/P4-NetFPGA-live/contrib-projects/sume-sdnet-switch/projects/switch_calc_pifo/simple_sume_switch/hw/project/simple_sume_switch.srcs/sources_1/ip/axis_sim_stim_ip0/hdl/axis_sim_pkg/axis_sim_pkg.vhd" into library xil_defaultlib
INFO: [VRFC 10-163] Analyzing VHDL file "/home/rym/Documents/P4-NetFPGA-live/contrib-projects/sume-sdnet-switch/projects/switch_calc_pifo/simple_sume_switch/hw/project/simple_sume_switch.srcs/sources_1/ip/axis_sim_stim_ip0/hdl/axis_sim_stim.vhd" into library xil_defaultlib
INFO: [VRFC 10-307] analyzing entity axis_sim_stim
INFO: [VRFC 10-163] Analyzing VHDL file "/home/rym/Documents/P4-NetFPGA-live/contrib-projects/sume-sdnet-switch/projects/switch_calc_pifo/simple_sume_switch/hw/project/simple_sume_switch.srcs/sources_1/ip/axis_sim_stim_ip0/sim/axis_sim_stim_ip0.vhd" into library xil_defaultlib
INFO: [VRFC 10-307] analyzing entity axis_sim_stim_ip0
INFO: [VRFC 10-163] Analyzing VHDL file "/home/rym/Documents/P4-NetFPGA-live/contrib-projects/sume-sdnet-switch/projects/switch_calc_pifo/simple_sume_switch/hw/project/simple_sume_switch.ip_user_files/ipstatic/fifo_generator_v13_2_2/hdl/fifo_generator_v13_2_rfs.vhd" into library fifo_generator_v13_2_2
INFO: [VRFC 10-307] analyzing entity input_blk
INFO: [VRFC 10-307] analyzing entity output_blk
INFO: [VRFC 10-307] analyzing entity shft_wrapper
INFO: [VRFC 10-307] analyzing entity shft_ram
INFO: [VRFC 10-307] analyzing entity wr_pf_as
INFO: [VRFC 10-307] analyzing entity wr_pf_ss
INFO: [VRFC 10-307] analyzing entity rd_pe_as
INFO: [VRFC 10-307] analyzing entity rd_pe_ss
INFO: [VRFC 10-307] analyzing entity synchronizer_ff
INFO: [VRFC 10-307] analyzing entity delay
INFO: [VRFC 10-307] analyzing entity bin_cntr
INFO: [VRFC 10-307] analyzing entity clk_x_pntrs_builtin
INFO: [VRFC 10-307] analyzing entity logic_builtin
INFO: [VRFC 10-307] analyzing entity builtin_prim
INFO: [VRFC 10-307] analyzing entity builtin_extdepth
INFO: [VRFC 10-307] analyzing entity builtin_top
INFO: [VRFC 10-307] analyzing entity reset_builtin
INFO: [VRFC 10-307] analyzing entity builtin_prim_v6
INFO: [VRFC 10-307] analyzing entity builtin_extdepth_v6
INFO: [VRFC 10-307] analyzing entity builtin_extdepth_low_latency
INFO: [VRFC 10-307] analyzing entity builtin_top_v6
INFO: [VRFC 10-307] analyzing entity fifo_generator_v13_2_2_builtin
INFO: [VRFC 10-307] analyzing entity bram_sync_reg
INFO: [VRFC 10-307] analyzing entity bram_fifo_rstlogic
INFO: [VRFC 10-307] analyzing entity reset_blk_ramfifo
INFO: [VRFC 10-307] analyzing entity axi_reg_slice
INFO: [VRFC 10-307] analyzing entity fifo_generator_top
INFO: [VRFC 10-307] analyzing entity fifo_generator_v13_2_2_synth
