#-----------------------------------------------------------
# Vivado v2018.2 (64-bit)
# SW Build 2258646 on Thu Jun 14 20:02:38 MDT 2018
# IP Build 2256618 on Thu Jun 14 22:10:49 MDT 2018
# Start of session at: Thu Nov  7 10:16:39 2019
# Process ID: 6974
# Current directory: /home/jkchoi/Documents/git/p4-netfpga-live/contrib-projects/sume-sdnet-switch/projects/switch_calc
# Command line: vivado
# Log file: /home/jkchoi/Documents/git/p4-netfpga-live/contrib-projects/sume-sdnet-switch/projects/switch_calc/vivado.log
# Journal file: /home/jkchoi/Documents/git/p4-netfpga-live/contrib-projects/sume-sdnet-switch/projects/switch_calc/vivado.jou
#-----------------------------------------------------------
start_gui
open_project /home/jkchoi/Documents/git/p4-netfpga-live/contrib-projects/sume-sdnet-switch/projects/switch_calc/simple_sume_switch/hw/project/simple_sume_switch.xpr
Scanning sources...
Finished scanning sources
INFO: [IP_Flow 19-234] Refreshing IP repositories
INFO: [IP_Flow 19-1700] Loaded user IP repository '/home/jkchoi/Documents/git/p4-netfpga-live/contrib-projects/sume-sdnet-switch/projects/switch_calc/simple_sume_switch/hw/ip_repo'.
INFO: [IP_Flow 19-2313] Loaded Vivado IP repository '/tools/Xilinx/Vivado/2018.2/data/ip'.
WARNING: [IP_Flow 19-3664] IP 'bd_7ad4_xpcs_0' generated file not found '/home/jkchoi/Documents/git/p4-netfpga-live/contrib-projects/sume-sdnet-switch/projects/switch_calc/simple_sume_switch/hw/.Xil/Vivado-3574-jkchoi-KU/coregen/bd_7ad4_xpcs_0_1/elaborate/configure_gt.tcl'. Please regenerate to continue.
WARNING: [IP_Flow 19-3664] IP 'bd_a1aa_xpcs_0' generated file not found '/home/jkchoi/Documents/git/p4-netfpga-live/contrib-projects/sume-sdnet-switch/projects/switch_calc/simple_sume_switch/hw/.Xil/Vivado-3574-jkchoi-KU/coregen/bd_a1aa_xpcs_0_2/elaborate/configure_gt.tcl'. Please regenerate to continue.
open_project: Time (s): cpu = 00:00:41 ; elapsed = 00:00:32 . Memory (MB): peak = 6357.648 ; gain = 294.418 ; free physical = 1625 ; free virtual = 12382
open_bd_design {/home/jkchoi/Documents/git/p4-netfpga-live/contrib-projects/sume-sdnet-switch/projects/switch_calc/simple_sume_switch/hw/project/simple_sume_switch.srcs/sources_1/bd/control_sub/control_sub.bd}
Adding cell -- xilinx.com:ip:axi_iic:2.0 - axi_iic_0
Adding cell -- xilinx.com:ip:axi_uartlite:2.0 - axi_uartlite_0
Adding cell -- xilinx.com:ip:clk_wiz:6.0 - clk_wiz_1
Adding cell -- xilinx.com:ip:mdm:3.2 - mdm_1
Adding cell -- xilinx.com:ip:microblaze:10.0 - microblaze_0
Adding cell -- xilinx.com:ip:axi_intc:4.1 - microblaze_0_axi_intc
Adding cell -- xilinx.com:ip:xlconcat:2.1 - microblaze_0_xlconcat
Adding cell -- xilinx.com:ip:proc_sys_reset:5.0 - rst_clk_wiz_1_100M
Adding cell -- xilinx.com:ip:lmb_bram_if_cntlr:4.0 - dlmb_bram_if_cntlr
Adding cell -- xilinx.com:ip:lmb_v10:3.0 - dlmb_v10
Adding cell -- xilinx.com:ip:lmb_bram_if_cntlr:4.0 - ilmb_bram_if_cntlr
Adding cell -- xilinx.com:ip:lmb_v10:3.0 - ilmb_v10
Adding cell -- xilinx.com:ip:blk_mem_gen:8.4 - lmb_bram
Adding cell -- xilinx.com:ip:axi_crossbar:2.1 - xbar
Adding cell -- xilinx.com:ip:util_vector_logic:2.0 - pcie_reset_inv
Adding cell -- xilinx.com:ip:axis_dwidth_converter:1.1 - axis_dwidth_dma_tx
Adding cell -- xilinx.com:ip:axis_dwidth_converter:1.1 - axis_dwidth_dma_rx
Adding cell -- xilinx.com:ip:axis_data_fifo:1.1 - axis_fifo_10g_rx
Adding cell -- xilinx.com:ip:axis_data_fifo:1.1 - axis_fifo_10g_tx
Adding cell -- NetFPGA:NetFPGA:nf_riffa_dma:1.0 - nf_riffa_dma_1
Adding cell -- xilinx.com:ip:axi_clock_converter:2.1 - axi_clock_converter_0
Adding cell -- xilinx.com:ip:pcie3_7x:4.3 - pcie3_7x_1
Adding cell -- xilinx.com:ip:axi_crossbar:2.1 - xbar
Adding cell -- xilinx.com:ip:axi_data_fifo:2.1 - m08_data_fifo
Adding cell -- xilinx.com:ip:axi_data_fifo:2.1 - m07_data_fifo
Adding cell -- xilinx.com:ip:axi_data_fifo:2.1 - m06_data_fifo
Adding cell -- xilinx.com:ip:axi_data_fifo:2.1 - m05_data_fifo
Adding cell -- xilinx.com:ip:axi_data_fifo:2.1 - m04_data_fifo
Adding cell -- xilinx.com:ip:axi_data_fifo:2.1 - m03_data_fifo
Adding cell -- xilinx.com:ip:axi_data_fifo:2.1 - m02_data_fifo
Adding cell -- xilinx.com:ip:axi_data_fifo:2.1 - m01_data_fifo
Adding cell -- xilinx.com:ip:axi_data_fifo:2.1 - m00_data_fifo
Adding cell -- xilinx.com:ip:axi_data_fifo:2.1 - s00_data_fifo
Adding cell -- xilinx.com:ip:axi_clock_converter:2.1 - auto_cc
Successfully read diagram <control_sub> from BD file </home/jkchoi/Documents/git/p4-netfpga-live/contrib-projects/sume-sdnet-switch/projects/switch_calc/simple_sume_switch/hw/project/simple_sume_switch.srcs/sources_1/bd/control_sub/control_sub.bd>
open_bd_design: Time (s): cpu = 00:00:07 ; elapsed = 00:00:08 . Memory (MB): peak = 7475.188 ; gain = 0.000 ; free physical = 1489 ; free virtual = 12269
open_bd_design {/home/jkchoi/Documents/git/p4-netfpga-live/contrib-projects/sume-sdnet-switch/projects/switch_calc/simple_sume_switch/hw/project/simple_sume_switch.srcs/sources_1/bd/control_sub/control_sub.bd}
open_bd_design {/home/jkchoi/Documents/git/p4-netfpga-live/contrib-projects/sume-sdnet-switch/projects/switch_calc/simple_sume_switch/hw/project/simple_sume_switch.srcs/sources_1/bd/control_sub/control_sub.bd}
WARNING: [IP_Flow 19-3899] Cannot get the environment domain name variable for the component vendor name. Setting the vendor name to 'user.org'.
WARNING: [IP_Flow 19-3899] Cannot get the environment domain name variable for the component vendor name. Setting the vendor name to 'user.org'.
update_ip_catalog
WARNING: [filemgmt 56-199] Attempt to get parsing info during refresh. "On-the-fly" syntax checking information may be incorrect. [/home/jkchoi/Documents/git/p4-netfpga-live/contrib-projects/sume-sdnet-switch/projects/switch_calc/simple_sume_switch/hw/project/simple_sume_switch.srcs/sources_1/ip/nf_sume_sdnet_ip/nf_sume_sdnet_ip/SimpleSumeSwitch/SimpleSumeSwitch.v:]
WARNING: [filemgmt 56-199] Attempt to get parsing info during refresh. "On-the-fly" syntax checking information may be incorrect. [/home/jkchoi/Documents/git/p4-netfpga-live/contrib-projects/sume-sdnet-switch/projects/switch_calc/simple_sume_switch/hw/project/simple_sume_switch.srcs/sources_1/ip/nf_sume_sdnet_ip/synth/nf_sume_sdnet_ip.v:]
WARNING: [filemgmt 56-199] Attempt to get parsing info during refresh. "On-the-fly" syntax checking information may be incorrect. [/home/jkchoi/Documents/git/p4-netfpga-live/contrib-projects/sume-sdnet-switch/projects/switch_calc/simple_sume_switch/hw/project/simple_sume_switch.srcs/sources_1/ip/axi_10g_ethernet_shared/synth/axi_10g_ethernet_shared.v:]
WARNING: [filemgmt 56-199] Attempt to get parsing info during refresh. "On-the-fly" syntax checking information may be incorrect. [/home/jkchoi/Documents/git/p4-netfpga-live/contrib-projects/sume-sdnet-switch/projects/switch_calc/simple_sume_switch/hw/project/simple_sume_switch.srcs/sources_1/ip/nf_sume_sdnet_ip/nf_sume_sdnet_ip/SimpleSumeSwitch/jk_reg_rw_0_t.HDL/jk_cpu_regs.v:]
WARNING: [filemgmt 56-199] Attempt to get parsing info during refresh. "On-the-fly" syntax checking information may be incorrect. [/home/jkchoi/Documents/git/p4-netfpga-live/contrib-projects/sume-sdnet-switch/projects/switch_calc/simple_sume_switch/hw/project/simple_sume_switch.srcs/sources_1/bd/control_sub/synth/control_sub.v:]
WARNING: [filemgmt 56-199] Attempt to get parsing info during refresh. "On-the-fly" syntax checking information may be incorrect. [/home/jkchoi/Documents/git/p4-netfpga-live/contrib-projects/sume-sdnet-switch/projects/switch_calc/simple_sume_switch/hw/project/simple_sume_switch.srcs/sources_1/ip/nf_sume_sdnet_ip/nf_sume_sdnet_ip/SimpleSumeSwitch/S_CONTROLLERs.HDL/S_CONTROLLER_SimpleSumeSwitch.v:]
WARNING: [filemgmt 56-199] Attempt to get parsing info during refresh. "On-the-fly" syntax checking information may be incorrect. [/home/jkchoi/Documents/git/p4-netfpga-live/contrib-projects/sume-sdnet-switch/projects/switch_calc/simple_sume_switch/hw/project/simple_sume_switch.srcs/sources_1/ip/nf_sume_sdnet_ip/nf_sume_sdnet_ip/wrapper/nf_sume_sdnet.v:]
WARNING: [filemgmt 56-199] Attempt to get parsing info during refresh. "On-the-fly" syntax checking information may be incorrect. [/home/jkchoi/Documents/git/p4-netfpga-live/contrib-projects/sume-sdnet-switch/projects/switch_calc/simple_sume_switch/hw/hdl/top.v:]
WARNING: [filemgmt 56-199] Attempt to get parsing info during refresh. "On-the-fly" syntax checking information may be incorrect. [/home/jkchoi/Documents/git/p4-netfpga-live/contrib-projects/sume-sdnet-switch/projects/switch_calc/simple_sume_switch/hw/hdl/nf_datapath.v:]
WARNING: [filemgmt 56-199] Attempt to get parsing info during refresh. "On-the-fly" syntax checking information may be incorrect. [/home/jkchoi/Documents/git/p4-netfpga-live/contrib-projects/sume-sdnet-switch/projects/switch_calc/simple_sume_switch/hw/hdl/axi_clocking.v:]
WARNING: [filemgmt 56-199] Attempt to get parsing info during refresh. "On-the-fly" syntax checking information may be incorrect. [/home/jkchoi/Documents/git/p4-netfpga-live/contrib-projects/sume-sdnet-switch/projects/switch_calc/simple_sume_switch/hw/project/simple_sume_switch.srcs/sources_1/ip/nf_sume_sdnet_ip/nf_sume_sdnet_ip/SimpleSumeSwitch/jk_reg_rw_0_t.HDL/jk_reg_rw_0_t.v:]
WARNING: [IP_Flow 19-3899] Cannot get the environment domain name variable for the component vendor name. Setting the vendor name to 'user.org'.
WARNING: [filemgmt 56-199] Attempt to get parsing info during refresh. "On-the-fly" syntax checking information may be incorrect. [/home/jkchoi/Documents/git/p4-netfpga-live/contrib-projects/sume-sdnet-switch/projects/switch_calc/simple_sume_switch/hw/project/simple_sume_switch.srcs/sources_1/ip/nf_sume_sdnet_ip/nf_sume_sdnet_ip/SimpleSumeSwitch/SimpleSumeSwitch.v:]
WARNING: [filemgmt 56-199] Attempt to get parsing info during refresh. "On-the-fly" syntax checking information may be incorrect. [/home/jkchoi/Documents/git/p4-netfpga-live/contrib-projects/sume-sdnet-switch/projects/switch_calc/simple_sume_switch/hw/project/simple_sume_switch.srcs/sources_1/ip/nf_sume_sdnet_ip/synth/nf_sume_sdnet_ip.v:]
WARNING: [filemgmt 56-199] Attempt to get parsing info during refresh. "On-the-fly" syntax checking information may be incorrect. [/home/jkchoi/Documents/git/p4-netfpga-live/contrib-projects/sume-sdnet-switch/projects/switch_calc/simple_sume_switch/hw/project/simple_sume_switch.srcs/sources_1/ip/axi_10g_ethernet_shared/synth/axi_10g_ethernet_shared.v:]
WARNING: [filemgmt 56-199] Attempt to get parsing info during refresh. "On-the-fly" syntax checking information may be incorrect. [/home/jkchoi/Documents/git/p4-netfpga-live/contrib-projects/sume-sdnet-switch/projects/switch_calc/simple_sume_switch/hw/project/simple_sume_switch.srcs/sources_1/ip/nf_sume_sdnet_ip/nf_sume_sdnet_ip/SimpleSumeSwitch/jk_reg_rw_0_t.HDL/jk_cpu_regs.v:]
WARNING: [filemgmt 56-199] Attempt to get parsing info during refresh. "On-the-fly" syntax checking information may be incorrect. [/home/jkchoi/Documents/git/p4-netfpga-live/contrib-projects/sume-sdnet-switch/projects/switch_calc/simple_sume_switch/hw/project/simple_sume_switch.srcs/sources_1/bd/control_sub/synth/control_sub.v:]
WARNING: [filemgmt 56-199] Attempt to get parsing info during refresh. "On-the-fly" syntax checking information may be incorrect. [/home/jkchoi/Documents/git/p4-netfpga-live/contrib-projects/sume-sdnet-switch/projects/switch_calc/simple_sume_switch/hw/project/simple_sume_switch.srcs/sources_1/ip/nf_sume_sdnet_ip/nf_sume_sdnet_ip/SimpleSumeSwitch/S_CONTROLLERs.HDL/S_CONTROLLER_SimpleSumeSwitch.v:]
WARNING: [filemgmt 56-199] Attempt to get parsing info during refresh. "On-the-fly" syntax checking information may be incorrect. [/home/jkchoi/Documents/git/p4-netfpga-live/contrib-projects/sume-sdnet-switch/projects/switch_calc/simple_sume_switch/hw/project/simple_sume_switch.srcs/sources_1/ip/nf_sume_sdnet_ip/nf_sume_sdnet_ip/wrapper/nf_sume_sdnet.v:]
WARNING: [filemgmt 56-199] Attempt to get parsing info during refresh. "On-the-fly" syntax checking information may be incorrect. [/home/jkchoi/Documents/git/p4-netfpga-live/contrib-projects/sume-sdnet-switch/projects/switch_calc/simple_sume_switch/hw/hdl/top.v:]
WARNING: [filemgmt 56-199] Attempt to get parsing info during refresh. "On-the-fly" syntax checking information may be incorrect. [/home/jkchoi/Documents/git/p4-netfpga-live/contrib-projects/sume-sdnet-switch/projects/switch_calc/simple_sume_switch/hw/hdl/nf_datapath.v:]
WARNING: [filemgmt 56-199] Attempt to get parsing info during refresh. "On-the-fly" syntax checking information may be incorrect. [/home/jkchoi/Documents/git/p4-netfpga-live/contrib-projects/sume-sdnet-switch/projects/switch_calc/simple_sume_switch/hw/hdl/axi_clocking.v:]
WARNING: [filemgmt 56-199] Attempt to get parsing info during refresh. "On-the-fly" syntax checking information may be incorrect. [/home/jkchoi/Documents/git/p4-netfpga-live/contrib-projects/sume-sdnet-switch/projects/switch_calc/simple_sume_switch/hw/project/simple_sume_switch.srcs/sources_1/ip/nf_sume_sdnet_ip/nf_sume_sdnet_ip/SimpleSumeSwitch/jk_reg_rw_0_t.HDL/jk_reg_rw_0_t.v:]
WARNING: [filemgmt 56-199] Attempt to get parsing info during refresh. "On-the-fly" syntax checking information may be incorrect. [/home/jkchoi/Documents/git/p4-netfpga-live/contrib-projects/sume-sdnet-switch/projects/switch_calc/simple_sume_switch/hw/project/simple_sume_switch.srcs/sources_1/ip/nf_sume_sdnet_ip/nf_sume_sdnet_ip/SimpleSumeSwitch/SimpleSumeSwitch.v:]
WARNING: [filemgmt 56-199] Attempt to get parsing info during refresh. "On-the-fly" syntax checking information may be incorrect. [/home/jkchoi/Documents/git/p4-netfpga-live/contrib-projects/sume-sdnet-switch/projects/switch_calc/simple_sume_switch/hw/project/simple_sume_switch.srcs/sources_1/ip/nf_sume_sdnet_ip/synth/nf_sume_sdnet_ip.v:]
WARNING: [filemgmt 56-199] Attempt to get parsing info during refresh. "On-the-fly" syntax checking information may be incorrect. [/home/jkchoi/Documents/git/p4-netfpga-live/contrib-projects/sume-sdnet-switch/projects/switch_calc/simple_sume_switch/hw/project/simple_sume_switch.srcs/sources_1/ip/axi_10g_ethernet_shared/synth/axi_10g_ethernet_shared.v:]
WARNING: [filemgmt 56-199] Attempt to get parsing info during refresh. "On-the-fly" syntax checking information may be incorrect. [/home/jkchoi/Documents/git/p4-netfpga-live/contrib-projects/sume-sdnet-switch/projects/switch_calc/simple_sume_switch/hw/project/simple_sume_switch.srcs/sources_1/ip/nf_sume_sdnet_ip/nf_sume_sdnet_ip/SimpleSumeSwitch/jk_reg_rw_0_t.HDL/jk_cpu_regs.v:]
WARNING: [filemgmt 56-199] Attempt to get parsing info during refresh. "On-the-fly" syntax checking information may be incorrect. [/home/jkchoi/Documents/git/p4-netfpga-live/contrib-projects/sume-sdnet-switch/projects/switch_calc/simple_sume_switch/hw/project/simple_sume_switch.srcs/sources_1/bd/control_sub/synth/control_sub.v:]
WARNING: [filemgmt 56-199] Attempt to get parsing info during refresh. "On-the-fly" syntax checking information may be incorrect. [/home/jkchoi/Documents/git/p4-netfpga-live/contrib-projects/sume-sdnet-switch/projects/switch_calc/simple_sume_switch/hw/project/simple_sume_switch.srcs/sources_1/ip/nf_sume_sdnet_ip/nf_sume_sdnet_ip/SimpleSumeSwitch/S_CONTROLLERs.HDL/S_CONTROLLER_SimpleSumeSwitch.v:]
WARNING: [filemgmt 56-199] Attempt to get parsing info during refresh. "On-the-fly" syntax checking information may be incorrect. [/home/jkchoi/Documents/git/p4-netfpga-live/contrib-projects/sume-sdnet-switch/projects/switch_calc/simple_sume_switch/hw/project/simple_sume_switch.srcs/sources_1/ip/nf_sume_sdnet_ip/nf_sume_sdnet_ip/wrapper/nf_sume_sdnet.v:]
WARNING: [filemgmt 56-199] Attempt to get parsing info during refresh. "On-the-fly" syntax checking information may be incorrect. [/home/jkchoi/Documents/git/p4-netfpga-live/contrib-projects/sume-sdnet-switch/projects/switch_calc/simple_sume_switch/hw/hdl/top.v:]
WARNING: [filemgmt 56-199] Attempt to get parsing info during refresh. "On-the-fly" syntax checking information may be incorrect. [/home/jkchoi/Documents/git/p4-netfpga-live/contrib-projects/sume-sdnet-switch/projects/switch_calc/simple_sume_switch/hw/hdl/nf_datapath.v:]
WARNING: [filemgmt 56-199] Attempt to get parsing info during refresh. "On-the-fly" syntax checking information may be incorrect. [/home/jkchoi/Documents/git/p4-netfpga-live/contrib-projects/sume-sdnet-switch/projects/switch_calc/simple_sume_switch/hw/hdl/axi_clocking.v:]
WARNING: [filemgmt 56-199] Attempt to get parsing info during refresh. "On-the-fly" syntax checking information may be incorrect. [/home/jkchoi/Documents/git/p4-netfpga-live/contrib-projects/sume-sdnet-switch/projects/switch_calc/simple_sume_switch/hw/project/simple_sume_switch.srcs/sources_1/ip/nf_sume_sdnet_ip/nf_sume_sdnet_ip/SimpleSumeSwitch/jk_reg_rw_0_t.HDL/jk_reg_rw_0_t.v:]
WARNING: [filemgmt 56-199] Attempt to get parsing info during refresh. "On-the-fly" syntax checking information may be incorrect. [/home/jkchoi/Documents/git/p4-netfpga-live/contrib-projects/sume-sdnet-switch/projects/switch_calc/simple_sume_switch/hw/project/simple_sume_switch.srcs/sources_1/ip/nf_sume_sdnet_ip/nf_sume_sdnet_ip/SimpleSumeSwitch/SimpleSumeSwitch.v:]
WARNING: [filemgmt 56-199] Attempt to get parsing info during refresh. "On-the-fly" syntax checking information may be incorrect. [/home/jkchoi/Documents/git/p4-netfpga-live/contrib-projects/sume-sdnet-switch/projects/switch_calc/simple_sume_switch/hw/project/simple_sume_switch.srcs/sources_1/ip/nf_sume_sdnet_ip/synth/nf_sume_sdnet_ip.v:]
WARNING: [filemgmt 56-199] Attempt to get parsing info during refresh. "On-the-fly" syntax checking information may be incorrect. [/home/jkchoi/Documents/git/p4-netfpga-live/contrib-projects/sume-sdnet-switch/projects/switch_calc/simple_sume_switch/hw/project/simple_sume_switch.srcs/sources_1/ip/axi_10g_ethernet_shared/synth/axi_10g_ethernet_shared.v:]
WARNING: [filemgmt 56-199] Attempt to get parsing info during refresh. "On-the-fly" syntax checking information may be incorrect. [/home/jkchoi/Documents/git/p4-netfpga-live/contrib-projects/sume-sdnet-switch/projects/switch_calc/simple_sume_switch/hw/project/simple_sume_switch.srcs/sources_1/ip/nf_sume_sdnet_ip/nf_sume_sdnet_ip/SimpleSumeSwitch/jk_reg_rw_0_t.HDL/jk_cpu_regs.v:]
WARNING: [filemgmt 56-199] Attempt to get parsing info during refresh. "On-the-fly" syntax checking information may be incorrect. [/home/jkchoi/Documents/git/p4-netfpga-live/contrib-projects/sume-sdnet-switch/projects/switch_calc/simple_sume_switch/hw/project/simple_sume_switch.srcs/sources_1/bd/control_sub/synth/control_sub.v:]
WARNING: [filemgmt 56-199] Attempt to get parsing info during refresh. "On-the-fly" syntax checking information may be incorrect. [/home/jkchoi/Documents/git/p4-netfpga-live/contrib-projects/sume-sdnet-switch/projects/switch_calc/simple_sume_switch/hw/project/simple_sume_switch.srcs/sources_1/ip/nf_sume_sdnet_ip/nf_sume_sdnet_ip/SimpleSumeSwitch/S_CONTROLLERs.HDL/S_CONTROLLER_SimpleSumeSwitch.v:]
WARNING: [filemgmt 56-199] Attempt to get parsing info during refresh. "On-the-fly" syntax checking information may be incorrect. [/home/jkchoi/Documents/git/p4-netfpga-live/contrib-projects/sume-sdnet-switch/projects/switch_calc/simple_sume_switch/hw/project/simple_sume_switch.srcs/sources_1/ip/nf_sume_sdnet_ip/nf_sume_sdnet_ip/wrapper/nf_sume_sdnet.v:]
WARNING: [filemgmt 56-199] Attempt to get parsing info during refresh. "On-the-fly" syntax checking information may be incorrect. [/home/jkchoi/Documents/git/p4-netfpga-live/contrib-projects/sume-sdnet-switch/projects/switch_calc/simple_sume_switch/hw/hdl/top.v:]
WARNING: [filemgmt 56-199] Attempt to get parsing info during refresh. "On-the-fly" syntax checking information may be incorrect. [/home/jkchoi/Documents/git/p4-netfpga-live/contrib-projects/sume-sdnet-switch/projects/switch_calc/simple_sume_switch/hw/hdl/nf_datapath.v:]
WARNING: [filemgmt 56-199] Attempt to get parsing info during refresh. "On-the-fly" syntax checking information may be incorrect. [/home/jkchoi/Documents/git/p4-netfpga-live/contrib-projects/sume-sdnet-switch/projects/switch_calc/simple_sume_switch/hw/hdl/axi_clocking.v:]
WARNING: [filemgmt 56-199] Attempt to get parsing info during refresh. "On-the-fly" syntax checking information may be incorrect. [/home/jkchoi/Documents/git/p4-netfpga-live/contrib-projects/sume-sdnet-switch/projects/switch_calc/simple_sume_switch/hw/project/simple_sume_switch.srcs/sources_1/ip/nf_sume_sdnet_ip/nf_sume_sdnet_ip/SimpleSumeSwitch/jk_reg_rw_0_t.HDL/jk_reg_rw_0_t.v:]
WARNING: [filemgmt 56-199] Attempt to get parsing info during refresh. "On-the-fly" syntax checking information may be incorrect. [/home/jkchoi/Documents/git/p4-netfpga-live/contrib-projects/sume-sdnet-switch/projects/switch_calc/simple_sume_switch/hw/project/simple_sume_switch.srcs/sources_1/ip/nf_sume_sdnet_ip/nf_sume_sdnet_ip/SimpleSumeSwitch/SimpleSumeSwitch.v:]
WARNING: [filemgmt 56-199] Attempt to get parsing info during refresh. "On-the-fly" syntax checking information may be incorrect. [/home/jkchoi/Documents/git/p4-netfpga-live/contrib-projects/sume-sdnet-switch/projects/switch_calc/simple_sume_switch/hw/project/simple_sume_switch.srcs/sources_1/ip/nf_sume_sdnet_ip/synth/nf_sume_sdnet_ip.v:]
WARNING: [filemgmt 56-199] Attempt to get parsing info during refresh. "On-the-fly" syntax checking information may be incorrect. [/home/jkchoi/Documents/git/p4-netfpga-live/contrib-projects/sume-sdnet-switch/projects/switch_calc/simple_sume_switch/hw/project/simple_sume_switch.srcs/sources_1/ip/axi_10g_ethernet_shared/synth/axi_10g_ethernet_shared.v:]
WARNING: [filemgmt 56-199] Attempt to get parsing info during refresh. "On-the-fly" syntax checking information may be incorrect. [/home/jkchoi/Documents/git/p4-netfpga-live/contrib-projects/sume-sdnet-switch/projects/switch_calc/simple_sume_switch/hw/project/simple_sume_switch.srcs/sources_1/ip/nf_sume_sdnet_ip/nf_sume_sdnet_ip/SimpleSumeSwitch/jk_reg_rw_0_t.HDL/jk_cpu_regs.v:]
WARNING: [filemgmt 56-199] Attempt to get parsing info during refresh. "On-the-fly" syntax checking information may be incorrect. [/home/jkchoi/Documents/git/p4-netfpga-live/contrib-projects/sume-sdnet-switch/projects/switch_calc/simple_sume_switch/hw/project/simple_sume_switch.srcs/sources_1/bd/control_sub/synth/control_sub.v:]
WARNING: [filemgmt 56-199] Attempt to get parsing info during refresh. "On-the-fly" syntax checking information may be incorrect. [/home/jkchoi/Documents/git/p4-netfpga-live/contrib-projects/sume-sdnet-switch/projects/switch_calc/simple_sume_switch/hw/project/simple_sume_switch.srcs/sources_1/ip/nf_sume_sdnet_ip/nf_sume_sdnet_ip/SimpleSumeSwitch/S_CONTROLLERs.HDL/S_CONTROLLER_SimpleSumeSwitch.v:]
WARNING: [filemgmt 56-199] Attempt to get parsing info during refresh. "On-the-fly" syntax checking information may be incorrect. [/home/jkchoi/Documents/git/p4-netfpga-live/contrib-projects/sume-sdnet-switch/projects/switch_calc/simple_sume_switch/hw/project/simple_sume_switch.srcs/sources_1/ip/nf_sume_sdnet_ip/nf_sume_sdnet_ip/wrapper/nf_sume_sdnet.v:]
WARNING: [filemgmt 56-199] Attempt to get parsing info during refresh. "On-the-fly" syntax checking information may be incorrect. [/home/jkchoi/Documents/git/p4-netfpga-live/contrib-projects/sume-sdnet-switch/projects/switch_calc/simple_sume_switch/hw/hdl/top.v:]
WARNING: [filemgmt 56-199] Attempt to get parsing info during refresh. "On-the-fly" syntax checking information may be incorrect. [/home/jkchoi/Documents/git/p4-netfpga-live/contrib-projects/sume-sdnet-switch/projects/switch_calc/simple_sume_switch/hw/hdl/nf_datapath.v:]
WARNING: [filemgmt 56-199] Attempt to get parsing info during refresh. "On-the-fly" syntax checking information may be incorrect. [/home/jkchoi/Documents/git/p4-netfpga-live/contrib-projects/sume-sdnet-switch/projects/switch_calc/simple_sume_switch/hw/hdl/axi_clocking.v:]
WARNING: [filemgmt 56-199] Attempt to get parsing info during refresh. "On-the-fly" syntax checking information may be incorrect. [/home/jkchoi/Documents/git/p4-netfpga-live/contrib-projects/sume-sdnet-switch/projects/switch_calc/simple_sume_switch/hw/project/simple_sume_switch.srcs/sources_1/ip/nf_sume_sdnet_ip/nf_sume_sdnet_ip/SimpleSumeSwitch/jk_reg_rw_0_t.HDL/jk_reg_rw_0_t.v:]
WARNING: [filemgmt 56-199] Attempt to get parsing info during refresh. "On-the-fly" syntax checking information may be incorrect. [/home/jkchoi/Documents/git/p4-netfpga-live/contrib-projects/sume-sdnet-switch/projects/switch_calc/simple_sume_switch/hw/project/simple_sume_switch.srcs/sources_1/ip/nf_sume_sdnet_ip/nf_sume_sdnet_ip/SimpleSumeSwitch/SimpleSumeSwitch.v:]
WARNING: [filemgmt 56-199] Attempt to get parsing info during refresh. "On-the-fly" syntax checking information may be incorrect. [/home/jkchoi/Documents/git/p4-netfpga-live/contrib-projects/sume-sdnet-switch/projects/switch_calc/simple_sume_switch/hw/project/simple_sume_switch.srcs/sources_1/ip/nf_sume_sdnet_ip/synth/nf_sume_sdnet_ip.v:]
WARNING: [filemgmt 56-199] Attempt to get parsing info during refresh. "On-the-fly" syntax checking information may be incorrect. [/home/jkchoi/Documents/git/p4-netfpga-live/contrib-projects/sume-sdnet-switch/projects/switch_calc/simple_sume_switch/hw/project/simple_sume_switch.srcs/sources_1/ip/axi_10g_ethernet_shared/synth/axi_10g_ethernet_shared.v:]
WARNING: [filemgmt 56-199] Attempt to get parsing info during refresh. "On-the-fly" syntax checking information may be incorrect. [/home/jkchoi/Documents/git/p4-netfpga-live/contrib-projects/sume-sdnet-switch/projects/switch_calc/simple_sume_switch/hw/project/simple_sume_switch.srcs/sources_1/ip/nf_sume_sdnet_ip/nf_sume_sdnet_ip/SimpleSumeSwitch/jk_reg_rw_0_t.HDL/jk_cpu_regs.v:]
WARNING: [filemgmt 56-199] Attempt to get parsing info during refresh. "On-the-fly" syntax checking information may be incorrect. [/home/jkchoi/Documents/git/p4-netfpga-live/contrib-projects/sume-sdnet-switch/projects/switch_calc/simple_sume_switch/hw/project/simple_sume_switch.srcs/sources_1/bd/control_sub/synth/control_sub.v:]
WARNING: [filemgmt 56-199] Attempt to get parsing info during refresh. "On-the-fly" syntax checking information may be incorrect. [/home/jkchoi/Documents/git/p4-netfpga-live/contrib-projects/sume-sdnet-switch/projects/switch_calc/simple_sume_switch/hw/project/simple_sume_switch.srcs/sources_1/ip/nf_sume_sdnet_ip/nf_sume_sdnet_ip/SimpleSumeSwitch/S_CONTROLLERs.HDL/S_CONTROLLER_SimpleSumeSwitch.v:]
WARNING: [filemgmt 56-199] Attempt to get parsing info during refresh. "On-the-fly" syntax checking information may be incorrect. [/home/jkchoi/Documents/git/p4-netfpga-live/contrib-projects/sume-sdnet-switch/projects/switch_calc/simple_sume_switch/hw/project/simple_sume_switch.srcs/sources_1/ip/nf_sume_sdnet_ip/nf_sume_sdnet_ip/wrapper/nf_sume_sdnet.v:]
WARNING: [filemgmt 56-199] Attempt to get parsing info during refresh. "On-the-fly" syntax checking information may be incorrect. [/home/jkchoi/Documents/git/p4-netfpga-live/contrib-projects/sume-sdnet-switch/projects/switch_calc/simple_sume_switch/hw/hdl/top.v:]
WARNING: [filemgmt 56-199] Attempt to get parsing info during refresh. "On-the-fly" syntax checking information may be incorrect. [/home/jkchoi/Documents/git/p4-netfpga-live/contrib-projects/sume-sdnet-switch/projects/switch_calc/simple_sume_switch/hw/hdl/nf_datapath.v:]
WARNING: [filemgmt 56-199] Attempt to get parsing info during refresh. "On-the-fly" syntax checking information may be incorrect. [/home/jkchoi/Documents/git/p4-netfpga-live/contrib-projects/sume-sdnet-switch/projects/switch_calc/simple_sume_switch/hw/hdl/axi_clocking.v:]
WARNING: [filemgmt 56-199] Attempt to get parsing info during refresh. "On-the-fly" syntax checking information may be incorrect. [/home/jkchoi/Documents/git/p4-netfpga-live/contrib-projects/sume-sdnet-switch/projects/switch_calc/simple_sume_switch/hw/project/simple_sume_switch.srcs/sources_1/ip/nf_sume_sdnet_ip/nf_sume_sdnet_ip/SimpleSumeSwitch/jk_reg_rw_0_t.HDL/jk_reg_rw_0_t.v:]
WARNING: [filemgmt 56-199] Attempt to get parsing info during refresh. "On-the-fly" syntax checking information may be incorrect. [/home/jkchoi/Documents/git/p4-netfpga-live/contrib-projects/sume-sdnet-switch/projects/switch_calc/simple_sume_switch/hw/project/simple_sume_switch.srcs/sources_1/ip/nf_sume_sdnet_ip/nf_sume_sdnet_ip/SimpleSumeSwitch/SimpleSumeSwitch.v:]
WARNING: [filemgmt 56-199] Attempt to get parsing info during refresh. "On-the-fly" syntax checking information may be incorrect. [/home/jkchoi/Documents/git/p4-netfpga-live/contrib-projects/sume-sdnet-switch/projects/switch_calc/simple_sume_switch/hw/project/simple_sume_switch.srcs/sources_1/ip/nf_sume_sdnet_ip/synth/nf_sume_sdnet_ip.v:]
WARNING: [filemgmt 56-199] Attempt to get parsing info during refresh. "On-the-fly" syntax checking information may be incorrect. [/home/jkchoi/Documents/git/p4-netfpga-live/contrib-projects/sume-sdnet-switch/projects/switch_calc/simple_sume_switch/hw/project/simple_sume_switch.srcs/sources_1/ip/axi_10g_ethernet_shared/synth/axi_10g_ethernet_shared.v:]
WARNING: [filemgmt 56-199] Attempt to get parsing info during refresh. "On-the-fly" syntax checking information may be incorrect. [/home/jkchoi/Documents/git/p4-netfpga-live/contrib-projects/sume-sdnet-switch/projects/switch_calc/simple_sume_switch/hw/project/simple_sume_switch.srcs/sources_1/ip/nf_sume_sdnet_ip/nf_sume_sdnet_ip/SimpleSumeSwitch/jk_reg_rw_0_t.HDL/jk_cpu_regs.v:]
WARNING: [filemgmt 56-199] Attempt to get parsing info during refresh. "On-the-fly" syntax checking information may be incorrect. [/home/jkchoi/Documents/git/p4-netfpga-live/contrib-projects/sume-sdnet-switch/projects/switch_calc/simple_sume_switch/hw/project/simple_sume_switch.srcs/sources_1/bd/control_sub/synth/control_sub.v:]
WARNING: [filemgmt 56-199] Attempt to get parsing info during refresh. "On-the-fly" syntax checking information may be incorrect. [/home/jkchoi/Documents/git/p4-netfpga-live/contrib-projects/sume-sdnet-switch/projects/switch_calc/simple_sume_switch/hw/project/simple_sume_switch.srcs/sources_1/ip/nf_sume_sdnet_ip/nf_sume_sdnet_ip/SimpleSumeSwitch/S_CONTROLLERs.HDL/S_CONTROLLER_SimpleSumeSwitch.v:]
WARNING: [filemgmt 56-199] Attempt to get parsing info during refresh. "On-the-fly" syntax checking information may be incorrect. [/home/jkchoi/Documents/git/p4-netfpga-live/contrib-projects/sume-sdnet-switch/projects/switch_calc/simple_sume_switch/hw/project/simple_sume_switch.srcs/sources_1/ip/nf_sume_sdnet_ip/nf_sume_sdnet_ip/wrapper/nf_sume_sdnet.v:]
WARNING: [filemgmt 56-199] Attempt to get parsing info during refresh. "On-the-fly" syntax checking information may be incorrect. [/home/jkchoi/Documents/git/p4-netfpga-live/contrib-projects/sume-sdnet-switch/projects/switch_calc/simple_sume_switch/hw/hdl/top.v:]
WARNING: [filemgmt 56-199] Attempt to get parsing info during refresh. "On-the-fly" syntax checking information may be incorrect. [/home/jkchoi/Documents/git/p4-netfpga-live/contrib-projects/sume-sdnet-switch/projects/switch_calc/simple_sume_switch/hw/hdl/nf_datapath.v:]
WARNING: [filemgmt 56-199] Attempt to get parsing info during refresh. "On-the-fly" syntax checking information may be incorrect. [/home/jkchoi/Documents/git/p4-netfpga-live/contrib-projects/sume-sdnet-switch/projects/switch_calc/simple_sume_switch/hw/hdl/axi_clocking.v:]
WARNING: [filemgmt 56-199] Attempt to get parsing info during refresh. "On-the-fly" syntax checking information may be incorrect. [/home/jkchoi/Documents/git/p4-netfpga-live/contrib-projects/sume-sdnet-switch/projects/switch_calc/simple_sume_switch/hw/project/simple_sume_switch.srcs/sources_1/ip/nf_sume_sdnet_ip/nf_sume_sdnet_ip/SimpleSumeSwitch/jk_reg_rw_0_t.HDL/jk_reg_rw_0_t.v:]
WARNING: [filemgmt 56-199] Attempt to get parsing info during refresh. "On-the-fly" syntax checking information may be incorrect. [/home/jkchoi/Documents/git/p4-netfpga-live/contrib-projects/sume-sdnet-switch/projects/switch_calc/simple_sume_switch/hw/project/simple_sume_switch.srcs/sources_1/ip/nf_sume_sdnet_ip/nf_sume_sdnet_ip/SimpleSumeSwitch/SimpleSumeSwitch.v:]
WARNING: [filemgmt 56-199] Attempt to get parsing info during refresh. "On-the-fly" syntax checking information may be incorrect. [/home/jkchoi/Documents/git/p4-netfpga-live/contrib-projects/sume-sdnet-switch/projects/switch_calc/simple_sume_switch/hw/project/simple_sume_switch.srcs/sources_1/ip/nf_sume_sdnet_ip/synth/nf_sume_sdnet_ip.v:]
WARNING: [filemgmt 56-199] Attempt to get parsing info during refresh. "On-the-fly" syntax checking information may be incorrect. [/home/jkchoi/Documents/git/p4-netfpga-live/contrib-projects/sume-sdnet-switch/projects/switch_calc/simple_sume_switch/hw/project/simple_sume_switch.srcs/sources_1/ip/axi_10g_ethernet_shared/synth/axi_10g_ethernet_shared.v:]
WARNING: [filemgmt 56-199] Attempt to get parsing info during refresh. "On-the-fly" syntax checking information may be incorrect. [/home/jkchoi/Documents/git/p4-netfpga-live/contrib-projects/sume-sdnet-switch/projects/switch_calc/simple_sume_switch/hw/project/simple_sume_switch.srcs/sources_1/ip/nf_sume_sdnet_ip/nf_sume_sdnet_ip/SimpleSumeSwitch/jk_reg_rw_0_t.HDL/jk_cpu_regs.v:]
WARNING: [filemgmt 56-199] Attempt to get parsing info during refresh. "On-the-fly" syntax checking information may be incorrect. [/home/jkchoi/Documents/git/p4-netfpga-live/contrib-projects/sume-sdnet-switch/projects/switch_calc/simple_sume_switch/hw/project/simple_sume_switch.srcs/sources_1/bd/control_sub/synth/control_sub.v:]
WARNING: [filemgmt 56-199] Attempt to get parsing info during refresh. "On-the-fly" syntax checking information may be incorrect. [/home/jkchoi/Documents/git/p4-netfpga-live/contrib-projects/sume-sdnet-switch/projects/switch_calc/simple_sume_switch/hw/project/simple_sume_switch.srcs/sources_1/ip/nf_sume_sdnet_ip/nf_sume_sdnet_ip/SimpleSumeSwitch/S_CONTROLLERs.HDL/S_CONTROLLER_SimpleSumeSwitch.v:]
WARNING: [filemgmt 56-199] Attempt to get parsing info during refresh. "On-the-fly" syntax checking information may be incorrect. [/home/jkchoi/Documents/git/p4-netfpga-live/contrib-projects/sume-sdnet-switch/projects/switch_calc/simple_sume_switch/hw/project/simple_sume_switch.srcs/sources_1/ip/nf_sume_sdnet_ip/nf_sume_sdnet_ip/wrapper/nf_sume_sdnet.v:]
WARNING: [filemgmt 56-199] Attempt to get parsing info during refresh. "On-the-fly" syntax checking information may be incorrect. [/home/jkchoi/Documents/git/p4-netfpga-live/contrib-projects/sume-sdnet-switch/projects/switch_calc/simple_sume_switch/hw/hdl/top.v:]
WARNING: [filemgmt 56-199] Attempt to get parsing info during refresh. "On-the-fly" syntax checking information may be incorrect. [/home/jkchoi/Documents/git/p4-netfpga-live/contrib-projects/sume-sdnet-switch/projects/switch_calc/simple_sume_switch/hw/hdl/nf_datapath.v:]
WARNING: [filemgmt 56-199] Attempt to get parsing info during refresh. "On-the-fly" syntax checking information may be incorrect. [/home/jkchoi/Documents/git/p4-netfpga-live/contrib-projects/sume-sdnet-switch/projects/switch_calc/simple_sume_switch/hw/hdl/axi_clocking.v:]
WARNING: [filemgmt 56-199] Attempt to get parsing info during refresh. "On-the-fly" syntax checking information may be incorrect. [/home/jkchoi/Documents/git/p4-netfpga-live/contrib-projects/sume-sdnet-switch/projects/switch_calc/simple_sume_switch/hw/project/simple_sume_switch.srcs/sources_1/ip/nf_sume_sdnet_ip/nf_sume_sdnet_ip/SimpleSumeSwitch/jk_reg_rw_0_t.HDL/jk_reg_rw_0_t.v:]
WARNING: [IP_Flow 19-3899] Cannot get the environment domain name variable for the component vendor name. Setting the vendor name to 'user.org'.
update_ip_catalog
WARNING: [IP_Flow 19-3899] Cannot get the environment domain name variable for the component vendor name. Setting the vendor name to 'user.org'.
open_bd_design {/home/jkchoi/Documents/git/p4-netfpga-live/contrib-projects/sume-sdnet-switch/projects/switch_calc/simple_sume_switch/hw/project/simple_sume_switch.srcs/sources_1/bd/control_sub/control_sub.bd}
open_bd_design {/home/jkchoi/Documents/git/p4-netfpga-live/contrib-projects/sume-sdnet-switch/projects/switch_calc/simple_sume_switch/hw/project/simple_sume_switch.srcs/sources_1/bd/control_sub/control_sub.bd}
open_bd_design {/home/jkchoi/Documents/git/p4-netfpga-live/contrib-projects/sume-sdnet-switch/projects/switch_calc/simple_sume_switch/hw/project/simple_sume_switch.srcs/sources_1/bd/control_sub/control_sub.bd}
open_bd_design {/home/jkchoi/Documents/git/p4-netfpga-live/contrib-projects/sume-sdnet-switch/projects/switch_calc/simple_sume_switch/hw/project/simple_sume_switch.srcs/sources_1/bd/control_sub/control_sub.bd}
open_bd_design {/home/jkchoi/Documents/git/p4-netfpga-live/contrib-projects/sume-sdnet-switch/projects/switch_calc/simple_sume_switch/hw/project/simple_sume_switch.srcs/sources_1/bd/control_sub/control_sub.bd}
exit
INFO: [Common 17-206] Exiting Vivado at Thu Nov  7 21:53:51 2019...
