
*** Running vivado
    with args -log control_sub_axis_dwidth_dma_tx_0.vds -m64 -product Vivado -mode batch -messageDb vivado.pb -notrace -source control_sub_axis_dwidth_dma_tx_0.tcl


****** Vivado v2018.2 (64-bit)
  **** SW Build 2258646 on Thu Jun 14 20:02:38 MDT 2018
  **** IP Build 2256618 on Thu Jun 14 22:10:49 MDT 2018
    ** Copyright 1986-2018 Xilinx, Inc. All Rights Reserved.

source control_sub_axis_dwidth_dma_tx_0.tcl -notrace
Command: synth_design -top control_sub_axis_dwidth_dma_tx_0 -part xc7vx690tffg1761-3 -mode out_of_context
Starting synth_design
Attempting to get a license for feature 'Synthesis' and/or device 'xc7vx690t'
INFO: [Common 17-349] Got license for feature 'Synthesis' and/or device 'xc7vx690t'
INFO: [Common 17-86] Your Synthesis license expires in 24 day(s)
INFO: Launching helper process for spawning children vivado processes
INFO: Helper process launched with PID 26792 
---------------------------------------------------------------------------------
Starting RTL Elaboration : Time (s): cpu = 00:00:02 ; elapsed = 00:00:02 . Memory (MB): peak = 1309.047 ; gain = 88.000 ; free physical = 2315 ; free virtual = 13025
---------------------------------------------------------------------------------
INFO: [Synth 8-6157] synthesizing module 'control_sub_axis_dwidth_dma_tx_0' [/home/jkchoi/Documents/git/p4-netfpga-live/contrib-projects/sume-sdnet-switch/projects/switch_calc_pifo/simple_sume_switch/hw/project/simple_sume_switch.srcs/sources_1/bd/control_sub/ip/control_sub_axis_dwidth_dma_tx_0/synth/control_sub_axis_dwidth_dma_tx_0.v:57]
INFO: [Synth 8-6157] synthesizing module 'axis_dwidth_converter_v1_1_16_axis_dwidth_converter' [/home/jkchoi/Documents/git/p4-netfpga-live/contrib-projects/sume-sdnet-switch/projects/switch_calc_pifo/simple_sume_switch/hw/project/simple_sume_switch.srcs/sources_1/bd/control_sub/ipshared/64f6/hdl/axis_dwidth_converter_v1_1_vl_rfs.v:810]
	Parameter C_FAMILY bound to: virtex7 - type: string 
	Parameter C_S_AXIS_TDATA_WIDTH bound to: 128 - type: integer 
	Parameter C_M_AXIS_TDATA_WIDTH bound to: 256 - type: integer 
	Parameter C_AXIS_TID_WIDTH bound to: 1 - type: integer 
	Parameter C_AXIS_TDEST_WIDTH bound to: 1 - type: integer 
	Parameter C_S_AXIS_TUSER_WIDTH bound to: 128 - type: integer 
	Parameter C_M_AXIS_TUSER_WIDTH bound to: 256 - type: integer 
	Parameter C_AXIS_SIGNAL_SET bound to: 32'b00000000000000000000000010011011 
	Parameter G_INDX_SS_TREADY bound to: 0 - type: integer 
	Parameter G_INDX_SS_TDATA bound to: 1 - type: integer 
	Parameter G_INDX_SS_TSTRB bound to: 2 - type: integer 
	Parameter G_INDX_SS_TKEEP bound to: 3 - type: integer 
	Parameter G_INDX_SS_TLAST bound to: 4 - type: integer 
	Parameter G_INDX_SS_TID bound to: 5 - type: integer 
	Parameter G_INDX_SS_TDEST bound to: 6 - type: integer 
	Parameter G_INDX_SS_TUSER bound to: 7 - type: integer 
	Parameter G_MASK_SS_TREADY bound to: 1 - type: integer 
	Parameter G_MASK_SS_TDATA bound to: 2 - type: integer 
	Parameter G_MASK_SS_TSTRB bound to: 4 - type: integer 
	Parameter G_MASK_SS_TKEEP bound to: 8 - type: integer 
	Parameter G_MASK_SS_TLAST bound to: 16 - type: integer 
	Parameter G_MASK_SS_TID bound to: 32 - type: integer 
	Parameter G_MASK_SS_TDEST bound to: 64 - type: integer 
	Parameter G_MASK_SS_TUSER bound to: 128 - type: integer 
	Parameter G_TASK_SEVERITY_ERR bound to: 2 - type: integer 
	Parameter G_TASK_SEVERITY_WARNING bound to: 1 - type: integer 
	Parameter G_TASK_SEVERITY_INFO bound to: 0 - type: integer 
	Parameter P_SS_TKEEP_REQUIRED bound to: 8 - type: integer 
	Parameter P_AXIS_SIGNAL_SET bound to: 32'b00000000000000000000000010011011 
	Parameter P_S_RATIO bound to: 2 - type: integer 
	Parameter P_M_RATIO bound to: 1 - type: integer 
	Parameter P_D2_TDATA_WIDTH bound to: 256 - type: integer 
	Parameter P_D1_TUSER_WIDTH bound to: 128 - type: integer 
	Parameter P_D2_TUSER_WIDTH bound to: 256 - type: integer 
	Parameter P_D3_TUSER_WIDTH bound to: 256 - type: integer 
	Parameter P_D1_REG_CONFIG bound to: 0 - type: integer 
	Parameter P_D3_REG_CONFIG bound to: 0 - type: integer 
INFO: [Synth 8-6157] synthesizing module 'axis_dwidth_converter_v1_1_16_axisc_upsizer' [/home/jkchoi/Documents/git/p4-netfpga-live/contrib-projects/sume-sdnet-switch/projects/switch_calc_pifo/simple_sume_switch/hw/project/simple_sume_switch.srcs/sources_1/bd/control_sub/ipshared/64f6/hdl/axis_dwidth_converter_v1_1_vl_rfs.v:437]
	Parameter C_FAMILY bound to: virtex7 - type: string 
	Parameter C_S_AXIS_TDATA_WIDTH bound to: 128 - type: integer 
	Parameter C_M_AXIS_TDATA_WIDTH bound to: 256 - type: integer 
	Parameter C_AXIS_TID_WIDTH bound to: 1 - type: integer 
	Parameter C_AXIS_TDEST_WIDTH bound to: 1 - type: integer 
	Parameter C_S_AXIS_TUSER_WIDTH bound to: 128 - type: integer 
	Parameter C_M_AXIS_TUSER_WIDTH bound to: 256 - type: integer 
	Parameter C_AXIS_SIGNAL_SET bound to: 32'b00000000000000000000000010011011 
	Parameter C_RATIO bound to: 2 - type: integer 
	Parameter G_INDX_SS_TREADY bound to: 0 - type: integer 
	Parameter G_INDX_SS_TDATA bound to: 1 - type: integer 
	Parameter G_INDX_SS_TSTRB bound to: 2 - type: integer 
	Parameter G_INDX_SS_TKEEP bound to: 3 - type: integer 
	Parameter G_INDX_SS_TLAST bound to: 4 - type: integer 
	Parameter G_INDX_SS_TID bound to: 5 - type: integer 
	Parameter G_INDX_SS_TDEST bound to: 6 - type: integer 
	Parameter G_INDX_SS_TUSER bound to: 7 - type: integer 
	Parameter G_MASK_SS_TREADY bound to: 1 - type: integer 
	Parameter G_MASK_SS_TDATA bound to: 2 - type: integer 
	Parameter G_MASK_SS_TSTRB bound to: 4 - type: integer 
	Parameter G_MASK_SS_TKEEP bound to: 8 - type: integer 
	Parameter G_MASK_SS_TLAST bound to: 16 - type: integer 
	Parameter G_MASK_SS_TID bound to: 32 - type: integer 
	Parameter G_MASK_SS_TDEST bound to: 64 - type: integer 
	Parameter G_MASK_SS_TUSER bound to: 128 - type: integer 
	Parameter G_TASK_SEVERITY_ERR bound to: 2 - type: integer 
	Parameter G_TASK_SEVERITY_WARNING bound to: 1 - type: integer 
	Parameter G_TASK_SEVERITY_INFO bound to: 0 - type: integer 
	Parameter P_READY_EXIST bound to: 1'b1 
	Parameter P_DATA_EXIST bound to: 1'b1 
	Parameter P_STRB_EXIST bound to: 1'b0 
	Parameter P_KEEP_EXIST bound to: 1'b1 
	Parameter P_LAST_EXIST bound to: 1'b1 
	Parameter P_ID_EXIST bound to: 1'b0 
	Parameter P_DEST_EXIST bound to: 1'b0 
	Parameter P_USER_EXIST bound to: 1'b1 
	Parameter P_S_AXIS_TSTRB_WIDTH bound to: 16 - type: integer 
	Parameter P_M_AXIS_TSTRB_WIDTH bound to: 32 - type: integer 
	Parameter SM_RESET bound to: 3'b000 
	Parameter SM_IDLE bound to: 3'b001 
	Parameter SM_ACTIVE bound to: 3'b101 
	Parameter SM_END bound to: 3'b011 
	Parameter SM_END_TO_ACTIVE bound to: 3'b010 
INFO: [Synth 8-5534] Detected attribute (* fsm_encoding = "none" *) [/home/jkchoi/Documents/git/p4-netfpga-live/contrib-projects/sume-sdnet-switch/projects/switch_calc_pifo/simple_sume_switch/hw/project/simple_sume_switch.srcs/sources_1/bd/control_sub/ipshared/64f6/hdl/axis_dwidth_converter_v1_1_vl_rfs.v:525]
INFO: [Synth 8-6155] done synthesizing module 'axis_dwidth_converter_v1_1_16_axisc_upsizer' (1#1) [/home/jkchoi/Documents/git/p4-netfpga-live/contrib-projects/sume-sdnet-switch/projects/switch_calc_pifo/simple_sume_switch/hw/project/simple_sume_switch.srcs/sources_1/bd/control_sub/ipshared/64f6/hdl/axis_dwidth_converter_v1_1_vl_rfs.v:437]
INFO: [Synth 8-6157] synthesizing module 'axis_register_slice_v1_1_17_axis_register_slice' [/home/jkchoi/Documents/git/p4-netfpga-live/contrib-projects/sume-sdnet-switch/projects/switch_calc_pifo/simple_sume_switch/hw/project/simple_sume_switch.srcs/sources_1/bd/control_sub/ipshared/15d7/hdl/axis_register_slice_v1_1_vl_rfs.v:2260]
	Parameter C_FAMILY bound to: virtex7 - type: string 
	Parameter C_AXIS_TDATA_WIDTH bound to: 128 - type: integer 
	Parameter C_AXIS_TID_WIDTH bound to: 1 - type: integer 
	Parameter C_AXIS_TDEST_WIDTH bound to: 1 - type: integer 
	Parameter C_AXIS_TUSER_WIDTH bound to: 128 - type: integer 
	Parameter C_AXIS_SIGNAL_SET bound to: 32'b00000000000000000000000010011011 
	Parameter C_REG_CONFIG bound to: 0 - type: integer 
	Parameter C_NUM_SLR_CROSSINGS bound to: 0 - type: integer 
	Parameter C_PIPELINES_MASTER bound to: 0 - type: integer 
	Parameter C_PIPELINES_SLAVE bound to: 0 - type: integer 
	Parameter C_PIPELINES_MIDDLE bound to: 0 - type: integer 
	Parameter G_INDX_SS_TREADY bound to: 0 - type: integer 
	Parameter G_INDX_SS_TDATA bound to: 1 - type: integer 
	Parameter G_INDX_SS_TSTRB bound to: 2 - type: integer 
	Parameter G_INDX_SS_TKEEP bound to: 3 - type: integer 
	Parameter G_INDX_SS_TLAST bound to: 4 - type: integer 
	Parameter G_INDX_SS_TID bound to: 5 - type: integer 
	Parameter G_INDX_SS_TDEST bound to: 6 - type: integer 
	Parameter G_INDX_SS_TUSER bound to: 7 - type: integer 
	Parameter G_MASK_SS_TREADY bound to: 1 - type: integer 
	Parameter G_MASK_SS_TDATA bound to: 2 - type: integer 
	Parameter G_MASK_SS_TSTRB bound to: 4 - type: integer 
	Parameter G_MASK_SS_TKEEP bound to: 8 - type: integer 
	Parameter G_MASK_SS_TLAST bound to: 16 - type: integer 
	Parameter G_MASK_SS_TID bound to: 32 - type: integer 
	Parameter G_MASK_SS_TDEST bound to: 64 - type: integer 
	Parameter G_MASK_SS_TUSER bound to: 128 - type: integer 
	Parameter G_TASK_SEVERITY_ERR bound to: 2 - type: integer 
	Parameter G_TASK_SEVERITY_WARNING bound to: 1 - type: integer 
	Parameter G_TASK_SEVERITY_INFO bound to: 0 - type: integer 
	Parameter P_TPAYLOAD_WIDTH bound to: 273 - type: integer 
INFO: [Synth 8-6157] synthesizing module 'axis_infrastructure_v1_1_0_util_axis2vector' [/home/jkchoi/Documents/git/p4-netfpga-live/contrib-projects/sume-sdnet-switch/projects/switch_calc_pifo/simple_sume_switch/hw/project/simple_sume_switch.srcs/sources_1/bd/control_sub/ipshared/0ab1/hdl/axis_infrastructure_v1_1_vl_rfs.v:810]
	Parameter C_TDATA_WIDTH bound to: 128 - type: integer 
	Parameter C_TID_WIDTH bound to: 1 - type: integer 
	Parameter C_TDEST_WIDTH bound to: 1 - type: integer 
	Parameter C_TUSER_WIDTH bound to: 128 - type: integer 
	Parameter C_TPAYLOAD_WIDTH bound to: 273 - type: integer 
	Parameter C_SIGNAL_SET bound to: 32'b00000000000000000000000010011011 
	Parameter G_INDX_SS_TREADY bound to: 0 - type: integer 
	Parameter G_INDX_SS_TDATA bound to: 1 - type: integer 
	Parameter G_INDX_SS_TSTRB bound to: 2 - type: integer 
	Parameter G_INDX_SS_TKEEP bound to: 3 - type: integer 
	Parameter G_INDX_SS_TLAST bound to: 4 - type: integer 
	Parameter G_INDX_SS_TID bound to: 5 - type: integer 
	Parameter G_INDX_SS_TDEST bound to: 6 - type: integer 
	Parameter G_INDX_SS_TUSER bound to: 7 - type: integer 
	Parameter G_MASK_SS_TREADY bound to: 1 - type: integer 
	Parameter G_MASK_SS_TDATA bound to: 2 - type: integer 
	Parameter G_MASK_SS_TSTRB bound to: 4 - type: integer 
	Parameter G_MASK_SS_TKEEP bound to: 8 - type: integer 
	Parameter G_MASK_SS_TLAST bound to: 16 - type: integer 
	Parameter G_MASK_SS_TID bound to: 32 - type: integer 
	Parameter G_MASK_SS_TDEST bound to: 64 - type: integer 
	Parameter G_MASK_SS_TUSER bound to: 128 - type: integer 
	Parameter G_TASK_SEVERITY_ERR bound to: 2 - type: integer 
	Parameter G_TASK_SEVERITY_WARNING bound to: 1 - type: integer 
	Parameter G_TASK_SEVERITY_INFO bound to: 0 - type: integer 
	Parameter P_TDATA_INDX bound to: 0 - type: integer 
	Parameter P_TSTRB_INDX bound to: 128 - type: integer 
	Parameter P_TKEEP_INDX bound to: 128 - type: integer 
	Parameter P_TLAST_INDX bound to: 144 - type: integer 
	Parameter P_TID_INDX bound to: 145 - type: integer 
	Parameter P_TDEST_INDX bound to: 145 - type: integer 
	Parameter P_TUSER_INDX bound to: 145 - type: integer 
INFO: [Synth 8-6155] done synthesizing module 'axis_infrastructure_v1_1_0_util_axis2vector' (2#1) [/home/jkchoi/Documents/git/p4-netfpga-live/contrib-projects/sume-sdnet-switch/projects/switch_calc_pifo/simple_sume_switch/hw/project/simple_sume_switch.srcs/sources_1/bd/control_sub/ipshared/0ab1/hdl/axis_infrastructure_v1_1_vl_rfs.v:810]
INFO: [Synth 8-6157] synthesizing module 'axis_register_slice_v1_1_17_axisc_register_slice' [/home/jkchoi/Documents/git/p4-netfpga-live/contrib-projects/sume-sdnet-switch/projects/switch_calc_pifo/simple_sume_switch/hw/project/simple_sume_switch.srcs/sources_1/bd/control_sub/ipshared/15d7/hdl/axis_register_slice_v1_1_vl_rfs.v:1448]
	Parameter C_FAMILY bound to: virtex7 - type: string 
	Parameter C_DATA_WIDTH bound to: 273 - type: integer 
	Parameter C_REG_CONFIG bound to: 0 - type: integer 
	Parameter C_NUM_SLR_CROSSINGS bound to: 0 - type: integer 
	Parameter C_PIPELINES_MASTER bound to: 0 - type: integer 
	Parameter C_PIPELINES_SLAVE bound to: 0 - type: integer 
	Parameter C_PIPELINES_MIDDLE bound to: 0 - type: integer 
INFO: [Synth 8-6155] done synthesizing module 'axis_register_slice_v1_1_17_axisc_register_slice' (3#1) [/home/jkchoi/Documents/git/p4-netfpga-live/contrib-projects/sume-sdnet-switch/projects/switch_calc_pifo/simple_sume_switch/hw/project/simple_sume_switch.srcs/sources_1/bd/control_sub/ipshared/15d7/hdl/axis_register_slice_v1_1_vl_rfs.v:1448]
INFO: [Synth 8-6157] synthesizing module 'axis_infrastructure_v1_1_0_util_vector2axis' [/home/jkchoi/Documents/git/p4-netfpga-live/contrib-projects/sume-sdnet-switch/projects/switch_calc_pifo/simple_sume_switch/hw/project/simple_sume_switch.srcs/sources_1/bd/control_sub/ipshared/0ab1/hdl/axis_infrastructure_v1_1_vl_rfs.v:992]
	Parameter C_TDATA_WIDTH bound to: 128 - type: integer 
	Parameter C_TID_WIDTH bound to: 1 - type: integer 
	Parameter C_TDEST_WIDTH bound to: 1 - type: integer 
	Parameter C_TUSER_WIDTH bound to: 128 - type: integer 
	Parameter C_TPAYLOAD_WIDTH bound to: 273 - type: integer 
	Parameter C_SIGNAL_SET bound to: 32'b00000000000000000000000010011011 
	Parameter G_INDX_SS_TREADY bound to: 0 - type: integer 
	Parameter G_INDX_SS_TDATA bound to: 1 - type: integer 
	Parameter G_INDX_SS_TSTRB bound to: 2 - type: integer 
	Parameter G_INDX_SS_TKEEP bound to: 3 - type: integer 
	Parameter G_INDX_SS_TLAST bound to: 4 - type: integer 
	Parameter G_INDX_SS_TID bound to: 5 - type: integer 
	Parameter G_INDX_SS_TDEST bound to: 6 - type: integer 
	Parameter G_INDX_SS_TUSER bound to: 7 - type: integer 
	Parameter G_MASK_SS_TREADY bound to: 1 - type: integer 
	Parameter G_MASK_SS_TDATA bound to: 2 - type: integer 
	Parameter G_MASK_SS_TSTRB bound to: 4 - type: integer 
	Parameter G_MASK_SS_TKEEP bound to: 8 - type: integer 
	Parameter G_MASK_SS_TLAST bound to: 16 - type: integer 
	Parameter G_MASK_SS_TID bound to: 32 - type: integer 
	Parameter G_MASK_SS_TDEST bound to: 64 - type: integer 
	Parameter G_MASK_SS_TUSER bound to: 128 - type: integer 
	Parameter G_TASK_SEVERITY_ERR bound to: 2 - type: integer 
	Parameter G_TASK_SEVERITY_WARNING bound to: 1 - type: integer 
	Parameter G_TASK_SEVERITY_INFO bound to: 0 - type: integer 
	Parameter P_TDATA_INDX bound to: 0 - type: integer 
	Parameter P_TSTRB_INDX bound to: 128 - type: integer 
	Parameter P_TKEEP_INDX bound to: 128 - type: integer 
	Parameter P_TLAST_INDX bound to: 144 - type: integer 
	Parameter P_TID_INDX bound to: 145 - type: integer 
	Parameter P_TDEST_INDX bound to: 145 - type: integer 
	Parameter P_TUSER_INDX bound to: 145 - type: integer 
INFO: [Synth 8-6155] done synthesizing module 'axis_infrastructure_v1_1_0_util_vector2axis' (4#1) [/home/jkchoi/Documents/git/p4-netfpga-live/contrib-projects/sume-sdnet-switch/projects/switch_calc_pifo/simple_sume_switch/hw/project/simple_sume_switch.srcs/sources_1/bd/control_sub/ipshared/0ab1/hdl/axis_infrastructure_v1_1_vl_rfs.v:992]
INFO: [Synth 8-6155] done synthesizing module 'axis_register_slice_v1_1_17_axis_register_slice' (5#1) [/home/jkchoi/Documents/git/p4-netfpga-live/contrib-projects/sume-sdnet-switch/projects/switch_calc_pifo/simple_sume_switch/hw/project/simple_sume_switch.srcs/sources_1/bd/control_sub/ipshared/15d7/hdl/axis_register_slice_v1_1_vl_rfs.v:2260]
INFO: [Synth 8-6157] synthesizing module 'axis_register_slice_v1_1_17_axis_register_slice__parameterized0' [/home/jkchoi/Documents/git/p4-netfpga-live/contrib-projects/sume-sdnet-switch/projects/switch_calc_pifo/simple_sume_switch/hw/project/simple_sume_switch.srcs/sources_1/bd/control_sub/ipshared/15d7/hdl/axis_register_slice_v1_1_vl_rfs.v:2260]
	Parameter C_FAMILY bound to: virtex7 - type: string 
	Parameter C_AXIS_TDATA_WIDTH bound to: 256 - type: integer 
	Parameter C_AXIS_TID_WIDTH bound to: 1 - type: integer 
	Parameter C_AXIS_TDEST_WIDTH bound to: 1 - type: integer 
	Parameter C_AXIS_TUSER_WIDTH bound to: 256 - type: integer 
	Parameter C_AXIS_SIGNAL_SET bound to: 32'b00000000000000000000000010011011 
	Parameter C_REG_CONFIG bound to: 0 - type: integer 
	Parameter C_NUM_SLR_CROSSINGS bound to: 0 - type: integer 
	Parameter C_PIPELINES_MASTER bound to: 0 - type: integer 
	Parameter C_PIPELINES_SLAVE bound to: 0 - type: integer 
	Parameter C_PIPELINES_MIDDLE bound to: 0 - type: integer 
	Parameter G_INDX_SS_TREADY bound to: 0 - type: integer 
	Parameter G_INDX_SS_TDATA bound to: 1 - type: integer 
	Parameter G_INDX_SS_TSTRB bound to: 2 - type: integer 
	Parameter G_INDX_SS_TKEEP bound to: 3 - type: integer 
	Parameter G_INDX_SS_TLAST bound to: 4 - type: integer 
	Parameter G_INDX_SS_TID bound to: 5 - type: integer 
	Parameter G_INDX_SS_TDEST bound to: 6 - type: integer 
	Parameter G_INDX_SS_TUSER bound to: 7 - type: integer 
	Parameter G_MASK_SS_TREADY bound to: 1 - type: integer 
	Parameter G_MASK_SS_TDATA bound to: 2 - type: integer 
	Parameter G_MASK_SS_TSTRB bound to: 4 - type: integer 
	Parameter G_MASK_SS_TKEEP bound to: 8 - type: integer 
	Parameter G_MASK_SS_TLAST bound to: 16 - type: integer 
	Parameter G_MASK_SS_TID bound to: 32 - type: integer 
	Parameter G_MASK_SS_TDEST bound to: 64 - type: integer 
	Parameter G_MASK_SS_TUSER bound to: 128 - type: integer 
	Parameter G_TASK_SEVERITY_ERR bound to: 2 - type: integer 
	Parameter G_TASK_SEVERITY_WARNING bound to: 1 - type: integer 
	Parameter G_TASK_SEVERITY_INFO bound to: 0 - type: integer 
	Parameter P_TPAYLOAD_WIDTH bound to: 545 - type: integer 
INFO: [Synth 8-6157] synthesizing module 'axis_infrastructure_v1_1_0_util_axis2vector__parameterized0' [/home/jkchoi/Documents/git/p4-netfpga-live/contrib-projects/sume-sdnet-switch/projects/switch_calc_pifo/simple_sume_switch/hw/project/simple_sume_switch.srcs/sources_1/bd/control_sub/ipshared/0ab1/hdl/axis_infrastructure_v1_1_vl_rfs.v:810]
	Parameter C_TDATA_WIDTH bound to: 256 - type: integer 
	Parameter C_TID_WIDTH bound to: 1 - type: integer 
	Parameter C_TDEST_WIDTH bound to: 1 - type: integer 
	Parameter C_TUSER_WIDTH bound to: 256 - type: integer 
	Parameter C_TPAYLOAD_WIDTH bound to: 545 - type: integer 
	Parameter C_SIGNAL_SET bound to: 32'b00000000000000000000000010011011 
	Parameter G_INDX_SS_TREADY bound to: 0 - type: integer 
	Parameter G_INDX_SS_TDATA bound to: 1 - type: integer 
	Parameter G_INDX_SS_TSTRB bound to: 2 - type: integer 
	Parameter G_INDX_SS_TKEEP bound to: 3 - type: integer 
	Parameter G_INDX_SS_TLAST bound to: 4 - type: integer 
	Parameter G_INDX_SS_TID bound to: 5 - type: integer 
	Parameter G_INDX_SS_TDEST bound to: 6 - type: integer 
	Parameter G_INDX_SS_TUSER bound to: 7 - type: integer 
	Parameter G_MASK_SS_TREADY bound to: 1 - type: integer 
	Parameter G_MASK_SS_TDATA bound to: 2 - type: integer 
	Parameter G_MASK_SS_TSTRB bound to: 4 - type: integer 
	Parameter G_MASK_SS_TKEEP bound to: 8 - type: integer 
	Parameter G_MASK_SS_TLAST bound to: 16 - type: integer 
	Parameter G_MASK_SS_TID bound to: 32 - type: integer 
	Parameter G_MASK_SS_TDEST bound to: 64 - type: integer 
	Parameter G_MASK_SS_TUSER bound to: 128 - type: integer 
	Parameter G_TASK_SEVERITY_ERR bound to: 2 - type: integer 
	Parameter G_TASK_SEVERITY_WARNING bound to: 1 - type: integer 
	Parameter G_TASK_SEVERITY_INFO bound to: 0 - type: integer 
	Parameter P_TDATA_INDX bound to: 0 - type: integer 
	Parameter P_TSTRB_INDX bound to: 256 - type: integer 
	Parameter P_TKEEP_INDX bound to: 256 - type: integer 
	Parameter P_TLAST_INDX bound to: 288 - type: integer 
	Parameter P_TID_INDX bound to: 289 - type: integer 
	Parameter P_TDEST_INDX bound to: 289 - type: integer 
	Parameter P_TUSER_INDX bound to: 289 - type: integer 
INFO: [Synth 8-6155] done synthesizing module 'axis_infrastructure_v1_1_0_util_axis2vector__parameterized0' (5#1) [/home/jkchoi/Documents/git/p4-netfpga-live/contrib-projects/sume-sdnet-switch/projects/switch_calc_pifo/simple_sume_switch/hw/project/simple_sume_switch.srcs/sources_1/bd/control_sub/ipshared/0ab1/hdl/axis_infrastructure_v1_1_vl_rfs.v:810]
INFO: [Synth 8-6157] synthesizing module 'axis_register_slice_v1_1_17_axisc_register_slice__parameterized0' [/home/jkchoi/Documents/git/p4-netfpga-live/contrib-projects/sume-sdnet-switch/projects/switch_calc_pifo/simple_sume_switch/hw/project/simple_sume_switch.srcs/sources_1/bd/control_sub/ipshared/15d7/hdl/axis_register_slice_v1_1_vl_rfs.v:1448]
	Parameter C_FAMILY bound to: virtex7 - type: string 
	Parameter C_DATA_WIDTH bound to: 545 - type: integer 
	Parameter C_REG_CONFIG bound to: 0 - type: integer 
	Parameter C_NUM_SLR_CROSSINGS bound to: 0 - type: integer 
	Parameter C_PIPELINES_MASTER bound to: 0 - type: integer 
	Parameter C_PIPELINES_SLAVE bound to: 0 - type: integer 
	Parameter C_PIPELINES_MIDDLE bound to: 0 - type: integer 
INFO: [Synth 8-6155] done synthesizing module 'axis_register_slice_v1_1_17_axisc_register_slice__parameterized0' (5#1) [/home/jkchoi/Documents/git/p4-netfpga-live/contrib-projects/sume-sdnet-switch/projects/switch_calc_pifo/simple_sume_switch/hw/project/simple_sume_switch.srcs/sources_1/bd/control_sub/ipshared/15d7/hdl/axis_register_slice_v1_1_vl_rfs.v:1448]
INFO: [Synth 8-6157] synthesizing module 'axis_infrastructure_v1_1_0_util_vector2axis__parameterized0' [/home/jkchoi/Documents/git/p4-netfpga-live/contrib-projects/sume-sdnet-switch/projects/switch_calc_pifo/simple_sume_switch/hw/project/simple_sume_switch.srcs/sources_1/bd/control_sub/ipshared/0ab1/hdl/axis_infrastructure_v1_1_vl_rfs.v:992]
	Parameter C_TDATA_WIDTH bound to: 256 - type: integer 
	Parameter C_TID_WIDTH bound to: 1 - type: integer 
	Parameter C_TDEST_WIDTH bound to: 1 - type: integer 
	Parameter C_TUSER_WIDTH bound to: 256 - type: integer 
	Parameter C_TPAYLOAD_WIDTH bound to: 545 - type: integer 
	Parameter C_SIGNAL_SET bound to: 32'b00000000000000000000000010011011 
	Parameter G_INDX_SS_TREADY bound to: 0 - type: integer 
	Parameter G_INDX_SS_TDATA bound to: 1 - type: integer 
	Parameter G_INDX_SS_TSTRB bound to: 2 - type: integer 
	Parameter G_INDX_SS_TKEEP bound to: 3 - type: integer 
	Parameter G_INDX_SS_TLAST bound to: 4 - type: integer 
	Parameter G_INDX_SS_TID bound to: 5 - type: integer 
	Parameter G_INDX_SS_TDEST bound to: 6 - type: integer 
	Parameter G_INDX_SS_TUSER bound to: 7 - type: integer 
	Parameter G_MASK_SS_TREADY bound to: 1 - type: integer 
	Parameter G_MASK_SS_TDATA bound to: 2 - type: integer 
	Parameter G_MASK_SS_TSTRB bound to: 4 - type: integer 
	Parameter G_MASK_SS_TKEEP bound to: 8 - type: integer 
	Parameter G_MASK_SS_TLAST bound to: 16 - type: integer 
	Parameter G_MASK_SS_TID bound to: 32 - type: integer 
	Parameter G_MASK_SS_TDEST bound to: 64 - type: integer 
	Parameter G_MASK_SS_TUSER bound to: 128 - type: integer 
	Parameter G_TASK_SEVERITY_ERR bound to: 2 - type: integer 
	Parameter G_TASK_SEVERITY_WARNING bound to: 1 - type: integer 
	Parameter G_TASK_SEVERITY_INFO bound to: 0 - type: integer 
	Parameter P_TDATA_INDX bound to: 0 - type: integer 
	Parameter P_TSTRB_INDX bound to: 256 - type: integer 
	Parameter P_TKEEP_INDX bound to: 256 - type: integer 
	Parameter P_TLAST_INDX bound to: 288 - type: integer 
	Parameter P_TID_INDX bound to: 289 - type: integer 
	Parameter P_TDEST_INDX bound to: 289 - type: integer 
	Parameter P_TUSER_INDX bound to: 289 - type: integer 
INFO: [Synth 8-6155] done synthesizing module 'axis_infrastructure_v1_1_0_util_vector2axis__parameterized0' (5#1) [/home/jkchoi/Documents/git/p4-netfpga-live/contrib-projects/sume-sdnet-switch/projects/switch_calc_pifo/simple_sume_switch/hw/project/simple_sume_switch.srcs/sources_1/bd/control_sub/ipshared/0ab1/hdl/axis_infrastructure_v1_1_vl_rfs.v:992]
INFO: [Synth 8-6155] done synthesizing module 'axis_register_slice_v1_1_17_axis_register_slice__parameterized0' (5#1) [/home/jkchoi/Documents/git/p4-netfpga-live/contrib-projects/sume-sdnet-switch/projects/switch_calc_pifo/simple_sume_switch/hw/project/simple_sume_switch.srcs/sources_1/bd/control_sub/ipshared/15d7/hdl/axis_register_slice_v1_1_vl_rfs.v:2260]
INFO: [Synth 8-6155] done synthesizing module 'axis_dwidth_converter_v1_1_16_axis_dwidth_converter' (6#1) [/home/jkchoi/Documents/git/p4-netfpga-live/contrib-projects/sume-sdnet-switch/projects/switch_calc_pifo/simple_sume_switch/hw/project/simple_sume_switch.srcs/sources_1/bd/control_sub/ipshared/64f6/hdl/axis_dwidth_converter_v1_1_vl_rfs.v:810]
INFO: [Synth 8-6155] done synthesizing module 'control_sub_axis_dwidth_dma_tx_0' (7#1) [/home/jkchoi/Documents/git/p4-netfpga-live/contrib-projects/sume-sdnet-switch/projects/switch_calc_pifo/simple_sume_switch/hw/project/simple_sume_switch.srcs/sources_1/bd/control_sub/ip/control_sub_axis_dwidth_dma_tx_0/synth/control_sub_axis_dwidth_dma_tx_0.v:57]
WARNING: [Synth 8-3331] design axis_register_slice_v1_1_17_axisc_register_slice__parameterized0 has unconnected port ACLK
WARNING: [Synth 8-3331] design axis_register_slice_v1_1_17_axisc_register_slice__parameterized0 has unconnected port ACLK2X
WARNING: [Synth 8-3331] design axis_register_slice_v1_1_17_axisc_register_slice__parameterized0 has unconnected port ARESET
WARNING: [Synth 8-3331] design axis_register_slice_v1_1_17_axisc_register_slice__parameterized0 has unconnected port ACLKEN
WARNING: [Synth 8-3331] design axis_infrastructure_v1_1_0_util_axis2vector__parameterized0 has unconnected port TSTRB[31]
WARNING: [Synth 8-3331] design axis_infrastructure_v1_1_0_util_axis2vector__parameterized0 has unconnected port TSTRB[30]
WARNING: [Synth 8-3331] design axis_infrastructure_v1_1_0_util_axis2vector__parameterized0 has unconnected port TSTRB[29]
WARNING: [Synth 8-3331] design axis_infrastructure_v1_1_0_util_axis2vector__parameterized0 has unconnected port TSTRB[28]
WARNING: [Synth 8-3331] design axis_infrastructure_v1_1_0_util_axis2vector__parameterized0 has unconnected port TSTRB[27]
WARNING: [Synth 8-3331] design axis_infrastructure_v1_1_0_util_axis2vector__parameterized0 has unconnected port TSTRB[26]
WARNING: [Synth 8-3331] design axis_infrastructure_v1_1_0_util_axis2vector__parameterized0 has unconnected port TSTRB[25]
WARNING: [Synth 8-3331] design axis_infrastructure_v1_1_0_util_axis2vector__parameterized0 has unconnected port TSTRB[24]
WARNING: [Synth 8-3331] design axis_infrastructure_v1_1_0_util_axis2vector__parameterized0 has unconnected port TSTRB[23]
WARNING: [Synth 8-3331] design axis_infrastructure_v1_1_0_util_axis2vector__parameterized0 has unconnected port TSTRB[22]
WARNING: [Synth 8-3331] design axis_infrastructure_v1_1_0_util_axis2vector__parameterized0 has unconnected port TSTRB[21]
WARNING: [Synth 8-3331] design axis_infrastructure_v1_1_0_util_axis2vector__parameterized0 has unconnected port TSTRB[20]
WARNING: [Synth 8-3331] design axis_infrastructure_v1_1_0_util_axis2vector__parameterized0 has unconnected port TSTRB[19]
WARNING: [Synth 8-3331] design axis_infrastructure_v1_1_0_util_axis2vector__parameterized0 has unconnected port TSTRB[18]
WARNING: [Synth 8-3331] design axis_infrastructure_v1_1_0_util_axis2vector__parameterized0 has unconnected port TSTRB[17]
WARNING: [Synth 8-3331] design axis_infrastructure_v1_1_0_util_axis2vector__parameterized0 has unconnected port TSTRB[16]
WARNING: [Synth 8-3331] design axis_infrastructure_v1_1_0_util_axis2vector__parameterized0 has unconnected port TSTRB[15]
WARNING: [Synth 8-3331] design axis_infrastructure_v1_1_0_util_axis2vector__parameterized0 has unconnected port TSTRB[14]
WARNING: [Synth 8-3331] design axis_infrastructure_v1_1_0_util_axis2vector__parameterized0 has unconnected port TSTRB[13]
WARNING: [Synth 8-3331] design axis_infrastructure_v1_1_0_util_axis2vector__parameterized0 has unconnected port TSTRB[12]
WARNING: [Synth 8-3331] design axis_infrastructure_v1_1_0_util_axis2vector__parameterized0 has unconnected port TSTRB[11]
WARNING: [Synth 8-3331] design axis_infrastructure_v1_1_0_util_axis2vector__parameterized0 has unconnected port TSTRB[10]
WARNING: [Synth 8-3331] design axis_infrastructure_v1_1_0_util_axis2vector__parameterized0 has unconnected port TSTRB[9]
WARNING: [Synth 8-3331] design axis_infrastructure_v1_1_0_util_axis2vector__parameterized0 has unconnected port TSTRB[8]
WARNING: [Synth 8-3331] design axis_infrastructure_v1_1_0_util_axis2vector__parameterized0 has unconnected port TSTRB[7]
WARNING: [Synth 8-3331] design axis_infrastructure_v1_1_0_util_axis2vector__parameterized0 has unconnected port TSTRB[6]
WARNING: [Synth 8-3331] design axis_infrastructure_v1_1_0_util_axis2vector__parameterized0 has unconnected port TSTRB[5]
WARNING: [Synth 8-3331] design axis_infrastructure_v1_1_0_util_axis2vector__parameterized0 has unconnected port TSTRB[4]
WARNING: [Synth 8-3331] design axis_infrastructure_v1_1_0_util_axis2vector__parameterized0 has unconnected port TSTRB[3]
WARNING: [Synth 8-3331] design axis_infrastructure_v1_1_0_util_axis2vector__parameterized0 has unconnected port TSTRB[2]
WARNING: [Synth 8-3331] design axis_infrastructure_v1_1_0_util_axis2vector__parameterized0 has unconnected port TSTRB[1]
WARNING: [Synth 8-3331] design axis_infrastructure_v1_1_0_util_axis2vector__parameterized0 has unconnected port TSTRB[0]
WARNING: [Synth 8-3331] design axis_infrastructure_v1_1_0_util_axis2vector__parameterized0 has unconnected port TID[0]
WARNING: [Synth 8-3331] design axis_infrastructure_v1_1_0_util_axis2vector__parameterized0 has unconnected port TDEST[0]
WARNING: [Synth 8-3331] design axis_register_slice_v1_1_17_axisc_register_slice has unconnected port ACLK
WARNING: [Synth 8-3331] design axis_register_slice_v1_1_17_axisc_register_slice has unconnected port ACLK2X
WARNING: [Synth 8-3331] design axis_register_slice_v1_1_17_axisc_register_slice has unconnected port ARESET
WARNING: [Synth 8-3331] design axis_register_slice_v1_1_17_axisc_register_slice has unconnected port ACLKEN
WARNING: [Synth 8-3331] design axis_infrastructure_v1_1_0_util_axis2vector has unconnected port TSTRB[15]
WARNING: [Synth 8-3331] design axis_infrastructure_v1_1_0_util_axis2vector has unconnected port TSTRB[14]
WARNING: [Synth 8-3331] design axis_infrastructure_v1_1_0_util_axis2vector has unconnected port TSTRB[13]
WARNING: [Synth 8-3331] design axis_infrastructure_v1_1_0_util_axis2vector has unconnected port TSTRB[12]
WARNING: [Synth 8-3331] design axis_infrastructure_v1_1_0_util_axis2vector has unconnected port TSTRB[11]
WARNING: [Synth 8-3331] design axis_infrastructure_v1_1_0_util_axis2vector has unconnected port TSTRB[10]
WARNING: [Synth 8-3331] design axis_infrastructure_v1_1_0_util_axis2vector has unconnected port TSTRB[9]
WARNING: [Synth 8-3331] design axis_infrastructure_v1_1_0_util_axis2vector has unconnected port TSTRB[8]
WARNING: [Synth 8-3331] design axis_infrastructure_v1_1_0_util_axis2vector has unconnected port TSTRB[7]
WARNING: [Synth 8-3331] design axis_infrastructure_v1_1_0_util_axis2vector has unconnected port TSTRB[6]
WARNING: [Synth 8-3331] design axis_infrastructure_v1_1_0_util_axis2vector has unconnected port TSTRB[5]
WARNING: [Synth 8-3331] design axis_infrastructure_v1_1_0_util_axis2vector has unconnected port TSTRB[4]
WARNING: [Synth 8-3331] design axis_infrastructure_v1_1_0_util_axis2vector has unconnected port TSTRB[3]
WARNING: [Synth 8-3331] design axis_infrastructure_v1_1_0_util_axis2vector has unconnected port TSTRB[2]
WARNING: [Synth 8-3331] design axis_infrastructure_v1_1_0_util_axis2vector has unconnected port TSTRB[1]
WARNING: [Synth 8-3331] design axis_infrastructure_v1_1_0_util_axis2vector has unconnected port TSTRB[0]
WARNING: [Synth 8-3331] design axis_infrastructure_v1_1_0_util_axis2vector has unconnected port TID[0]
WARNING: [Synth 8-3331] design axis_infrastructure_v1_1_0_util_axis2vector has unconnected port TDEST[0]
---------------------------------------------------------------------------------
Finished RTL Elaboration : Time (s): cpu = 00:00:03 ; elapsed = 00:00:03 . Memory (MB): peak = 1353.672 ; gain = 132.625 ; free physical = 2326 ; free virtual = 13036
---------------------------------------------------------------------------------

Report Check Netlist: 
+------+------------------+-------+---------+-------+------------------+
|      |Item              |Errors |Warnings |Status |Description       |
+------+------------------+-------+---------+-------+------------------+
|1     |multi_driven_nets |      0|        0|Passed |Multi driven nets |
+------+------------------+-------+---------+-------+------------------+
---------------------------------------------------------------------------------
Start Handling Custom Attributes
---------------------------------------------------------------------------------
---------------------------------------------------------------------------------
Finished Handling Custom Attributes : Time (s): cpu = 00:00:03 ; elapsed = 00:00:03 . Memory (MB): peak = 1353.672 ; gain = 132.625 ; free physical = 2326 ; free virtual = 13037
---------------------------------------------------------------------------------
---------------------------------------------------------------------------------
Finished RTL Optimization Phase 1 : Time (s): cpu = 00:00:03 ; elapsed = 00:00:03 . Memory (MB): peak = 1353.672 ; gain = 132.625 ; free physical = 2326 ; free virtual = 13037
---------------------------------------------------------------------------------
INFO: [Device 21-403] Loading part xc7vx690tffg1761-3
INFO: [Project 1-570] Preparing netlist for logic optimization

Processing XDC Constraints
Initializing timing engine
Parsing XDC File [/home/jkchoi/Documents/git/p4-netfpga-live/contrib-projects/sume-sdnet-switch/projects/switch_calc_pifo/simple_sume_switch/hw/project/simple_sume_switch.srcs/sources_1/bd/control_sub/ip/control_sub_axis_dwidth_dma_tx_0/control_sub_axis_dwidth_dma_tx_0_ooc.xdc] for cell 'inst'
Finished Parsing XDC File [/home/jkchoi/Documents/git/p4-netfpga-live/contrib-projects/sume-sdnet-switch/projects/switch_calc_pifo/simple_sume_switch/hw/project/simple_sume_switch.srcs/sources_1/bd/control_sub/ip/control_sub_axis_dwidth_dma_tx_0/control_sub_axis_dwidth_dma_tx_0_ooc.xdc] for cell 'inst'
Parsing XDC File [/home/jkchoi/Documents/git/p4-netfpga-live/contrib-projects/sume-sdnet-switch/projects/switch_calc_pifo/simple_sume_switch/hw/project/simple_sume_switch.runs/control_sub_axis_dwidth_dma_tx_0_synth_1/dont_touch.xdc]
Finished Parsing XDC File [/home/jkchoi/Documents/git/p4-netfpga-live/contrib-projects/sume-sdnet-switch/projects/switch_calc_pifo/simple_sume_switch/hw/project/simple_sume_switch.runs/control_sub_axis_dwidth_dma_tx_0_synth_1/dont_touch.xdc]
Completed Processing XDC Constraints

INFO: [Project 1-111] Unisim Transformation Summary:
No Unisim elements were transformed.

Constraint Validation Runtime : Time (s): cpu = 00:00:00.05 ; elapsed = 00:00:00.04 . Memory (MB): peak = 1899.328 ; gain = 0.000 ; free physical = 1888 ; free virtual = 12599
---------------------------------------------------------------------------------
Finished Constraint Validation : Time (s): cpu = 00:00:35 ; elapsed = 00:01:13 . Memory (MB): peak = 1899.328 ; gain = 678.281 ; free physical = 1981 ; free virtual = 12691
---------------------------------------------------------------------------------
---------------------------------------------------------------------------------
Start Loading Part and Timing Information
---------------------------------------------------------------------------------
Loading part: xc7vx690tffg1761-3
---------------------------------------------------------------------------------
Finished Loading Part and Timing Information : Time (s): cpu = 00:00:35 ; elapsed = 00:01:13 . Memory (MB): peak = 1899.328 ; gain = 678.281 ; free physical = 1981 ; free virtual = 12691
---------------------------------------------------------------------------------
---------------------------------------------------------------------------------
Start Applying 'set_property' XDC Constraints
---------------------------------------------------------------------------------
Applied set_property DONT_TOUCH = true for inst. (constraint file  /home/jkchoi/Documents/git/p4-netfpga-live/contrib-projects/sume-sdnet-switch/projects/switch_calc_pifo/simple_sume_switch/hw/project/simple_sume_switch.runs/control_sub_axis_dwidth_dma_tx_0_synth_1/dont_touch.xdc, line 9).
---------------------------------------------------------------------------------
Finished applying 'set_property' XDC Constraints : Time (s): cpu = 00:00:35 ; elapsed = 00:01:13 . Memory (MB): peak = 1899.328 ; gain = 678.281 ; free physical = 1983 ; free virtual = 12693
---------------------------------------------------------------------------------
INFO: [Synth 8-4490] FSM extraction disabled for register 'state_reg' through user attribute
INFO: [Synth 8-5544] ROM "r0_reg_sel0" won't be mapped to Block RAM because address size (3) smaller than threshold (5)
---------------------------------------------------------------------------------
Finished RTL Optimization Phase 2 : Time (s): cpu = 00:00:35 ; elapsed = 00:01:13 . Memory (MB): peak = 1899.328 ; gain = 678.281 ; free physical = 1974 ; free virtual = 12685
---------------------------------------------------------------------------------

Report RTL Partitions: 
+-+--------------+------------+----------+
| |RTL Partition |Replication |Instances |
+-+--------------+------------+----------+
+-+--------------+------------+----------+
---------------------------------------------------------------------------------
Start RTL Component Statistics 
---------------------------------------------------------------------------------
Detailed RTL Component Info : 
+---Registers : 
	              128 Bit    Registers := 6     
	               16 Bit    Registers := 6     
	                3 Bit    Registers := 1     
	                2 Bit    Registers := 1     
	                1 Bit    Registers := 9     
+---Muxes : 
	   3 Input      3 Bit        Muxes := 2     
	   2 Input      3 Bit        Muxes := 3     
	   2 Input      2 Bit        Muxes := 5     
	   2 Input      1 Bit        Muxes := 3     
---------------------------------------------------------------------------------
Finished RTL Component Statistics 
---------------------------------------------------------------------------------
---------------------------------------------------------------------------------
Start RTL Hierarchical Component Statistics 
---------------------------------------------------------------------------------
Hierarchical RTL Component report 
Module axis_dwidth_converter_v1_1_16_axisc_upsizer 
Detailed RTL Component Info : 
+---Registers : 
	              128 Bit    Registers := 6     
	               16 Bit    Registers := 6     
	                3 Bit    Registers := 1     
	                2 Bit    Registers := 1     
	                1 Bit    Registers := 6     
+---Muxes : 
	   3 Input      3 Bit        Muxes := 2     
	   2 Input      3 Bit        Muxes := 3     
	   2 Input      2 Bit        Muxes := 5     
	   2 Input      1 Bit        Muxes := 3     
Module axis_register_slice_v1_1_17_axis_register_slice 
Detailed RTL Component Info : 
+---Registers : 
	                1 Bit    Registers := 1     
Module axis_register_slice_v1_1_17_axis_register_slice__parameterized0 
Detailed RTL Component Info : 
+---Registers : 
	                1 Bit    Registers := 1     
Module axis_dwidth_converter_v1_1_16_axis_dwidth_converter 
Detailed RTL Component Info : 
+---Registers : 
	                1 Bit    Registers := 1     
---------------------------------------------------------------------------------
Finished RTL Hierarchical Component Statistics
---------------------------------------------------------------------------------
---------------------------------------------------------------------------------
Start Part Resource Summary
---------------------------------------------------------------------------------
Part Resources:
DSPs: 3600 (col length:200)
BRAMs: 2940 (col length: RAMB18 200 RAMB36 100)
---------------------------------------------------------------------------------
Finished Part Resource Summary
---------------------------------------------------------------------------------
---------------------------------------------------------------------------------
Start Cross Boundary and Area Optimization
---------------------------------------------------------------------------------
Warning: Parallel synthesis criteria is not met 
INFO: [Synth 8-4471] merging register 'gen_upsizer_conversion.axisc_upsizer_0/r0_dest_reg[0:0]' into 'gen_upsizer_conversion.axisc_upsizer_0/r0_id_reg[0:0]' [/home/jkchoi/Documents/git/p4-netfpga-live/contrib-projects/sume-sdnet-switch/projects/switch_calc_pifo/simple_sume_switch/hw/project/simple_sume_switch.srcs/sources_1/bd/control_sub/ipshared/64f6/hdl/axis_dwidth_converter_v1_1_vl_rfs.v:707]
WARNING: [Synth 8-6014] Unused sequential element gen_upsizer_conversion.axisc_upsizer_0/r0_strb_reg was removed.  [/home/jkchoi/Documents/git/p4-netfpga-live/contrib-projects/sume-sdnet-switch/projects/switch_calc_pifo/simple_sume_switch/hw/project/simple_sume_switch.srcs/sources_1/bd/control_sub/ipshared/64f6/hdl/axis_dwidth_converter_v1_1_vl_rfs.v:703]
WARNING: [Synth 8-6014] Unused sequential element gen_upsizer_conversion.axisc_upsizer_0/r0_id_reg was removed.  [/home/jkchoi/Documents/git/p4-netfpga-live/contrib-projects/sume-sdnet-switch/projects/switch_calc_pifo/simple_sume_switch/hw/project/simple_sume_switch.srcs/sources_1/bd/control_sub/ipshared/64f6/hdl/axis_dwidth_converter_v1_1_vl_rfs.v:706]
WARNING: [Synth 8-6014] Unused sequential element gen_upsizer_conversion.axisc_upsizer_0/acc_id_reg was removed.  [/home/jkchoi/Documents/git/p4-netfpga-live/contrib-projects/sume-sdnet-switch/projects/switch_calc_pifo/simple_sume_switch/hw/project/simple_sume_switch.srcs/sources_1/bd/control_sub/ipshared/64f6/hdl/axis_dwidth_converter_v1_1_vl_rfs.v:724]
WARNING: [Synth 8-6014] Unused sequential element gen_upsizer_conversion.axisc_upsizer_0/r0_dest_reg was removed.  [/home/jkchoi/Documents/git/p4-netfpga-live/contrib-projects/sume-sdnet-switch/projects/switch_calc_pifo/simple_sume_switch/hw/project/simple_sume_switch.srcs/sources_1/bd/control_sub/ipshared/64f6/hdl/axis_dwidth_converter_v1_1_vl_rfs.v:707]
WARNING: [Synth 8-6014] Unused sequential element gen_upsizer_conversion.axisc_upsizer_0/acc_dest_reg was removed.  [/home/jkchoi/Documents/git/p4-netfpga-live/contrib-projects/sume-sdnet-switch/projects/switch_calc_pifo/simple_sume_switch/hw/project/simple_sume_switch.srcs/sources_1/bd/control_sub/ipshared/64f6/hdl/axis_dwidth_converter_v1_1_vl_rfs.v:725]
WARNING: [Synth 8-6014] Unused sequential element axis_register_slice_0/areset_r_reg was removed.  [/home/jkchoi/Documents/git/p4-netfpga-live/contrib-projects/sume-sdnet-switch/projects/switch_calc_pifo/simple_sume_switch/hw/project/simple_sume_switch.srcs/sources_1/bd/control_sub/ipshared/15d7/hdl/axis_register_slice_v1_1_vl_rfs.v:2352]
WARNING: [Synth 8-6014] Unused sequential element axis_register_slice_1/areset_r_reg was removed.  [/home/jkchoi/Documents/git/p4-netfpga-live/contrib-projects/sume-sdnet-switch/projects/switch_calc_pifo/simple_sume_switch/hw/project/simple_sume_switch.srcs/sources_1/bd/control_sub/ipshared/15d7/hdl/axis_register_slice_v1_1_vl_rfs.v:2352]
WARNING: [Synth 8-3331] design axis_dwidth_converter_v1_1_16_axis_dwidth_converter has unconnected port s_axis_tstrb[15]
WARNING: [Synth 8-3331] design axis_dwidth_converter_v1_1_16_axis_dwidth_converter has unconnected port s_axis_tstrb[14]
WARNING: [Synth 8-3331] design axis_dwidth_converter_v1_1_16_axis_dwidth_converter has unconnected port s_axis_tstrb[13]
WARNING: [Synth 8-3331] design axis_dwidth_converter_v1_1_16_axis_dwidth_converter has unconnected port s_axis_tstrb[12]
WARNING: [Synth 8-3331] design axis_dwidth_converter_v1_1_16_axis_dwidth_converter has unconnected port s_axis_tstrb[11]
WARNING: [Synth 8-3331] design axis_dwidth_converter_v1_1_16_axis_dwidth_converter has unconnected port s_axis_tstrb[10]
WARNING: [Synth 8-3331] design axis_dwidth_converter_v1_1_16_axis_dwidth_converter has unconnected port s_axis_tstrb[9]
WARNING: [Synth 8-3331] design axis_dwidth_converter_v1_1_16_axis_dwidth_converter has unconnected port s_axis_tstrb[8]
WARNING: [Synth 8-3331] design axis_dwidth_converter_v1_1_16_axis_dwidth_converter has unconnected port s_axis_tstrb[7]
WARNING: [Synth 8-3331] design axis_dwidth_converter_v1_1_16_axis_dwidth_converter has unconnected port s_axis_tstrb[6]
WARNING: [Synth 8-3331] design axis_dwidth_converter_v1_1_16_axis_dwidth_converter has unconnected port s_axis_tstrb[5]
WARNING: [Synth 8-3331] design axis_dwidth_converter_v1_1_16_axis_dwidth_converter has unconnected port s_axis_tstrb[4]
WARNING: [Synth 8-3331] design axis_dwidth_converter_v1_1_16_axis_dwidth_converter has unconnected port s_axis_tstrb[3]
WARNING: [Synth 8-3331] design axis_dwidth_converter_v1_1_16_axis_dwidth_converter has unconnected port s_axis_tstrb[2]
WARNING: [Synth 8-3331] design axis_dwidth_converter_v1_1_16_axis_dwidth_converter has unconnected port s_axis_tstrb[1]
WARNING: [Synth 8-3331] design axis_dwidth_converter_v1_1_16_axis_dwidth_converter has unconnected port s_axis_tstrb[0]
WARNING: [Synth 8-3331] design axis_dwidth_converter_v1_1_16_axis_dwidth_converter has unconnected port s_axis_tid[0]
WARNING: [Synth 8-3331] design axis_dwidth_converter_v1_1_16_axis_dwidth_converter has unconnected port s_axis_tdest[0]
---------------------------------------------------------------------------------
Finished Cross Boundary and Area Optimization : Time (s): cpu = 00:00:35 ; elapsed = 00:01:13 . Memory (MB): peak = 1899.328 ; gain = 678.281 ; free physical = 1962 ; free virtual = 12675
---------------------------------------------------------------------------------

Report RTL Partitions: 
+-+--------------+------------+----------+
| |RTL Partition |Replication |Instances |
+-+--------------+------------+----------+
+-+--------------+------------+----------+
---------------------------------------------------------------------------------
Start Applying XDC Timing Constraints
---------------------------------------------------------------------------------
---------------------------------------------------------------------------------
Finished Applying XDC Timing Constraints : Time (s): cpu = 00:00:41 ; elapsed = 00:01:20 . Memory (MB): peak = 1899.328 ; gain = 678.281 ; free physical = 1839 ; free virtual = 12552
---------------------------------------------------------------------------------
---------------------------------------------------------------------------------
Start Timing Optimization
---------------------------------------------------------------------------------
---------------------------------------------------------------------------------
Finished Timing Optimization : Time (s): cpu = 00:00:41 ; elapsed = 00:01:20 . Memory (MB): peak = 1899.328 ; gain = 678.281 ; free physical = 1837 ; free virtual = 12550
---------------------------------------------------------------------------------

Report RTL Partitions: 
+-+--------------+------------+----------+
| |RTL Partition |Replication |Instances |
+-+--------------+------------+----------+
+-+--------------+------------+----------+
---------------------------------------------------------------------------------
Start Technology Mapping
---------------------------------------------------------------------------------
---------------------------------------------------------------------------------
Finished Technology Mapping : Time (s): cpu = 00:00:41 ; elapsed = 00:01:21 . Memory (MB): peak = 1899.328 ; gain = 678.281 ; free physical = 1838 ; free virtual = 12551
---------------------------------------------------------------------------------

Report RTL Partitions: 
+-+--------------+------------+----------+
| |RTL Partition |Replication |Instances |
+-+--------------+------------+----------+
+-+--------------+------------+----------+
---------------------------------------------------------------------------------
Start IO Insertion
---------------------------------------------------------------------------------
---------------------------------------------------------------------------------
Start Flattening Before IO Insertion
---------------------------------------------------------------------------------
---------------------------------------------------------------------------------
Finished Flattening Before IO Insertion
---------------------------------------------------------------------------------
---------------------------------------------------------------------------------
Start Final Netlist Cleanup
---------------------------------------------------------------------------------
---------------------------------------------------------------------------------
Finished Final Netlist Cleanup
---------------------------------------------------------------------------------
---------------------------------------------------------------------------------
Finished IO Insertion : Time (s): cpu = 00:00:42 ; elapsed = 00:01:21 . Memory (MB): peak = 1899.328 ; gain = 678.281 ; free physical = 1837 ; free virtual = 12550
---------------------------------------------------------------------------------

Report Check Netlist: 
+------+------------------+-------+---------+-------+------------------+
|      |Item              |Errors |Warnings |Status |Description       |
+------+------------------+-------+---------+-------+------------------+
|1     |multi_driven_nets |      0|        0|Passed |Multi driven nets |
+------+------------------+-------+---------+-------+------------------+
---------------------------------------------------------------------------------
Start Renaming Generated Instances
---------------------------------------------------------------------------------
---------------------------------------------------------------------------------
Finished Renaming Generated Instances : Time (s): cpu = 00:00:42 ; elapsed = 00:01:21 . Memory (MB): peak = 1899.328 ; gain = 678.281 ; free physical = 1837 ; free virtual = 12550
---------------------------------------------------------------------------------

Report RTL Partitions: 
+-+--------------+------------+----------+
| |RTL Partition |Replication |Instances |
+-+--------------+------------+----------+
+-+--------------+------------+----------+
---------------------------------------------------------------------------------
Start Rebuilding User Hierarchy
---------------------------------------------------------------------------------
---------------------------------------------------------------------------------
Finished Rebuilding User Hierarchy : Time (s): cpu = 00:00:42 ; elapsed = 00:01:21 . Memory (MB): peak = 1899.328 ; gain = 678.281 ; free physical = 1837 ; free virtual = 12550
---------------------------------------------------------------------------------
---------------------------------------------------------------------------------
Start Renaming Generated Ports
---------------------------------------------------------------------------------
---------------------------------------------------------------------------------
Finished Renaming Generated Ports : Time (s): cpu = 00:00:42 ; elapsed = 00:01:21 . Memory (MB): peak = 1899.328 ; gain = 678.281 ; free physical = 1837 ; free virtual = 12550
---------------------------------------------------------------------------------
---------------------------------------------------------------------------------
Start Handling Custom Attributes
---------------------------------------------------------------------------------
---------------------------------------------------------------------------------
Finished Handling Custom Attributes : Time (s): cpu = 00:00:42 ; elapsed = 00:01:21 . Memory (MB): peak = 1899.328 ; gain = 678.281 ; free physical = 1837 ; free virtual = 12550
---------------------------------------------------------------------------------
---------------------------------------------------------------------------------
Start Renaming Generated Nets
---------------------------------------------------------------------------------
---------------------------------------------------------------------------------
Finished Renaming Generated Nets : Time (s): cpu = 00:00:42 ; elapsed = 00:01:21 . Memory (MB): peak = 1899.328 ; gain = 678.281 ; free physical = 1837 ; free virtual = 12550
---------------------------------------------------------------------------------
---------------------------------------------------------------------------------
Start Writing Synthesis Report
---------------------------------------------------------------------------------

Report BlackBoxes: 
+-+--------------+----------+
| |BlackBox name |Instances |
+-+--------------+----------+
+-+--------------+----------+

Report Cell Usage: 
+------+-----+------+
|      |Cell |Count |
+------+-----+------+
|1     |LUT1 |     1|
|2     |LUT2 |     1|
|3     |LUT3 |     1|
|4     |LUT4 |     5|
|5     |LUT5 |     3|
|6     |LUT6 |     7|
|7     |FDRE |   824|
+------+-----+------+

Report Instance Areas: 
+------+---------------------------------------------+----------------------------------------------------+------+
|      |Instance                                     |Module                                              |Cells |
+------+---------------------------------------------+----------------------------------------------------+------+
|1     |top                                          |                                                    |   842|
|2     |  inst                                       |axis_dwidth_converter_v1_1_16_axis_dwidth_converter |   842|
|3     |    \gen_upsizer_conversion.axisc_upsizer_0  |axis_dwidth_converter_v1_1_16_axisc_upsizer         |   840|
+------+---------------------------------------------+----------------------------------------------------+------+
---------------------------------------------------------------------------------
Finished Writing Synthesis Report : Time (s): cpu = 00:00:42 ; elapsed = 00:01:21 . Memory (MB): peak = 1899.328 ; gain = 678.281 ; free physical = 1837 ; free virtual = 12550
---------------------------------------------------------------------------------
Synthesis finished with 0 errors, 0 critical warnings and 25 warnings.
Synthesis Optimization Runtime : Time (s): cpu = 00:00:11 ; elapsed = 00:00:14 . Memory (MB): peak = 1899.328 ; gain = 132.625 ; free physical = 1891 ; free virtual = 12604
Synthesis Optimization Complete : Time (s): cpu = 00:00:42 ; elapsed = 00:01:21 . Memory (MB): peak = 1899.328 ; gain = 678.281 ; free physical = 1891 ; free virtual = 12604
INFO: [Project 1-571] Translating synthesized netlist
INFO: [Project 1-570] Preparing netlist for logic optimization
INFO: [Opt 31-138] Pushed 0 inverter(s) to 0 load pin(s).
INFO: [Project 1-111] Unisim Transformation Summary:
No Unisim elements were transformed.

INFO: [Common 17-83] Releasing license: Synthesis
36 Infos, 85 Warnings, 0 Critical Warnings and 0 Errors encountered.
synth_design completed successfully
synth_design: Time (s): cpu = 00:00:44 ; elapsed = 00:01:23 . Memory (MB): peak = 1899.328 ; gain = 703.883 ; free physical = 1871 ; free virtual = 12584
WARNING: [Constraints 18-5210] No constraint will be written out.
INFO: [Common 17-1381] The checkpoint '/home/jkchoi/Documents/git/p4-netfpga-live/contrib-projects/sume-sdnet-switch/projects/switch_calc_pifo/simple_sume_switch/hw/project/simple_sume_switch.runs/control_sub_axis_dwidth_dma_tx_0_synth_1/control_sub_axis_dwidth_dma_tx_0.dcp' has been generated.
INFO: [Coretcl 2-1482] Added synthesis output to IP cache for IP /home/jkchoi/Documents/git/p4-netfpga-live/contrib-projects/sume-sdnet-switch/projects/switch_calc_pifo/simple_sume_switch/hw/project/simple_sume_switch.srcs/sources_1/bd/control_sub/ip/control_sub_axis_dwidth_dma_tx_0/control_sub_axis_dwidth_dma_tx_0.xci
INFO: [Coretcl 2-1174] Renamed 2 cell refs.
WARNING: [Constraints 18-5210] No constraint will be written out.
INFO: [Common 17-1381] The checkpoint '/home/jkchoi/Documents/git/p4-netfpga-live/contrib-projects/sume-sdnet-switch/projects/switch_calc_pifo/simple_sume_switch/hw/project/simple_sume_switch.runs/control_sub_axis_dwidth_dma_tx_0_synth_1/control_sub_axis_dwidth_dma_tx_0.dcp' has been generated.
INFO: [runtcl-4] Executing : report_utilization -file control_sub_axis_dwidth_dma_tx_0_utilization_synth.rpt -pb control_sub_axis_dwidth_dma_tx_0_utilization_synth.pb
report_utilization: Time (s): cpu = 00:00:00.79 ; elapsed = 00:00:00.81 . Memory (MB): peak = 1899.328 ; gain = 0.000 ; free physical = 1870 ; free virtual = 12583
INFO: [Common 17-206] Exiting Vivado at Wed Dec  4 21:01:03 2019...
